[0.069s] DEBUG:colcon:Command line arguments: ['/usr/bin/colcon', 'build']
[0.069s] DEBUG:colcon:Parsed command line arguments: Namespace(log_base=None, log_level=None, verb_name='build', build_base='build', install_base='install', merge_install=False, symlink_install=False, test_result_base=None, continue_on_error=False, executor='parallel', parallel_workers=12, event_handlers=None, ignore_user_meta=False, metas=['./colcon.meta'], base_paths=['.'], packages_ignore=None, packages_ignore_regex=None, paths=None, packages_up_to=None, packages_up_to_regex=None, packages_above=None, packages_above_and_dependencies=None, packages_above_depth=None, packages_select_by_dep=None, packages_skip_by_dep=None, packages_skip_up_to=None, packages_select_build_failed=False, packages_skip_build_finished=False, packages_select_test_failures=False, packages_skip_test_passed=False, packages_select=None, packages_skip=None, packages_select_regex=None, packages_skip_regex=None, packages_start=None, packages_end=None, allow_overriding=[], cmake_args=None, cmake_target=None, cmake_target_skip_unavailable=False, cmake_clean_cache=False, cmake_clean_first=False, cmake_force_configure=False, ament_cmake_args=None, catkin_cmake_args=None, catkin_skip_building_tests=False, verb_parser=<colcon_defaults.argument_parser.defaults.DefaultArgumentsDecorator object at 0x70b319f46260>, verb_extension=<colcon_core.verb.build.BuildVerb object at 0x70b319f458d0>, main=<bound method BuildVerb.main of <colcon_core.verb.build.BuildVerb object at 0x70b319f458d0>>)
[0.183s] Level 1:colcon.colcon_core.package_discovery:discover_packages(colcon_meta) check parameters
[0.183s] Level 1:colcon.colcon_core.package_discovery:discover_packages(recursive) check parameters
[0.183s] Level 1:colcon.colcon_core.package_discovery:discover_packages(ignore) check parameters
[0.183s] Level 1:colcon.colcon_core.package_discovery:discover_packages(path) check parameters
[0.183s] Level 1:colcon.colcon_core.package_discovery:discover_packages(colcon_meta) discover
[0.183s] Level 1:colcon.colcon_core.package_discovery:discover_packages(recursive) discover
[0.183s] INFO:colcon.colcon_core.package_discovery:Crawling recursively for packages in '/home/manish/microros_ws/src'
[0.183s] Level 1:colcon.colcon_core.package_identification:_identify(.) by extensions ['ignore', 'ignore_ament_install']
[0.183s] Level 1:colcon.colcon_core.package_identification:_identify(.) by extension 'ignore'
[0.183s] Level 1:colcon.colcon_core.package_identification:_identify(.) by extension 'ignore_ament_install'
[0.183s] Level 1:colcon.colcon_core.package_identification:_identify(.) by extensions ['colcon_pkg']
[0.183s] Level 1:colcon.colcon_core.package_identification:_identify(.) by extension 'colcon_pkg'
[0.183s] Level 1:colcon.colcon_core.package_identification:_identify(.) by extensions ['colcon_meta']
[0.183s] Level 1:colcon.colcon_core.package_identification:_identify(.) by extension 'colcon_meta'
[0.183s] Level 1:colcon.colcon_core.package_identification:_identify(.) by extensions ['ros']
[0.183s] Level 1:colcon.colcon_core.package_identification:_identify(.) by extension 'ros'
[0.191s] Level 1:colcon.colcon_core.package_identification:_identify(.) by extensions ['cmake', 'python']
[0.191s] Level 1:colcon.colcon_core.package_identification:_identify(.) by extension 'cmake'
[0.191s] Level 1:colcon.colcon_core.package_identification:_identify(.) by extension 'python'
[0.191s] Level 1:colcon.colcon_core.package_identification:_identify(.) by extensions ['python_setup_py']
[0.191s] Level 1:colcon.colcon_core.package_identification:_identify(.) by extension 'python_setup_py'
[0.191s] Level 1:colcon.colcon_core.package_identification:_identify(build) by extensions ['ignore', 'ignore_ament_install']
[0.191s] Level 1:colcon.colcon_core.package_identification:_identify(build) by extension 'ignore'
[0.191s] Level 1:colcon.colcon_core.package_identification:_identify(build) ignored
[0.191s] Level 1:colcon.colcon_core.package_identification:_identify(install) by extensions ['ignore', 'ignore_ament_install']
[0.191s] Level 1:colcon.colcon_core.package_identification:_identify(install) by extension 'ignore'
[0.191s] Level 1:colcon.colcon_core.package_identification:_identify(install) ignored
[0.191s] Level 1:colcon.colcon_core.package_identification:_identify(log) by extensions ['ignore', 'ignore_ament_install']
[0.191s] Level 1:colcon.colcon_core.package_identification:_identify(log) by extension 'ignore'
[0.191s] Level 1:colcon.colcon_core.package_identification:_identify(log) ignored
[0.191s] Level 1:colcon.colcon_core.package_identification:_identify(micro_ros_setup) by extensions ['ignore', 'ignore_ament_install']
[0.192s] Level 1:colcon.colcon_core.package_identification:_identify(micro_ros_setup) by extension 'ignore'
[0.192s] Level 1:colcon.colcon_core.package_identification:_identify(micro_ros_setup) by extension 'ignore_ament_install'
[0.192s] Level 1:colcon.colcon_core.package_identification:_identify(micro_ros_setup) by extensions ['colcon_pkg']
[0.192s] Level 1:colcon.colcon_core.package_identification:_identify(micro_ros_setup) by extension 'colcon_pkg'
[0.192s] Level 1:colcon.colcon_core.package_identification:_identify(micro_ros_setup) by extensions ['colcon_meta']
[0.192s] Level 1:colcon.colcon_core.package_identification:_identify(micro_ros_setup) by extension 'colcon_meta'
[0.192s] Level 1:colcon.colcon_core.package_identification:_identify(micro_ros_setup) by extensions ['ros']
[0.192s] Level 1:colcon.colcon_core.package_identification:_identify(micro_ros_setup) by extension 'ros'
[0.193s] DEBUG:colcon.colcon_core.package_identification:Package 'micro_ros_setup' with type 'ros.ament_cmake' and name 'micro_ros_setup'
[0.193s] Level 1:colcon.colcon_core.package_identification:_identify(uros) by extensions ['ignore', 'ignore_ament_install']
[0.194s] Level 1:colcon.colcon_core.package_identification:_identify(uros) by extension 'ignore'
[0.194s] Level 1:colcon.colcon_core.package_identification:_identify(uros) by extension 'ignore_ament_install'
[0.194s] Level 1:colcon.colcon_core.package_identification:_identify(uros) by extensions ['colcon_pkg']
[0.194s] Level 1:colcon.colcon_core.package_identification:_identify(uros) by extension 'colcon_pkg'
[0.194s] Level 1:colcon.colcon_core.package_identification:_identify(uros) by extensions ['colcon_meta']
[0.194s] Level 1:colcon.colcon_core.package_identification:_identify(uros) by extension 'colcon_meta'
[0.194s] Level 1:colcon.colcon_core.package_identification:_identify(uros) by extensions ['ros']
[0.194s] Level 1:colcon.colcon_core.package_identification:_identify(uros) by extension 'ros'
[0.194s] Level 1:colcon.colcon_core.package_identification:_identify(uros) by extensions ['cmake', 'python']
[0.194s] Level 1:colcon.colcon_core.package_identification:_identify(uros) by extension 'cmake'
[0.194s] Level 1:colcon.colcon_core.package_identification:_identify(uros) by extension 'python'
[0.194s] Level 1:colcon.colcon_core.package_identification:_identify(uros) by extensions ['python_setup_py']
[0.194s] Level 1:colcon.colcon_core.package_identification:_identify(uros) by extension 'python_setup_py'
[0.194s] Level 1:colcon.colcon_core.package_identification:_identify(uros/micro-ROS-Agent) by extensions ['ignore', 'ignore_ament_install']
[0.194s] Level 1:colcon.colcon_core.package_identification:_identify(uros/micro-ROS-Agent) by extension 'ignore'
[0.194s] Level 1:colcon.colcon_core.package_identification:_identify(uros/micro-ROS-Agent) by extension 'ignore_ament_install'
[0.194s] Level 1:colcon.colcon_core.package_identification:_identify(uros/micro-ROS-Agent) by extensions ['colcon_pkg']
[0.194s] Level 1:colcon.colcon_core.package_identification:_identify(uros/micro-ROS-Agent) by extension 'colcon_pkg'
[0.194s] Level 1:colcon.colcon_core.package_identification:_identify(uros/micro-ROS-Agent) by extensions ['colcon_meta']
[0.194s] Level 1:colcon.colcon_core.package_identification:_identify(uros/micro-ROS-Agent) by extension 'colcon_meta'
[0.194s] Level 1:colcon.colcon_core.package_identification:_identify(uros/micro-ROS-Agent) by extensions ['ros']
[0.194s] Level 1:colcon.colcon_core.package_identification:_identify(uros/micro-ROS-Agent) by extension 'ros'
[0.194s] Level 1:colcon.colcon_core.package_identification:_identify(uros/micro-ROS-Agent) by extensions ['cmake', 'python']
[0.194s] Level 1:colcon.colcon_core.package_identification:_identify(uros/micro-ROS-Agent) by extension 'cmake'
[0.194s] Level 1:colcon.colcon_core.package_identification:_identify(uros/micro-ROS-Agent) by extension 'python'
[0.194s] Level 1:colcon.colcon_core.package_identification:_identify(uros/micro-ROS-Agent) by extensions ['python_setup_py']
[0.194s] Level 1:colcon.colcon_core.package_identification:_identify(uros/micro-ROS-Agent) by extension 'python_setup_py'
[0.194s] Level 1:colcon.colcon_core.package_identification:_identify(uros/micro-ROS-Agent/micro_ros_agent) by extensions ['ignore', 'ignore_ament_install']
[0.194s] Level 1:colcon.colcon_core.package_identification:_identify(uros/micro-ROS-Agent/micro_ros_agent) by extension 'ignore'
[0.194s] Level 1:colcon.colcon_core.package_identification:_identify(uros/micro-ROS-Agent/micro_ros_agent) by extension 'ignore_ament_install'
[0.194s] Level 1:colcon.colcon_core.package_identification:_identify(uros/micro-ROS-Agent/micro_ros_agent) by extensions ['colcon_pkg']
[0.194s] Level 1:colcon.colcon_core.package_identification:_identify(uros/micro-ROS-Agent/micro_ros_agent) by extension 'colcon_pkg'
[0.194s] Level 1:colcon.colcon_core.package_identification:_identify(uros/micro-ROS-Agent/micro_ros_agent) by extensions ['colcon_meta']
[0.194s] Level 1:colcon.colcon_core.package_identification:_identify(uros/micro-ROS-Agent/micro_ros_agent) by extension 'colcon_meta'
[0.195s] Level 1:colcon.colcon_core.package_identification:_identify(uros/micro-ROS-Agent/micro_ros_agent) by extensions ['ros']
[0.195s] Level 1:colcon.colcon_core.package_identification:_identify(uros/micro-ROS-Agent/micro_ros_agent) by extension 'ros'
[0.195s] DEBUG:colcon.colcon_core.package_identification:Package 'uros/micro-ROS-Agent/micro_ros_agent' with type 'ros.ament_cmake' and name 'micro_ros_agent'
[0.195s] Level 1:colcon.colcon_core.package_identification:_identify(uros/micro-ROS-Agent/snap) by extensions ['ignore', 'ignore_ament_install']
[0.195s] Level 1:colcon.colcon_core.package_identification:_identify(uros/micro-ROS-Agent/snap) by extension 'ignore'
[0.195s] Level 1:colcon.colcon_core.package_identification:_identify(uros/micro-ROS-Agent/snap) by extension 'ignore_ament_install'
[0.195s] Level 1:colcon.colcon_core.package_identification:_identify(uros/micro-ROS-Agent/snap) by extensions ['colcon_pkg']
[0.195s] Level 1:colcon.colcon_core.package_identification:_identify(uros/micro-ROS-Agent/snap) by extension 'colcon_pkg'
[0.195s] Level 1:colcon.colcon_core.package_identification:_identify(uros/micro-ROS-Agent/snap) by extensions ['colcon_meta']
[0.195s] Level 1:colcon.colcon_core.package_identification:_identify(uros/micro-ROS-Agent/snap) by extension 'colcon_meta'
[0.195s] Level 1:colcon.colcon_core.package_identification:_identify(uros/micro-ROS-Agent/snap) by extensions ['ros']
[0.195s] Level 1:colcon.colcon_core.package_identification:_identify(uros/micro-ROS-Agent/snap) by extension 'ros'
[0.195s] Level 1:colcon.colcon_core.package_identification:_identify(uros/micro-ROS-Agent/snap) by extensions ['cmake', 'python']
[0.196s] Level 1:colcon.colcon_core.package_identification:_identify(uros/micro-ROS-Agent/snap) by extension 'cmake'
[0.196s] Level 1:colcon.colcon_core.package_identification:_identify(uros/micro-ROS-Agent/snap) by extension 'python'
[0.196s] Level 1:colcon.colcon_core.package_identification:_identify(uros/micro-ROS-Agent/snap) by extensions ['python_setup_py']
[0.196s] Level 1:colcon.colcon_core.package_identification:_identify(uros/micro-ROS-Agent/snap) by extension 'python_setup_py'
[0.196s] Level 1:colcon.colcon_core.package_identification:_identify(uros/micro-ROS-Agent/snap/hooks) by extensions ['ignore', 'ignore_ament_install']
[0.196s] Level 1:colcon.colcon_core.package_identification:_identify(uros/micro-ROS-Agent/snap/hooks) by extension 'ignore'
[0.196s] Level 1:colcon.colcon_core.package_identification:_identify(uros/micro-ROS-Agent/snap/hooks) by extension 'ignore_ament_install'
[0.196s] Level 1:colcon.colcon_core.package_identification:_identify(uros/micro-ROS-Agent/snap/hooks) by extensions ['colcon_pkg']
[0.196s] Level 1:colcon.colcon_core.package_identification:_identify(uros/micro-ROS-Agent/snap/hooks) by extension 'colcon_pkg'
[0.196s] Level 1:colcon.colcon_core.package_identification:_identify(uros/micro-ROS-Agent/snap/hooks) by extensions ['colcon_meta']
[0.196s] Level 1:colcon.colcon_core.package_identification:_identify(uros/micro-ROS-Agent/snap/hooks) by extension 'colcon_meta'
[0.196s] Level 1:colcon.colcon_core.package_identification:_identify(uros/micro-ROS-Agent/snap/hooks) by extensions ['ros']
[0.196s] Level 1:colcon.colcon_core.package_identification:_identify(uros/micro-ROS-Agent/snap/hooks) by extension 'ros'
[0.196s] Level 1:colcon.colcon_core.package_identification:_identify(uros/micro-ROS-Agent/snap/hooks) by extensions ['cmake', 'python']
[0.196s] Level 1:colcon.colcon_core.package_identification:_identify(uros/micro-ROS-Agent/snap/hooks) by extension 'cmake'
[0.196s] Level 1:colcon.colcon_core.package_identification:_identify(uros/micro-ROS-Agent/snap/hooks) by extension 'python'
[0.196s] Level 1:colcon.colcon_core.package_identification:_identify(uros/micro-ROS-Agent/snap/hooks) by extensions ['python_setup_py']
[0.196s] Level 1:colcon.colcon_core.package_identification:_identify(uros/micro-ROS-Agent/snap/hooks) by extension 'python_setup_py'
[0.196s] Level 1:colcon.colcon_core.package_identification:_identify(uros/micro-ROS-Agent/snap/local) by extensions ['ignore', 'ignore_ament_install']
[0.196s] Level 1:colcon.colcon_core.package_identification:_identify(uros/micro-ROS-Agent/snap/local) by extension 'ignore'
[0.196s] Level 1:colcon.colcon_core.package_identification:_identify(uros/micro-ROS-Agent/snap/local) by extension 'ignore_ament_install'
[0.196s] Level 1:colcon.colcon_core.package_identification:_identify(uros/micro-ROS-Agent/snap/local) by extensions ['colcon_pkg']
[0.196s] Level 1:colcon.colcon_core.package_identification:_identify(uros/micro-ROS-Agent/snap/local) by extension 'colcon_pkg'
[0.196s] Level 1:colcon.colcon_core.package_identification:_identify(uros/micro-ROS-Agent/snap/local) by extensions ['colcon_meta']
[0.196s] Level 1:colcon.colcon_core.package_identification:_identify(uros/micro-ROS-Agent/snap/local) by extension 'colcon_meta'
[0.196s] Level 1:colcon.colcon_core.package_identification:_identify(uros/micro-ROS-Agent/snap/local) by extensions ['ros']
[0.196s] Level 1:colcon.colcon_core.package_identification:_identify(uros/micro-ROS-Agent/snap/local) by extension 'ros'
[0.196s] Level 1:colcon.colcon_core.package_identification:_identify(uros/micro-ROS-Agent/snap/local) by extensions ['cmake', 'python']
[0.196s] Level 1:colcon.colcon_core.package_identification:_identify(uros/micro-ROS-Agent/snap/local) by extension 'cmake'
[0.196s] Level 1:colcon.colcon_core.package_identification:_identify(uros/micro-ROS-Agent/snap/local) by extension 'python'
[0.196s] Level 1:colcon.colcon_core.package_identification:_identify(uros/micro-ROS-Agent/snap/local) by extensions ['python_setup_py']
[0.196s] Level 1:colcon.colcon_core.package_identification:_identify(uros/micro-ROS-Agent/snap/local) by extension 'python_setup_py'
[0.196s] Level 1:colcon.colcon_core.package_identification:_identify(uros/micro_ros_msgs) by extensions ['ignore', 'ignore_ament_install']
[0.196s] Level 1:colcon.colcon_core.package_identification:_identify(uros/micro_ros_msgs) by extension 'ignore'
[0.196s] Level 1:colcon.colcon_core.package_identification:_identify(uros/micro_ros_msgs) by extension 'ignore_ament_install'
[0.197s] Level 1:colcon.colcon_core.package_identification:_identify(uros/micro_ros_msgs) by extensions ['colcon_pkg']
[0.197s] Level 1:colcon.colcon_core.package_identification:_identify(uros/micro_ros_msgs) by extension 'colcon_pkg'
[0.197s] Level 1:colcon.colcon_core.package_identification:_identify(uros/micro_ros_msgs) by extensions ['colcon_meta']
[0.197s] Level 1:colcon.colcon_core.package_identification:_identify(uros/micro_ros_msgs) by extension 'colcon_meta'
[0.197s] Level 1:colcon.colcon_core.package_identification:_identify(uros/micro_ros_msgs) by extensions ['ros']
[0.197s] Level 1:colcon.colcon_core.package_identification:_identify(uros/micro_ros_msgs) by extension 'ros'
[0.197s] DEBUG:colcon.colcon_core.package_identification:Package 'uros/micro_ros_msgs' with type 'ros.ament_cmake' and name 'micro_ros_msgs'
[0.197s] Level 1:colcon.colcon_core.package_discovery:discover_packages(recursive) using defaults
[0.197s] Level 1:colcon.colcon_core.package_discovery:discover_packages(ignore) discover
[0.197s] Level 1:colcon.colcon_core.package_discovery:discover_packages(ignore) using defaults
[0.197s] Level 1:colcon.colcon_core.package_discovery:discover_packages(path) discover
[0.197s] Level 1:colcon.colcon_core.package_discovery:discover_packages(path) using defaults
[0.210s] Level 1:colcon.colcon_core.package_discovery:discover_packages(prefix_path) check parameters
[0.210s] Level 1:colcon.colcon_core.package_discovery:discover_packages(prefix_path) discover
[0.211s] DEBUG:colcon.colcon_installed_package_information.package_discovery:Found 1 installed packages in /home/manish/microros_ws/install
[0.212s] DEBUG:colcon.colcon_installed_package_information.package_discovery:Found 181 installed packages in /opt/ros/humble
[0.213s] Level 1:colcon.colcon_core.package_discovery:discover_packages(prefix_path) using defaults
[0.234s] Level 5:colcon.colcon_core.verb:set package 'micro_ros_msgs' build argument 'cmake_args' from command line to 'None'
[0.234s] Level 5:colcon.colcon_core.verb:set package 'micro_ros_msgs' build argument 'cmake_target' from command line to 'None'
[0.234s] Level 5:colcon.colcon_core.verb:set package 'micro_ros_msgs' build argument 'cmake_target_skip_unavailable' from command line to 'False'
[0.234s] Level 5:colcon.colcon_core.verb:set package 'micro_ros_msgs' build argument 'cmake_clean_cache' from command line to 'False'
[0.234s] Level 5:colcon.colcon_core.verb:set package 'micro_ros_msgs' build argument 'cmake_clean_first' from command line to 'False'
[0.234s] Level 5:colcon.colcon_core.verb:set package 'micro_ros_msgs' build argument 'cmake_force_configure' from command line to 'False'
[0.234s] Level 5:colcon.colcon_core.verb:set package 'micro_ros_msgs' build argument 'ament_cmake_args' from command line to 'None'
[0.234s] Level 5:colcon.colcon_core.verb:set package 'micro_ros_msgs' build argument 'catkin_cmake_args' from command line to 'None'
[0.234s] Level 5:colcon.colcon_core.verb:set package 'micro_ros_msgs' build argument 'catkin_skip_building_tests' from command line to 'False'
[0.234s] DEBUG:colcon.colcon_core.verb:Building package 'micro_ros_msgs' with the following arguments: {'ament_cmake_args': None, 'build_base': '/home/manish/microros_ws/src/build/micro_ros_msgs', 'catkin_cmake_args': None, 'catkin_skip_building_tests': False, 'cmake_args': None, 'cmake_clean_cache': False, 'cmake_clean_first': False, 'cmake_force_configure': False, 'cmake_target': None, 'cmake_target_skip_unavailable': False, 'install_base': '/home/manish/microros_ws/src/install/micro_ros_msgs', 'merge_install': False, 'path': '/home/manish/microros_ws/src/uros/micro_ros_msgs', 'symlink_install': False, 'test_result_base': None}
[0.235s] Level 5:colcon.colcon_core.verb:set package 'micro_ros_setup' build argument 'cmake_args' from command line to 'None'
[0.235s] Level 5:colcon.colcon_core.verb:set package 'micro_ros_setup' build argument 'cmake_target' from command line to 'None'
[0.235s] Level 5:colcon.colcon_core.verb:set package 'micro_ros_setup' build argument 'cmake_target_skip_unavailable' from command line to 'False'
[0.235s] Level 5:colcon.colcon_core.verb:set package 'micro_ros_setup' build argument 'cmake_clean_cache' from command line to 'False'
[0.235s] Level 5:colcon.colcon_core.verb:set package 'micro_ros_setup' build argument 'cmake_clean_first' from command line to 'False'
[0.235s] Level 5:colcon.colcon_core.verb:set package 'micro_ros_setup' build argument 'cmake_force_configure' from command line to 'False'
[0.235s] Level 5:colcon.colcon_core.verb:set package 'micro_ros_setup' build argument 'ament_cmake_args' from command line to 'None'
[0.235s] Level 5:colcon.colcon_core.verb:set package 'micro_ros_setup' build argument 'catkin_cmake_args' from command line to 'None'
[0.235s] Level 5:colcon.colcon_core.verb:set package 'micro_ros_setup' build argument 'catkin_skip_building_tests' from command line to 'False'
[0.235s] DEBUG:colcon.colcon_core.verb:Building package 'micro_ros_setup' with the following arguments: {'ament_cmake_args': None, 'build_base': '/home/manish/microros_ws/src/build/micro_ros_setup', 'catkin_cmake_args': None, 'catkin_skip_building_tests': False, 'cmake_args': None, 'cmake_clean_cache': False, 'cmake_clean_first': False, 'cmake_force_configure': False, 'cmake_target': None, 'cmake_target_skip_unavailable': False, 'install_base': '/home/manish/microros_ws/src/install/micro_ros_setup', 'merge_install': False, 'path': '/home/manish/microros_ws/src/micro_ros_setup', 'symlink_install': False, 'test_result_base': None}
[0.235s] Level 5:colcon.colcon_core.verb:set package 'micro_ros_agent' build argument 'cmake_args' from command line to 'None'
[0.235s] Level 5:colcon.colcon_core.verb:set package 'micro_ros_agent' build argument 'cmake_target' from command line to 'None'
[0.235s] Level 5:colcon.colcon_core.verb:set package 'micro_ros_agent' build argument 'cmake_target_skip_unavailable' from command line to 'False'
[0.235s] Level 5:colcon.colcon_core.verb:set package 'micro_ros_agent' build argument 'cmake_clean_cache' from command line to 'False'
[0.235s] Level 5:colcon.colcon_core.verb:set package 'micro_ros_agent' build argument 'cmake_clean_first' from command line to 'False'
[0.235s] Level 5:colcon.colcon_core.verb:set package 'micro_ros_agent' build argument 'cmake_force_configure' from command line to 'False'
[0.235s] Level 5:colcon.colcon_core.verb:set package 'micro_ros_agent' build argument 'ament_cmake_args' from command line to 'None'
[0.235s] Level 5:colcon.colcon_core.verb:set package 'micro_ros_agent' build argument 'catkin_cmake_args' from command line to 'None'
[0.235s] Level 5:colcon.colcon_core.verb:set package 'micro_ros_agent' build argument 'catkin_skip_building_tests' from command line to 'False'
[0.235s] DEBUG:colcon.colcon_core.verb:Building package 'micro_ros_agent' with the following arguments: {'ament_cmake_args': None, 'build_base': '/home/manish/microros_ws/src/build/micro_ros_agent', 'catkin_cmake_args': None, 'catkin_skip_building_tests': False, 'cmake_args': None, 'cmake_clean_cache': False, 'cmake_clean_first': False, 'cmake_force_configure': False, 'cmake_target': None, 'cmake_target_skip_unavailable': False, 'install_base': '/home/manish/microros_ws/src/install/micro_ros_agent', 'merge_install': False, 'path': '/home/manish/microros_ws/src/uros/micro-ROS-Agent/micro_ros_agent', 'symlink_install': False, 'test_result_base': None}
[0.235s] INFO:colcon.colcon_core.executor:Executing jobs using 'parallel' executor
[0.236s] DEBUG:colcon.colcon_parallel_executor.executor.parallel:run_until_complete
[0.236s] INFO:colcon.colcon_ros.task.ament_cmake.build:Building ROS package in '/home/manish/microros_ws/src/uros/micro_ros_msgs' with build type 'ament_cmake'
[0.236s] INFO:colcon.colcon_cmake.task.cmake.build:Building CMake package in '/home/manish/microros_ws/src/uros/micro_ros_msgs'
[0.238s] INFO:colcon.colcon_core.plugin_system:Skipping extension 'colcon_core.shell.bat': Not used on non-Windows systems
[0.238s] INFO:colcon.colcon_core.shell:Skip shell extension 'powershell' for command environment: Not usable outside of PowerShell
[0.238s] DEBUG:colcon.colcon_core.shell:Skip shell extension 'dsv' for command environment
[0.240s] INFO:colcon.colcon_ros.task.ament_cmake.build:Building ROS package in '/home/manish/microros_ws/src/micro_ros_setup' with build type 'ament_cmake'
[0.240s] INFO:colcon.colcon_cmake.task.cmake.build:Building CMake package in '/home/manish/microros_ws/src/micro_ros_setup'
[0.241s] INFO:colcon.colcon_core.shell:Skip shell extension 'powershell' for command environment: Not usable outside of PowerShell
[0.241s] DEBUG:colcon.colcon_core.shell:Skip shell extension 'dsv' for command environment
[0.245s] DEBUG:colcon.colcon_core.event_handler.log_command:Invoking command in '/home/manish/microros_ws/src/build/micro_ros_msgs': CMAKE_PREFIX_PATH=${CMAKE_PREFIX_PATH}:/opt/ros/humble /usr/bin/cmake /home/manish/microros_ws/src/uros/micro_ros_msgs -DCMAKE_INSTALL_PREFIX=/home/manish/microros_ws/src/install/micro_ros_msgs
[0.249s] DEBUG:colcon.colcon_core.event_handler.log_command:Invoking command in '/home/manish/microros_ws/src/build/micro_ros_setup': CMAKE_PREFIX_PATH=${CMAKE_PREFIX_PATH}:/opt/ros/humble /usr/bin/cmake /home/manish/microros_ws/src/micro_ros_setup -DCMAKE_INSTALL_PREFIX=/home/manish/microros_ws/src/install/micro_ros_setup
[0.830s] DEBUG:colcon.colcon_core.event_handler.log_command:Invoked command in '/home/manish/microros_ws/src/build/micro_ros_setup' returned '0': CMAKE_PREFIX_PATH=${CMAKE_PREFIX_PATH}:/opt/ros/humble /usr/bin/cmake /home/manish/microros_ws/src/micro_ros_setup -DCMAKE_INSTALL_PREFIX=/home/manish/microros_ws/src/install/micro_ros_setup
[0.832s] DEBUG:colcon.colcon_core.event_handler.log_command:Invoking command in '/home/manish/microros_ws/src/build/micro_ros_setup': CMAKE_PREFIX_PATH=${CMAKE_PREFIX_PATH}:/opt/ros/humble /usr/bin/cmake --build /home/manish/microros_ws/src/build/micro_ros_setup -- -j12 -l12
[0.867s] DEBUG:colcon.colcon_core.event_handler.log_command:Invoked command in '/home/manish/microros_ws/src/build/micro_ros_setup' returned '0': CMAKE_PREFIX_PATH=${CMAKE_PREFIX_PATH}:/opt/ros/humble /usr/bin/cmake --build /home/manish/microros_ws/src/build/micro_ros_setup -- -j12 -l12
[0.876s] DEBUG:colcon.colcon_core.event_handler.log_command:Invoking command in '/home/manish/microros_ws/src/build/micro_ros_setup': CMAKE_PREFIX_PATH=${CMAKE_PREFIX_PATH}:/opt/ros/humble /usr/bin/cmake --install /home/manish/microros_ws/src/build/micro_ros_setup
[0.897s] Level 1:colcon.colcon_core.environment:create_environment_scripts_only(micro_ros_setup)
[0.897s] DEBUG:colcon.colcon_core.event_handler.log_command:Invoked command in '/home/manish/microros_ws/src/build/micro_ros_setup' returned '0': CMAKE_PREFIX_PATH=${CMAKE_PREFIX_PATH}:/opt/ros/humble /usr/bin/cmake --install /home/manish/microros_ws/src/build/micro_ros_setup
[0.899s] Level 1:colcon.colcon_core.environment:checking '/home/manish/microros_ws/src/install/micro_ros_setup' for CMake module files
[0.899s] Level 1:colcon.colcon_core.environment:checking '/home/manish/microros_ws/src/install/micro_ros_setup' for CMake config files
[0.900s] Level 1:colcon.colcon_core.shell:create_environment_hook('micro_ros_setup', 'cmake_prefix_path')
[0.900s] INFO:colcon.colcon_core.shell:Creating environment hook '/home/manish/microros_ws/src/install/micro_ros_setup/share/micro_ros_setup/hook/cmake_prefix_path.ps1'
[0.901s] INFO:colcon.colcon_core.shell:Creating environment descriptor '/home/manish/microros_ws/src/install/micro_ros_setup/share/micro_ros_setup/hook/cmake_prefix_path.dsv'
[0.901s] INFO:colcon.colcon_core.shell:Creating environment hook '/home/manish/microros_ws/src/install/micro_ros_setup/share/micro_ros_setup/hook/cmake_prefix_path.sh'
[0.902s] Level 1:colcon.colcon_core.environment:checking '/home/manish/microros_ws/src/install/micro_ros_setup/lib'
[0.902s] Level 1:colcon.colcon_core.environment:checking '/home/manish/microros_ws/src/install/micro_ros_setup/bin'
[0.902s] Level 1:colcon.colcon_core.environment:checking '/home/manish/microros_ws/src/install/micro_ros_setup/lib/pkgconfig/micro_ros_setup.pc'
[0.902s] Level 1:colcon.colcon_core.environment:checking '/home/manish/microros_ws/src/install/micro_ros_setup/lib/python3.10/site-packages'
[0.902s] Level 1:colcon.colcon_core.environment:checking '/home/manish/microros_ws/src/install/micro_ros_setup/bin'
[0.902s] INFO:colcon.colcon_core.shell:Creating package script '/home/manish/microros_ws/src/install/micro_ros_setup/share/micro_ros_setup/package.ps1'
[0.903s] INFO:colcon.colcon_core.shell:Creating package descriptor '/home/manish/microros_ws/src/install/micro_ros_setup/share/micro_ros_setup/package.dsv'
[0.904s] INFO:colcon.colcon_core.shell:Creating package script '/home/manish/microros_ws/src/install/micro_ros_setup/share/micro_ros_setup/package.sh'
[0.904s] INFO:colcon.colcon_core.shell:Creating package script '/home/manish/microros_ws/src/install/micro_ros_setup/share/micro_ros_setup/package.bash'
[0.905s] INFO:colcon.colcon_core.shell:Creating package script '/home/manish/microros_ws/src/install/micro_ros_setup/share/micro_ros_setup/package.zsh'
[0.905s] Level 1:colcon.colcon_core.environment:create_file_with_runtime_dependencies(/home/manish/microros_ws/src/install/micro_ros_setup/share/colcon-core/packages/micro_ros_setup)
[0.906s] Level 1:colcon.colcon_core.environment:create_environment_scripts_only(micro_ros_setup)
[0.906s] Level 1:colcon.colcon_core.environment:checking '/home/manish/microros_ws/src/install/micro_ros_setup' for CMake module files
[0.906s] Level 1:colcon.colcon_core.environment:checking '/home/manish/microros_ws/src/install/micro_ros_setup' for CMake config files
[0.907s] Level 1:colcon.colcon_core.shell:create_environment_hook('micro_ros_setup', 'cmake_prefix_path')
[0.907s] INFO:colcon.colcon_core.shell:Creating environment hook '/home/manish/microros_ws/src/install/micro_ros_setup/share/micro_ros_setup/hook/cmake_prefix_path.ps1'
[0.907s] INFO:colcon.colcon_core.shell:Creating environment descriptor '/home/manish/microros_ws/src/install/micro_ros_setup/share/micro_ros_setup/hook/cmake_prefix_path.dsv'
[0.908s] INFO:colcon.colcon_core.shell:Creating environment hook '/home/manish/microros_ws/src/install/micro_ros_setup/share/micro_ros_setup/hook/cmake_prefix_path.sh'
[0.908s] Level 1:colcon.colcon_core.environment:checking '/home/manish/microros_ws/src/install/micro_ros_setup/lib'
[0.908s] Level 1:colcon.colcon_core.environment:checking '/home/manish/microros_ws/src/install/micro_ros_setup/bin'
[0.908s] Level 1:colcon.colcon_core.environment:checking '/home/manish/microros_ws/src/install/micro_ros_setup/lib/pkgconfig/micro_ros_setup.pc'
[0.908s] Level 1:colcon.colcon_core.environment:checking '/home/manish/microros_ws/src/install/micro_ros_setup/lib/python3.10/site-packages'
[0.908s] Level 1:colcon.colcon_core.environment:checking '/home/manish/microros_ws/src/install/micro_ros_setup/bin'
[0.909s] INFO:colcon.colcon_core.shell:Creating package script '/home/manish/microros_ws/src/install/micro_ros_setup/share/micro_ros_setup/package.ps1'
[0.909s] INFO:colcon.colcon_core.shell:Creating package descriptor '/home/manish/microros_ws/src/install/micro_ros_setup/share/micro_ros_setup/package.dsv'
[0.909s] INFO:colcon.colcon_core.shell:Creating package script '/home/manish/microros_ws/src/install/micro_ros_setup/share/micro_ros_setup/package.sh'
[0.910s] INFO:colcon.colcon_core.shell:Creating package script '/home/manish/microros_ws/src/install/micro_ros_setup/share/micro_ros_setup/package.bash'
[0.910s] INFO:colcon.colcon_core.shell:Creating package script '/home/manish/microros_ws/src/install/micro_ros_setup/share/micro_ros_setup/package.zsh'
[0.911s] Level 1:colcon.colcon_core.environment:create_file_with_runtime_dependencies(/home/manish/microros_ws/src/install/micro_ros_setup/share/colcon-core/packages/micro_ros_setup)
[1.545s] DEBUG:colcon.colcon_core.event_handler.log_command:Invoked command in '/home/manish/microros_ws/src/build/micro_ros_msgs' returned '0': CMAKE_PREFIX_PATH=${CMAKE_PREFIX_PATH}:/opt/ros/humble /usr/bin/cmake /home/manish/microros_ws/src/uros/micro_ros_msgs -DCMAKE_INSTALL_PREFIX=/home/manish/microros_ws/src/install/micro_ros_msgs
[1.546s] DEBUG:colcon.colcon_core.event_handler.log_command:Invoking command in '/home/manish/microros_ws/src/build/micro_ros_msgs': CMAKE_PREFIX_PATH=${CMAKE_PREFIX_PATH}:/opt/ros/humble /usr/bin/cmake --build /home/manish/microros_ws/src/build/micro_ros_msgs -- -j12 -l12
[4.001s] DEBUG:colcon.colcon_core.event_handler.log_command:Invoked command in '/home/manish/microros_ws/src/build/micro_ros_msgs' returned '0': CMAKE_PREFIX_PATH=${CMAKE_PREFIX_PATH}:/opt/ros/humble /usr/bin/cmake --build /home/manish/microros_ws/src/build/micro_ros_msgs -- -j12 -l12
[4.002s] DEBUG:colcon.colcon_core.event_handler.log_command:Invoking command in '/home/manish/microros_ws/src/build/micro_ros_msgs': CMAKE_PREFIX_PATH=${CMAKE_PREFIX_PATH}:/opt/ros/humble /usr/bin/cmake --install /home/manish/microros_ws/src/build/micro_ros_msgs
[4.059s] Level 1:colcon.colcon_core.environment:create_environment_scripts_only(micro_ros_msgs)
[4.059s] Level 1:colcon.colcon_core.environment:checking '/home/manish/microros_ws/src/install/micro_ros_msgs' for CMake module files
[4.060s] DEBUG:colcon.colcon_core.event_handler.log_command:Invoked command in '/home/manish/microros_ws/src/build/micro_ros_msgs' returned '0': CMAKE_PREFIX_PATH=${CMAKE_PREFIX_PATH}:/opt/ros/humble /usr/bin/cmake --install /home/manish/microros_ws/src/build/micro_ros_msgs
[4.060s] Level 1:colcon.colcon_core.environment:checking '/home/manish/microros_ws/src/install/micro_ros_msgs' for CMake config files
[4.061s] Level 1:colcon.colcon_core.shell:create_environment_hook('micro_ros_msgs', 'cmake_prefix_path')
[4.061s] INFO:colcon.colcon_core.shell:Creating environment hook '/home/manish/microros_ws/src/install/micro_ros_msgs/share/micro_ros_msgs/hook/cmake_prefix_path.ps1'
[4.061s] INFO:colcon.colcon_core.shell:Creating environment descriptor '/home/manish/microros_ws/src/install/micro_ros_msgs/share/micro_ros_msgs/hook/cmake_prefix_path.dsv'
[4.062s] INFO:colcon.colcon_core.shell:Creating environment hook '/home/manish/microros_ws/src/install/micro_ros_msgs/share/micro_ros_msgs/hook/cmake_prefix_path.sh'
[4.062s] Level 1:colcon.colcon_core.environment:checking '/home/manish/microros_ws/src/install/micro_ros_msgs/lib'
[4.062s] Level 1:colcon.colcon_core.shell:create_environment_hook('micro_ros_msgs', 'ld_library_path_lib')
[4.062s] INFO:colcon.colcon_core.shell:Creating environment hook '/home/manish/microros_ws/src/install/micro_ros_msgs/share/micro_ros_msgs/hook/ld_library_path_lib.ps1'
[4.062s] INFO:colcon.colcon_core.shell:Creating environment descriptor '/home/manish/microros_ws/src/install/micro_ros_msgs/share/micro_ros_msgs/hook/ld_library_path_lib.dsv'
[4.063s] INFO:colcon.colcon_core.shell:Creating environment hook '/home/manish/microros_ws/src/install/micro_ros_msgs/share/micro_ros_msgs/hook/ld_library_path_lib.sh'
[4.063s] Level 1:colcon.colcon_core.environment:checking '/home/manish/microros_ws/src/install/micro_ros_msgs/bin'
[4.063s] Level 1:colcon.colcon_core.environment:checking '/home/manish/microros_ws/src/install/micro_ros_msgs/lib/pkgconfig/micro_ros_msgs.pc'
[4.063s] Level 1:colcon.colcon_core.environment:checking '/home/manish/microros_ws/src/install/micro_ros_msgs/lib/python3.10/site-packages'
[4.063s] Level 1:colcon.colcon_core.environment:checking '/home/manish/microros_ws/src/install/micro_ros_msgs/bin'
[4.063s] INFO:colcon.colcon_core.shell:Creating package script '/home/manish/microros_ws/src/install/micro_ros_msgs/share/micro_ros_msgs/package.ps1'
[4.064s] INFO:colcon.colcon_core.shell:Creating package descriptor '/home/manish/microros_ws/src/install/micro_ros_msgs/share/micro_ros_msgs/package.dsv'
[4.064s] INFO:colcon.colcon_core.shell:Creating package script '/home/manish/microros_ws/src/install/micro_ros_msgs/share/micro_ros_msgs/package.sh'
[4.064s] INFO:colcon.colcon_core.shell:Creating package script '/home/manish/microros_ws/src/install/micro_ros_msgs/share/micro_ros_msgs/package.bash'
[4.065s] INFO:colcon.colcon_core.shell:Creating package script '/home/manish/microros_ws/src/install/micro_ros_msgs/share/micro_ros_msgs/package.zsh'
[4.065s] Level 1:colcon.colcon_core.environment:create_file_with_runtime_dependencies(/home/manish/microros_ws/src/install/micro_ros_msgs/share/colcon-core/packages/micro_ros_msgs)
[4.065s] Level 1:colcon.colcon_core.environment:create_environment_scripts_only(micro_ros_msgs)
[4.065s] Level 1:colcon.colcon_core.environment:checking '/home/manish/microros_ws/src/install/micro_ros_msgs' for CMake module files
[4.066s] Level 1:colcon.colcon_core.environment:checking '/home/manish/microros_ws/src/install/micro_ros_msgs' for CMake config files
[4.066s] Level 1:colcon.colcon_core.shell:create_environment_hook('micro_ros_msgs', 'cmake_prefix_path')
[4.066s] INFO:colcon.colcon_core.shell:Creating environment hook '/home/manish/microros_ws/src/install/micro_ros_msgs/share/micro_ros_msgs/hook/cmake_prefix_path.ps1'
[4.066s] INFO:colcon.colcon_core.shell:Creating environment descriptor '/home/manish/microros_ws/src/install/micro_ros_msgs/share/micro_ros_msgs/hook/cmake_prefix_path.dsv'
[4.067s] INFO:colcon.colcon_core.shell:Creating environment hook '/home/manish/microros_ws/src/install/micro_ros_msgs/share/micro_ros_msgs/hook/cmake_prefix_path.sh'
[4.067s] Level 1:colcon.colcon_core.environment:checking '/home/manish/microros_ws/src/install/micro_ros_msgs/lib'
[4.067s] Level 1:colcon.colcon_core.shell:create_environment_hook('micro_ros_msgs', 'ld_library_path_lib')
[4.067s] INFO:colcon.colcon_core.shell:Creating environment hook '/home/manish/microros_ws/src/install/micro_ros_msgs/share/micro_ros_msgs/hook/ld_library_path_lib.ps1'
[4.068s] INFO:colcon.colcon_core.shell:Creating environment descriptor '/home/manish/microros_ws/src/install/micro_ros_msgs/share/micro_ros_msgs/hook/ld_library_path_lib.dsv'
[4.068s] INFO:colcon.colcon_core.shell:Creating environment hook '/home/manish/microros_ws/src/install/micro_ros_msgs/share/micro_ros_msgs/hook/ld_library_path_lib.sh'
[4.068s] Level 1:colcon.colcon_core.environment:checking '/home/manish/microros_ws/src/install/micro_ros_msgs/bin'
[4.068s] Level 1:colcon.colcon_core.environment:checking '/home/manish/microros_ws/src/install/micro_ros_msgs/lib/pkgconfig/micro_ros_msgs.pc'
[4.068s] Level 1:colcon.colcon_core.environment:checking '/home/manish/microros_ws/src/install/micro_ros_msgs/lib/python3.10/site-packages'
[4.069s] Level 1:colcon.colcon_core.environment:checking '/home/manish/microros_ws/src/install/micro_ros_msgs/bin'
[4.069s] INFO:colcon.colcon_core.shell:Creating package script '/home/manish/microros_ws/src/install/micro_ros_msgs/share/micro_ros_msgs/package.ps1'
[4.069s] INFO:colcon.colcon_core.shell:Creating package descriptor '/home/manish/microros_ws/src/install/micro_ros_msgs/share/micro_ros_msgs/package.dsv'
[4.070s] INFO:colcon.colcon_core.shell:Creating package script '/home/manish/microros_ws/src/install/micro_ros_msgs/share/micro_ros_msgs/package.sh'
[4.070s] INFO:colcon.colcon_core.shell:Creating package script '/home/manish/microros_ws/src/install/micro_ros_msgs/share/micro_ros_msgs/package.bash'
[4.070s] INFO:colcon.colcon_core.shell:Creating package script '/home/manish/microros_ws/src/install/micro_ros_msgs/share/micro_ros_msgs/package.zsh'
[4.071s] Level 1:colcon.colcon_core.environment:create_file_with_runtime_dependencies(/home/manish/microros_ws/src/install/micro_ros_msgs/share/colcon-core/packages/micro_ros_msgs)
[4.071s] INFO:colcon.colcon_ros.task.ament_cmake.build:Building ROS package in '/home/manish/microros_ws/src/uros/micro-ROS-Agent/micro_ros_agent' with build type 'ament_cmake'
[4.071s] INFO:colcon.colcon_cmake.task.cmake.build:Building CMake package in '/home/manish/microros_ws/src/uros/micro-ROS-Agent/micro_ros_agent'
[4.071s] INFO:colcon.colcon_core.shell:Skip shell extension 'powershell' for command environment: Not usable outside of PowerShell
[4.071s] DEBUG:colcon.colcon_core.shell:Skip shell extension 'dsv' for command environment
[4.081s] DEBUG:colcon.colcon_core.event_handler.log_command:Invoking command in '/home/manish/microros_ws/src/build/micro_ros_agent': AMENT_PREFIX_PATH=/home/manish/microros_ws/src/install/micro_ros_msgs:${AMENT_PREFIX_PATH} CMAKE_PREFIX_PATH=/home/manish/microros_ws/src/install/micro_ros_msgs:/home/manish/microros_ws/install/micro_ros_setup:/opt/ros/humble LD_LIBRARY_PATH=/home/manish/microros_ws/src/install/micro_ros_msgs/lib:${LD_LIBRARY_PATH} PYTHONPATH=/home/manish/microros_ws/src/install/micro_ros_msgs/local/lib/python3.10/dist-packages:${PYTHONPATH} /usr/bin/cmake /home/manish/microros_ws/src/uros/micro-ROS-Agent/micro_ros_agent -DCMAKE_INSTALL_PREFIX=/home/manish/microros_ws/src/install/micro_ros_agent
[4.353s] DEBUG:colcon.colcon_core.event_handler.log_command:Invoked command in '/home/manish/microros_ws/src/build/micro_ros_agent' returned '0': AMENT_PREFIX_PATH=/home/manish/microros_ws/src/install/micro_ros_msgs:${AMENT_PREFIX_PATH} CMAKE_PREFIX_PATH=/home/manish/microros_ws/src/install/micro_ros_msgs:/home/manish/microros_ws/install/micro_ros_setup:/opt/ros/humble LD_LIBRARY_PATH=/home/manish/microros_ws/src/install/micro_ros_msgs/lib:${LD_LIBRARY_PATH} PYTHONPATH=/home/manish/microros_ws/src/install/micro_ros_msgs/local/lib/python3.10/dist-packages:${PYTHONPATH} /usr/bin/cmake /home/manish/microros_ws/src/uros/micro-ROS-Agent/micro_ros_agent -DCMAKE_INSTALL_PREFIX=/home/manish/microros_ws/src/install/micro_ros_agent
[4.355s] DEBUG:colcon.colcon_core.event_handler.log_command:Invoking command in '/home/manish/microros_ws/src/build/micro_ros_agent': AMENT_PREFIX_PATH=/home/manish/microros_ws/src/install/micro_ros_msgs:${AMENT_PREFIX_PATH} CMAKE_PREFIX_PATH=/home/manish/microros_ws/src/install/micro_ros_msgs:/home/manish/microros_ws/install/micro_ros_setup:/opt/ros/humble LD_LIBRARY_PATH=/home/manish/microros_ws/src/install/micro_ros_msgs/lib:${LD_LIBRARY_PATH} PYTHONPATH=/home/manish/microros_ws/src/install/micro_ros_msgs/local/lib/python3.10/dist-packages:${PYTHONPATH} /usr/bin/cmake --build /home/manish/microros_ws/src/build/micro_ros_agent -- -j12 -l12
[35.750s] DEBUG:colcon.colcon_core.event_handler.log_command:Invoked command in '/home/manish/microros_ws/src/build/micro_ros_agent' returned '0': AMENT_PREFIX_PATH=/home/manish/microros_ws/src/install/micro_ros_msgs:${AMENT_PREFIX_PATH} CMAKE_PREFIX_PATH=/home/manish/microros_ws/src/install/micro_ros_msgs:/home/manish/microros_ws/install/micro_ros_setup:/opt/ros/humble LD_LIBRARY_PATH=/home/manish/microros_ws/src/install/micro_ros_msgs/lib:${LD_LIBRARY_PATH} PYTHONPATH=/home/manish/microros_ws/src/install/micro_ros_msgs/local/lib/python3.10/dist-packages:${PYTHONPATH} /usr/bin/cmake --build /home/manish/microros_ws/src/build/micro_ros_agent -- -j12 -l12
[35.751s] DEBUG:colcon.colcon_core.event_handler.log_command:Invoking command in '/home/manish/microros_ws/src/build/micro_ros_agent': AMENT_PREFIX_PATH=/home/manish/microros_ws/src/install/micro_ros_msgs:${AMENT_PREFIX_PATH} CMAKE_PREFIX_PATH=/home/manish/microros_ws/src/install/micro_ros_msgs:/home/manish/microros_ws/install/micro_ros_setup:/opt/ros/humble LD_LIBRARY_PATH=/home/manish/microros_ws/src/install/micro_ros_msgs/lib:${LD_LIBRARY_PATH} PYTHONPATH=/home/manish/microros_ws/src/install/micro_ros_msgs/local/lib/python3.10/dist-packages:${PYTHONPATH} /usr/bin/cmake --install /home/manish/microros_ws/src/build/micro_ros_agent
[35.765s] Level 1:colcon.colcon_core.environment:create_environment_scripts_only(micro_ros_agent)
[35.765s] Level 1:colcon.colcon_core.environment:checking '/home/manish/microros_ws/src/install/micro_ros_agent' for CMake module files
[35.766s] DEBUG:colcon.colcon_core.event_handler.log_command:Invoked command in '/home/manish/microros_ws/src/build/micro_ros_agent' returned '0': AMENT_PREFIX_PATH=/home/manish/microros_ws/src/install/micro_ros_msgs:${AMENT_PREFIX_PATH} CMAKE_PREFIX_PATH=/home/manish/microros_ws/src/install/micro_ros_msgs:/home/manish/microros_ws/install/micro_ros_setup:/opt/ros/humble LD_LIBRARY_PATH=/home/manish/microros_ws/src/install/micro_ros_msgs/lib:${LD_LIBRARY_PATH} PYTHONPATH=/home/manish/microros_ws/src/install/micro_ros_msgs/local/lib/python3.10/dist-packages:${PYTHONPATH} /usr/bin/cmake --install /home/manish/microros_ws/src/build/micro_ros_agent
[35.766s] Level 1:colcon.colcon_core.environment:checking '/home/manish/microros_ws/src/install/micro_ros_agent' for CMake config files
[35.767s] Level 1:colcon.colcon_core.shell:create_environment_hook('micro_ros_agent', 'cmake_prefix_path')
[35.767s] INFO:colcon.colcon_core.shell:Creating environment hook '/home/manish/microros_ws/src/install/micro_ros_agent/share/micro_ros_agent/hook/cmake_prefix_path.ps1'
[35.767s] INFO:colcon.colcon_core.shell:Creating environment descriptor '/home/manish/microros_ws/src/install/micro_ros_agent/share/micro_ros_agent/hook/cmake_prefix_path.dsv'
[35.767s] INFO:colcon.colcon_core.shell:Creating environment hook '/home/manish/microros_ws/src/install/micro_ros_agent/share/micro_ros_agent/hook/cmake_prefix_path.sh'
[35.768s] Level 1:colcon.colcon_core.environment:checking '/home/manish/microros_ws/src/install/micro_ros_agent/lib'
[35.768s] Level 1:colcon.colcon_core.shell:create_environment_hook('micro_ros_agent', 'ld_library_path_lib')
[35.768s] INFO:colcon.colcon_core.shell:Creating environment hook '/home/manish/microros_ws/src/install/micro_ros_agent/share/micro_ros_agent/hook/ld_library_path_lib.ps1'
[35.768s] INFO:colcon.colcon_core.shell:Creating environment descriptor '/home/manish/microros_ws/src/install/micro_ros_agent/share/micro_ros_agent/hook/ld_library_path_lib.dsv'
[35.768s] INFO:colcon.colcon_core.shell:Creating environment hook '/home/manish/microros_ws/src/install/micro_ros_agent/share/micro_ros_agent/hook/ld_library_path_lib.sh'
[35.769s] Level 1:colcon.colcon_core.environment:checking '/home/manish/microros_ws/src/install/micro_ros_agent/bin'
[35.769s] Level 1:colcon.colcon_core.environment:checking '/home/manish/microros_ws/src/install/micro_ros_agent/lib/pkgconfig/micro_ros_agent.pc'
[35.769s] Level 1:colcon.colcon_core.environment:checking '/home/manish/microros_ws/src/install/micro_ros_agent/lib/python3.10/site-packages'
[35.769s] Level 1:colcon.colcon_core.environment:checking '/home/manish/microros_ws/src/install/micro_ros_agent/bin'
[35.769s] INFO:colcon.colcon_core.shell:Creating package script '/home/manish/microros_ws/src/install/micro_ros_agent/share/micro_ros_agent/package.ps1'
[35.770s] INFO:colcon.colcon_core.shell:Creating package descriptor '/home/manish/microros_ws/src/install/micro_ros_agent/share/micro_ros_agent/package.dsv'
[35.770s] INFO:colcon.colcon_core.shell:Creating package script '/home/manish/microros_ws/src/install/micro_ros_agent/share/micro_ros_agent/package.sh'
[35.770s] INFO:colcon.colcon_core.shell:Creating package script '/home/manish/microros_ws/src/install/micro_ros_agent/share/micro_ros_agent/package.bash'
[35.770s] INFO:colcon.colcon_core.shell:Creating package script '/home/manish/microros_ws/src/install/micro_ros_agent/share/micro_ros_agent/package.zsh'
[35.771s] Level 1:colcon.colcon_core.environment:create_file_with_runtime_dependencies(/home/manish/microros_ws/src/install/micro_ros_agent/share/colcon-core/packages/micro_ros_agent)
[35.771s] Level 1:colcon.colcon_core.environment:create_environment_scripts_only(micro_ros_agent)
[35.771s] Level 1:colcon.colcon_core.environment:checking '/home/manish/microros_ws/src/install/micro_ros_agent' for CMake module files
[35.771s] Level 1:colcon.colcon_core.environment:checking '/home/manish/microros_ws/src/install/micro_ros_agent' for CMake config files
[35.772s] Level 1:colcon.colcon_core.shell:create_environment_hook('micro_ros_agent', 'cmake_prefix_path')
[35.772s] INFO:colcon.colcon_core.shell:Creating environment hook '/home/manish/microros_ws/src/install/micro_ros_agent/share/micro_ros_agent/hook/cmake_prefix_path.ps1'
[35.772s] INFO:colcon.colcon_core.shell:Creating environment descriptor '/home/manish/microros_ws/src/install/micro_ros_agent/share/micro_ros_agent/hook/cmake_prefix_path.dsv'
[35.773s] INFO:colcon.colcon_core.shell:Creating environment hook '/home/manish/microros_ws/src/install/micro_ros_agent/share/micro_ros_agent/hook/cmake_prefix_path.sh'
[35.773s] Level 1:colcon.colcon_core.environment:checking '/home/manish/microros_ws/src/install/micro_ros_agent/lib'
[35.773s] Level 1:colcon.colcon_core.shell:create_environment_hook('micro_ros_agent', 'ld_library_path_lib')
[35.773s] INFO:colcon.colcon_core.shell:Creating environment hook '/home/manish/microros_ws/src/install/micro_ros_agent/share/micro_ros_agent/hook/ld_library_path_lib.ps1'
[35.773s] INFO:colcon.colcon_core.shell:Creating environment descriptor '/home/manish/microros_ws/src/install/micro_ros_agent/share/micro_ros_agent/hook/ld_library_path_lib.dsv'
[35.774s] INFO:colcon.colcon_core.shell:Creating environment hook '/home/manish/microros_ws/src/install/micro_ros_agent/share/micro_ros_agent/hook/ld_library_path_lib.sh'
[35.774s] Level 1:colcon.colcon_core.environment:checking '/home/manish/microros_ws/src/install/micro_ros_agent/bin'
[35.774s] Level 1:colcon.colcon_core.environment:checking '/home/manish/microros_ws/src/install/micro_ros_agent/lib/pkgconfig/micro_ros_agent.pc'
[35.774s] Level 1:colcon.colcon_core.environment:checking '/home/manish/microros_ws/src/install/micro_ros_agent/lib/python3.10/site-packages'
[35.774s] Level 1:colcon.colcon_core.environment:checking '/home/manish/microros_ws/src/install/micro_ros_agent/bin'
[35.775s] INFO:colcon.colcon_core.shell:Creating package script '/home/manish/microros_ws/src/install/micro_ros_agent/share/micro_ros_agent/package.ps1'
[35.775s] INFO:colcon.colcon_core.shell:Creating package descriptor '/home/manish/microros_ws/src/install/micro_ros_agent/share/micro_ros_agent/package.dsv'
[35.775s] INFO:colcon.colcon_core.shell:Creating package script '/home/manish/microros_ws/src/install/micro_ros_agent/share/micro_ros_agent/package.sh'
[35.776s] INFO:colcon.colcon_core.shell:Creating package script '/home/manish/microros_ws/src/install/micro_ros_agent/share/micro_ros_agent/package.bash'
[35.776s] INFO:colcon.colcon_core.shell:Creating package script '/home/manish/microros_ws/src/install/micro_ros_agent/share/micro_ros_agent/package.zsh'
[35.776s] Level 1:colcon.colcon_core.environment:create_file_with_runtime_dependencies(/home/manish/microros_ws/src/install/micro_ros_agent/share/colcon-core/packages/micro_ros_agent)
[35.776s] DEBUG:colcon.colcon_parallel_executor.executor.parallel:closing loop
[35.777s] DEBUG:colcon.colcon_parallel_executor.executor.parallel:loop closed
[35.777s] DEBUG:colcon.colcon_parallel_executor.executor.parallel:run_until_complete finished with '0'
[35.777s] DEBUG:colcon.colcon_core.event_reactor:joining thread
[35.781s] INFO:colcon.colcon_core.plugin_system:Skipping extension 'colcon_notification.desktop_notification.terminal_notifier': Not used on non-Darwin systems
[35.781s] INFO:colcon.colcon_core.plugin_system:Skipping extension 'colcon_notification.desktop_notification.win32': Not used on non-Windows systems
[35.781s] INFO:colcon.colcon_notification.desktop_notification:Sending desktop notification using 'notify2'
[35.791s] DEBUG:colcon.colcon_core.event_reactor:joined thread
[35.792s] INFO:colcon.colcon_core.shell:Creating prefix script '/home/manish/microros_ws/src/install/local_setup.ps1'
[35.793s] INFO:colcon.colcon_core.shell:Creating prefix util module '/home/manish/microros_ws/src/install/_local_setup_util_ps1.py'
[35.794s] INFO:colcon.colcon_core.shell:Creating prefix chain script '/home/manish/microros_ws/src/install/setup.ps1'
[35.795s] INFO:colcon.colcon_core.shell:Creating prefix script '/home/manish/microros_ws/src/install/local_setup.sh'
[35.796s] INFO:colcon.colcon_core.shell:Creating prefix util module '/home/manish/microros_ws/src/install/_local_setup_util_sh.py'
[35.796s] INFO:colcon.colcon_core.shell:Creating prefix chain script '/home/manish/microros_ws/src/install/setup.sh'
[35.797s] INFO:colcon.colcon_core.shell:Creating prefix script '/home/manish/microros_ws/src/install/local_setup.bash'
[35.797s] INFO:colcon.colcon_core.shell:Creating prefix chain script '/home/manish/microros_ws/src/install/setup.bash'
[35.798s] INFO:colcon.colcon_core.shell:Creating prefix script '/home/manish/microros_ws/src/install/local_setup.zsh'
[35.798s] INFO:colcon.colcon_core.shell:Creating prefix chain script '/home/manish/microros_ws/src/install/setup.zsh'
