[0.013s] Invoking command in '/home/manish/microros_ws/src/build/micro_ros_msgs': CMAKE_PREFIX_PATH=${CMAKE_PREFIX_PATH}:/home/manish/dev_ws_cpp/install/my_py_pkg:/opt/ros/humble /usr/bin/cmake --build /home/manish/microros_ws/src/build/micro_ros_msgs -- -j12 -l12
[0.046s] -- Found ament_cmake: 1.3.11 (/opt/ros/humble/share/ament_cmake/cmake)
[0.166s] -- Found rosidl_default_generators: 1.2.0 (/opt/ros/humble/share/rosidl_default_generators/cmake)
[0.169s] -- Using all available rosidl_typesupport_c: rosidl_typesupport_fastrtps_c;rosidl_typesupport_introspection_c
[0.172s] -- Found rosidl_adapter: 3.1.6 (/opt/ros/humble/share/rosidl_adapter/cmake)
[0.205s] -- Using all available rosidl_typesupport_cpp: rosidl_typesupport_fastrtps_cpp;rosidl_typesupport_introspection_cpp
[0.232s] -- Found ament_lint_auto: 0.12.12 (/opt/ros/humble/share/ament_lint_auto/cmake)
[0.449s] -- Found ament_cmake_ros: 0.10.0 (/opt/ros/humble/share/ament_cmake_ros/cmake)
[0.590s] -- Using all available rosidl_typesupport_c: rosidl_typesupport_fastrtps_c;rosidl_typesupport_introspection_c
[0.772s] -- Using all available rosidl_typesupport_cpp: rosidl_typesupport_fastrtps_cpp;rosidl_typesupport_introspection_cpp
[0.790s] -- Found python_cmake_module: 0.10.0 (/opt/ros/humble/share/python_cmake_module/cmake)
[0.809s] -- Using PYTHON_EXECUTABLE: /usr/bin/python3
[0.809s] -- Using PYTHON_INCLUDE_DIRS: /usr/include/python3.10
[0.809s] -- Using PYTHON_LIBRARIES: /usr/lib/x86_64-linux-gnu/libpython3.10.so
[0.819s] -- Added test 'copyright' to check source files copyright and LICENSE
[0.825s] -- Added test 'lint_cmake' to check CMake code style
[0.827s] -- Added test 'xmllint' to check XML markup files
[0.833s] -- Configuring done
[0.867s] -- Generating done
[0.874s] -- Build files have been written to: /home/manish/microros_ws/src/build/micro_ros_msgs
[0.896s] [35m[1mConsolidate compiler generated dependencies of target micro_ros_msgs__rosidl_generator_c[0m
[0.904s] [  2%] Built target micro_ros_msgs__cpp
[0.909s] [  4%] [32m[1mLinking C shared library libmicro_ros_msgs__rosidl_generator_c.so[0m
[0.913s] [  4%] Built target ament_cmake_python_copy_micro_ros_msgs
[0.915s] [35m[1mConsolidate compiler generated dependencies of target micro_ros_msgs__rosidl_typesupport_cpp[0m
[0.915s] [35m[1mConsolidate compiler generated dependencies of target micro_ros_msgs__rosidl_typesupport_fastrtps_cpp[0m
[0.915s] [35m[1mConsolidate compiler generated dependencies of target micro_ros_msgs__rosidl_typesupport_introspection_cpp[0m
[0.932s] [  6%] [32mBuilding CXX object CMakeFiles/micro_ros_msgs__rosidl_typesupport_introspection_cpp.dir/rosidl_typesupport_introspection_cpp/micro_ros_msgs/msg/detail/node__type_support.cpp.o[0m
[0.933s] [ 14%] [32mBuilding CXX object CMakeFiles/micro_ros_msgs__rosidl_typesupport_cpp.dir/rosidl_typesupport_cpp/micro_ros_msgs/msg/graph__type_support.cpp.o[0m
[0.933s] [ 14%] [32mBuilding CXX object CMakeFiles/micro_ros_msgs__rosidl_typesupport_cpp.dir/rosidl_typesupport_cpp/micro_ros_msgs/msg/entity__type_support.cpp.o[0m
[0.934s] [ 14%] [32mBuilding CXX object CMakeFiles/micro_ros_msgs__rosidl_typesupport_introspection_cpp.dir/rosidl_typesupport_introspection_cpp/micro_ros_msgs/msg/detail/graph__type_support.cpp.o[0m
[0.934s] [ 14%] [32mBuilding CXX object CMakeFiles/micro_ros_msgs__rosidl_typesupport_fastrtps_cpp.dir/rosidl_typesupport_fastrtps_cpp/micro_ros_msgs/msg/detail/dds_fastrtps/graph__type_support.cpp.o[0m
[0.935s] [ 19%] [32mBuilding CXX object CMakeFiles/micro_ros_msgs__rosidl_typesupport_introspection_cpp.dir/rosidl_typesupport_introspection_cpp/micro_ros_msgs/msg/detail/entity__type_support.cpp.o[0m
[0.935s] [ 19%] [32mBuilding CXX object CMakeFiles/micro_ros_msgs__rosidl_typesupport_cpp.dir/rosidl_typesupport_cpp/micro_ros_msgs/msg/node__type_support.cpp.o[0m
[0.935s] [ 21%] [32mBuilding CXX object CMakeFiles/micro_ros_msgs__rosidl_typesupport_fastrtps_cpp.dir/rosidl_typesupport_fastrtps_cpp/micro_ros_msgs/msg/detail/dds_fastrtps/entity__type_support.cpp.o[0m
[0.935s] [ 23%] [32mBuilding CXX object CMakeFiles/micro_ros_msgs__rosidl_typesupport_fastrtps_cpp.dir/rosidl_typesupport_fastrtps_cpp/micro_ros_msgs/msg/detail/dds_fastrtps/node__type_support.cpp.o[0m
[0.960s] [ 31%] Built target micro_ros_msgs__rosidl_generator_c
[0.975s] [35m[1mConsolidate compiler generated dependencies of target micro_ros_msgs__rosidl_typesupport_introspection_c[0m
[0.975s] [35m[1mConsolidate compiler generated dependencies of target micro_ros_msgs__rosidl_typesupport_fastrtps_c[0m
[0.990s] [ 34%] [32m[1mLinking C shared library libmicro_ros_msgs__rosidl_typesupport_introspection_c.so[0m
[0.995s] [ 36%] [32mBuilding CXX object CMakeFiles/micro_ros_msgs__rosidl_typesupport_fastrtps_c.dir/rosidl_typesupport_fastrtps_c/micro_ros_msgs/msg/detail/graph__type_support_c.cpp.o[0m
[1.036s] [ 44%] Built target micro_ros_msgs__rosidl_typesupport_introspection_c
[1.048s] [ 46%] [32mBuilding CXX object CMakeFiles/micro_ros_msgs__rosidl_typesupport_fastrtps_c.dir/rosidl_typesupport_fastrtps_c/micro_ros_msgs/msg/detail/node__type_support_c.cpp.o[0m
[1.344s] running egg_info
[1.344s] writing micro_ros_msgs.egg-info/PKG-INFO
[1.344s] writing dependency_links to micro_ros_msgs.egg-info/dependency_links.txt
[1.345s] writing top-level names to micro_ros_msgs.egg-info/top_level.txt
[1.353s] reading manifest file 'micro_ros_msgs.egg-info/SOURCES.txt'
[1.356s] writing manifest file 'micro_ros_msgs.egg-info/SOURCES.txt'
[1.394s] [ 46%] Built target ament_cmake_python_build_micro_ros_msgs_egg
[1.406s] [ 48%] [32m[1mLinking CXX shared library libmicro_ros_msgs__rosidl_typesupport_cpp.so[0m
[1.408s] [ 51%] [32mBuilding CXX object CMakeFiles/micro_ros_msgs__rosidl_typesupport_fastrtps_c.dir/rosidl_typesupport_fastrtps_c/micro_ros_msgs/msg/detail/entity__type_support_c.cpp.o[0m
[1.408s] [35m[1mConsolidate compiler generated dependencies of target micro_ros_msgs__rosidl_typesupport_c[0m
[1.422s] [ 53%] [32m[1mLinking CXX shared library libmicro_ros_msgs__rosidl_typesupport_c.so[0m
[1.464s] [ 55%] Built target micro_ros_msgs__rosidl_typesupport_cpp
[1.467s] [ 63%] Built target micro_ros_msgs__rosidl_typesupport_c
[1.692s] [ 65%] [32m[1mLinking CXX shared library libmicro_ros_msgs__rosidl_typesupport_fastrtps_cpp.so[0m
[1.754s] [ 68%] [32m[1mLinking CXX shared library libmicro_ros_msgs__rosidl_typesupport_introspection_cpp.so[0m
[1.763s] [ 70%] Built target micro_ros_msgs__rosidl_typesupport_fastrtps_cpp
[1.802s] [ 72%] [32m[1mLinking CXX shared library libmicro_ros_msgs__rosidl_typesupport_fastrtps_c.so[0m
[1.821s] [ 74%] Built target micro_ros_msgs__rosidl_typesupport_introspection_cpp
[1.862s] [ 76%] Built target micro_ros_msgs__rosidl_typesupport_fastrtps_c
[1.879s] [ 76%] Built target micro_ros_msgs
[1.906s] [ 78%] Built target micro_ros_msgs__py
[1.920s] [35m[1mConsolidate compiler generated dependencies of target micro_ros_msgs__rosidl_generator_py[0m
[1.940s] [ 80%] [32mBuilding C object CMakeFiles/micro_ros_msgs__rosidl_generator_py.dir/rosidl_generator_py/micro_ros_msgs/msg/_graph_s.c.o[0m
[1.940s] [ 82%] [32mBuilding C object CMakeFiles/micro_ros_msgs__rosidl_generator_py.dir/rosidl_generator_py/micro_ros_msgs/msg/_node_s.c.o[0m
[1.941s] [ 85%] [32mBuilding C object CMakeFiles/micro_ros_msgs__rosidl_generator_py.dir/rosidl_generator_py/micro_ros_msgs/msg/_entity_s.c.o[0m
[2.061s] [ 87%] [32m[1mLinking C shared library rosidl_generator_py/micro_ros_msgs/libmicro_ros_msgs__rosidl_generator_py.so[0m
[2.093s] [ 87%] Built target micro_ros_msgs__rosidl_generator_py
[2.102s] [35m[1mConsolidate compiler generated dependencies of target micro_ros_msgs__rosidl_typesupport_fastrtps_c__pyext[0m
[2.103s] [35m[1mConsolidate compiler generated dependencies of target micro_ros_msgs__rosidl_typesupport_introspection_c__pyext[0m
[2.103s] [35m[1mConsolidate compiler generated dependencies of target micro_ros_msgs__rosidl_typesupport_c__pyext[0m
[2.112s] [ 91%] [32mBuilding C object CMakeFiles/micro_ros_msgs__rosidl_typesupport_introspection_c__pyext.dir/rosidl_generator_py/micro_ros_msgs/_micro_ros_msgs_s.ep.rosidl_typesupport_introspection_c.c.o[0m
[2.112s] [ 91%] [32mBuilding C object CMakeFiles/micro_ros_msgs__rosidl_typesupport_fastrtps_c__pyext.dir/rosidl_generator_py/micro_ros_msgs/_micro_ros_msgs_s.ep.rosidl_typesupport_fastrtps_c.c.o[0m
[2.113s] [ 93%] [32mBuilding C object CMakeFiles/micro_ros_msgs__rosidl_typesupport_c__pyext.dir/rosidl_generator_py/micro_ros_msgs/_micro_ros_msgs_s.ep.rosidl_typesupport_c.c.o[0m
[2.199s] [ 97%] [32m[1mLinking C shared library rosidl_generator_py/micro_ros_msgs/micro_ros_msgs_s__rosidl_typesupport_introspection_c.cpython-310-x86_64-linux-gnu.so[0m
[2.200s] [ 97%] [32m[1mLinking C shared library rosidl_generator_py/micro_ros_msgs/micro_ros_msgs_s__rosidl_typesupport_c.cpython-310-x86_64-linux-gnu.so[0m
[2.200s] [100%] [32m[1mLinking C shared library rosidl_generator_py/micro_ros_msgs/micro_ros_msgs_s__rosidl_typesupport_fastrtps_c.cpython-310-x86_64-linux-gnu.so[0m
[2.228s] [100%] Built target micro_ros_msgs__rosidl_typesupport_c__pyext
[2.228s] [100%] Built target micro_ros_msgs__rosidl_typesupport_fastrtps_c__pyext
[2.228s] [100%] Built target micro_ros_msgs__rosidl_typesupport_introspection_c__pyext
[2.238s] Invoked command in '/home/manish/microros_ws/src/build/micro_ros_msgs' returned '0': CMAKE_PREFIX_PATH=${CMAKE_PREFIX_PATH}:/home/manish/dev_ws_cpp/install/my_py_pkg:/opt/ros/humble /usr/bin/cmake --build /home/manish/microros_ws/src/build/micro_ros_msgs -- -j12 -l12
[2.240s] Invoking command in '/home/manish/microros_ws/src/build/micro_ros_msgs': CMAKE_PREFIX_PATH=${CMAKE_PREFIX_PATH}:/home/manish/dev_ws_cpp/install/my_py_pkg:/opt/ros/humble /usr/bin/cmake --install /home/manish/microros_ws/src/build/micro_ros_msgs
[2.248s] -- Install configuration: ""
[2.248s] -- Up-to-date: /home/manish/microros_ws/src/install/micro_ros_msgs/share/ament_index/resource_index/rosidl_interfaces/micro_ros_msgs
[2.248s] -- Up-to-date: /home/manish/microros_ws/src/install/micro_ros_msgs/include/micro_ros_msgs/micro_ros_msgs
[2.248s] -- Up-to-date: /home/manish/microros_ws/src/install/micro_ros_msgs/include/micro_ros_msgs/micro_ros_msgs/msg
[2.248s] -- Up-to-date: /home/manish/microros_ws/src/install/micro_ros_msgs/include/micro_ros_msgs/micro_ros_msgs/msg/node.h
[2.248s] -- Up-to-date: /home/manish/microros_ws/src/install/micro_ros_msgs/include/micro_ros_msgs/micro_ros_msgs/msg/detail
[2.249s] -- Up-to-date: /home/manish/microros_ws/src/install/micro_ros_msgs/include/micro_ros_msgs/micro_ros_msgs/msg/detail/node__functions.h
[2.249s] -- Up-to-date: /home/manish/microros_ws/src/install/micro_ros_msgs/include/micro_ros_msgs/micro_ros_msgs/msg/detail/graph__struct.h
[2.249s] -- Up-to-date: /home/manish/microros_ws/src/install/micro_ros_msgs/include/micro_ros_msgs/micro_ros_msgs/msg/detail/entity__type_support.h
[2.249s] -- Up-to-date: /home/manish/microros_ws/src/install/micro_ros_msgs/include/micro_ros_msgs/micro_ros_msgs/msg/detail/node__struct.h
[2.249s] -- Up-to-date: /home/manish/microros_ws/src/install/micro_ros_msgs/include/micro_ros_msgs/micro_ros_msgs/msg/detail/graph__type_support.h
[2.249s] -- Up-to-date: /home/manish/microros_ws/src/install/micro_ros_msgs/include/micro_ros_msgs/micro_ros_msgs/msg/detail/node__type_support.h
[2.249s] -- Up-to-date: /home/manish/microros_ws/src/install/micro_ros_msgs/include/micro_ros_msgs/micro_ros_msgs/msg/detail/graph__functions.c
[2.249s] -- Up-to-date: /home/manish/microros_ws/src/install/micro_ros_msgs/include/micro_ros_msgs/micro_ros_msgs/msg/detail/entity__functions.h
[2.249s] -- Up-to-date: /home/manish/microros_ws/src/install/micro_ros_msgs/include/micro_ros_msgs/micro_ros_msgs/msg/detail/entity__struct.h
[2.249s] -- Up-to-date: /home/manish/microros_ws/src/install/micro_ros_msgs/include/micro_ros_msgs/micro_ros_msgs/msg/detail/graph__functions.h
[2.249s] -- Up-to-date: /home/manish/microros_ws/src/install/micro_ros_msgs/include/micro_ros_msgs/micro_ros_msgs/msg/detail/entity__functions.c
[2.249s] -- Up-to-date: /home/manish/microros_ws/src/install/micro_ros_msgs/include/micro_ros_msgs/micro_ros_msgs/msg/detail/node__functions.c
[2.249s] -- Up-to-date: /home/manish/microros_ws/src/install/micro_ros_msgs/include/micro_ros_msgs/micro_ros_msgs/msg/rosidl_generator_c__visibility_control.h
[2.249s] -- Up-to-date: /home/manish/microros_ws/src/install/micro_ros_msgs/include/micro_ros_msgs/micro_ros_msgs/msg/graph.h
[2.249s] -- Up-to-date: /home/manish/microros_ws/src/install/micro_ros_msgs/include/micro_ros_msgs/micro_ros_msgs/msg/entity.h
[2.249s] -- Up-to-date: /home/manish/microros_ws/src/install/micro_ros_msgs/share/micro_ros_msgs/environment/library_path.sh
[2.249s] -- Installing: /home/manish/microros_ws/src/install/micro_ros_msgs/share/micro_ros_msgs/environment/library_path.dsv
[2.249s] -- Installing: /home/manish/microros_ws/src/install/micro_ros_msgs/lib/libmicro_ros_msgs__rosidl_generator_c.so
[2.250s] -- Set runtime path of "/home/manish/microros_ws/src/install/micro_ros_msgs/lib/libmicro_ros_msgs__rosidl_generator_c.so" to ""
[2.250s] -- Up-to-date: /home/manish/microros_ws/src/install/micro_ros_msgs/include/micro_ros_msgs/micro_ros_msgs
[2.250s] -- Up-to-date: /home/manish/microros_ws/src/install/micro_ros_msgs/include/micro_ros_msgs/micro_ros_msgs/msg
[2.250s] -- Up-to-date: /home/manish/microros_ws/src/install/micro_ros_msgs/include/micro_ros_msgs/micro_ros_msgs/msg/rosidl_typesupport_fastrtps_c__visibility_control.h
[2.250s] -- Up-to-date: /home/manish/microros_ws/src/install/micro_ros_msgs/include/micro_ros_msgs/micro_ros_msgs/msg/detail
[2.250s] -- Up-to-date: /home/manish/microros_ws/src/install/micro_ros_msgs/include/micro_ros_msgs/micro_ros_msgs/msg/detail/graph__rosidl_typesupport_fastrtps_c.h
[2.250s] -- Up-to-date: /home/manish/microros_ws/src/install/micro_ros_msgs/include/micro_ros_msgs/micro_ros_msgs/msg/detail/entity__rosidl_typesupport_fastrtps_c.h
[2.250s] -- Up-to-date: /home/manish/microros_ws/src/install/micro_ros_msgs/include/micro_ros_msgs/micro_ros_msgs/msg/detail/node__rosidl_typesupport_fastrtps_c.h
[2.250s] -- Installing: /home/manish/microros_ws/src/install/micro_ros_msgs/lib/libmicro_ros_msgs__rosidl_typesupport_fastrtps_c.so
[2.250s] -- Set runtime path of "/home/manish/microros_ws/src/install/micro_ros_msgs/lib/libmicro_ros_msgs__rosidl_typesupport_fastrtps_c.so" to ""
[2.251s] -- Up-to-date: /home/manish/microros_ws/src/install/micro_ros_msgs/include/micro_ros_msgs/micro_ros_msgs
[2.251s] -- Up-to-date: /home/manish/microros_ws/src/install/micro_ros_msgs/include/micro_ros_msgs/micro_ros_msgs/msg
[2.251s] -- Up-to-date: /home/manish/microros_ws/src/install/micro_ros_msgs/include/micro_ros_msgs/micro_ros_msgs/msg/rosidl_typesupport_introspection_c__visibility_control.h
[2.251s] -- Up-to-date: /home/manish/microros_ws/src/install/micro_ros_msgs/include/micro_ros_msgs/micro_ros_msgs/msg/detail
[2.251s] -- Up-to-date: /home/manish/microros_ws/src/install/micro_ros_msgs/include/micro_ros_msgs/micro_ros_msgs/msg/detail/graph__rosidl_typesupport_introspection_c.h
[2.251s] -- Up-to-date: /home/manish/microros_ws/src/install/micro_ros_msgs/include/micro_ros_msgs/micro_ros_msgs/msg/detail/entity__rosidl_typesupport_introspection_c.h
[2.251s] -- Up-to-date: /home/manish/microros_ws/src/install/micro_ros_msgs/include/micro_ros_msgs/micro_ros_msgs/msg/detail/entity__type_support.c
[2.251s] -- Up-to-date: /home/manish/microros_ws/src/install/micro_ros_msgs/include/micro_ros_msgs/micro_ros_msgs/msg/detail/graph__type_support.c
[2.251s] -- Up-to-date: /home/manish/microros_ws/src/install/micro_ros_msgs/include/micro_ros_msgs/micro_ros_msgs/msg/detail/node__rosidl_typesupport_introspection_c.h
[2.251s] -- Up-to-date: /home/manish/microros_ws/src/install/micro_ros_msgs/include/micro_ros_msgs/micro_ros_msgs/msg/detail/node__type_support.c
[2.251s] -- Installing: /home/manish/microros_ws/src/install/micro_ros_msgs/lib/libmicro_ros_msgs__rosidl_typesupport_introspection_c.so
[2.251s] -- Set runtime path of "/home/manish/microros_ws/src/install/micro_ros_msgs/lib/libmicro_ros_msgs__rosidl_typesupport_introspection_c.so" to ""
[2.252s] -- Installing: /home/manish/microros_ws/src/install/micro_ros_msgs/lib/libmicro_ros_msgs__rosidl_typesupport_c.so
[2.252s] -- Set runtime path of "/home/manish/microros_ws/src/install/micro_ros_msgs/lib/libmicro_ros_msgs__rosidl_typesupport_c.so" to ""
[2.252s] -- Up-to-date: /home/manish/microros_ws/src/install/micro_ros_msgs/include/micro_ros_msgs/micro_ros_msgs
[2.252s] -- Up-to-date: /home/manish/microros_ws/src/install/micro_ros_msgs/include/micro_ros_msgs/micro_ros_msgs/msg
[2.252s] -- Up-to-date: /home/manish/microros_ws/src/install/micro_ros_msgs/include/micro_ros_msgs/micro_ros_msgs/msg/entity.hpp
[2.252s] -- Up-to-date: /home/manish/microros_ws/src/install/micro_ros_msgs/include/micro_ros_msgs/micro_ros_msgs/msg/graph.hpp
[2.252s] -- Up-to-date: /home/manish/microros_ws/src/install/micro_ros_msgs/include/micro_ros_msgs/micro_ros_msgs/msg/detail
[2.252s] -- Up-to-date: /home/manish/microros_ws/src/install/micro_ros_msgs/include/micro_ros_msgs/micro_ros_msgs/msg/detail/entity__type_support.hpp
[2.252s] -- Up-to-date: /home/manish/microros_ws/src/install/micro_ros_msgs/include/micro_ros_msgs/micro_ros_msgs/msg/detail/graph__traits.hpp
[2.252s] -- Up-to-date: /home/manish/microros_ws/src/install/micro_ros_msgs/include/micro_ros_msgs/micro_ros_msgs/msg/detail/graph__type_support.hpp
[2.252s] -- Up-to-date: /home/manish/microros_ws/src/install/micro_ros_msgs/include/micro_ros_msgs/micro_ros_msgs/msg/detail/entity__traits.hpp
[2.252s] -- Up-to-date: /home/manish/microros_ws/src/install/micro_ros_msgs/include/micro_ros_msgs/micro_ros_msgs/msg/detail/graph__builder.hpp
[2.253s] -- Up-to-date: /home/manish/microros_ws/src/install/micro_ros_msgs/include/micro_ros_msgs/micro_ros_msgs/msg/detail/node__traits.hpp
[2.253s] -- Up-to-date: /home/manish/microros_ws/src/install/micro_ros_msgs/include/micro_ros_msgs/micro_ros_msgs/msg/detail/node__builder.hpp
[2.253s] -- Up-to-date: /home/manish/microros_ws/src/install/micro_ros_msgs/include/micro_ros_msgs/micro_ros_msgs/msg/detail/node__struct.hpp
[2.253s] -- Up-to-date: /home/manish/microros_ws/src/install/micro_ros_msgs/include/micro_ros_msgs/micro_ros_msgs/msg/detail/entity__builder.hpp
[2.253s] -- Up-to-date: /home/manish/microros_ws/src/install/micro_ros_msgs/include/micro_ros_msgs/micro_ros_msgs/msg/detail/graph__struct.hpp
[2.253s] -- Up-to-date: /home/manish/microros_ws/src/install/micro_ros_msgs/include/micro_ros_msgs/micro_ros_msgs/msg/detail/entity__struct.hpp
[2.253s] -- Up-to-date: /home/manish/microros_ws/src/install/micro_ros_msgs/include/micro_ros_msgs/micro_ros_msgs/msg/detail/node__type_support.hpp
[2.253s] -- Up-to-date: /home/manish/microros_ws/src/install/micro_ros_msgs/include/micro_ros_msgs/micro_ros_msgs/msg/rosidl_generator_cpp__visibility_control.hpp
[2.253s] -- Up-to-date: /home/manish/microros_ws/src/install/micro_ros_msgs/include/micro_ros_msgs/micro_ros_msgs/msg/node.hpp
[2.253s] -- Up-to-date: /home/manish/microros_ws/src/install/micro_ros_msgs/include/micro_ros_msgs/micro_ros_msgs
[2.253s] -- Up-to-date: /home/manish/microros_ws/src/install/micro_ros_msgs/include/micro_ros_msgs/micro_ros_msgs/msg
[2.253s] -- Up-to-date: /home/manish/microros_ws/src/install/micro_ros_msgs/include/micro_ros_msgs/micro_ros_msgs/msg/rosidl_typesupport_fastrtps_cpp__visibility_control.h
[2.253s] -- Up-to-date: /home/manish/microros_ws/src/install/micro_ros_msgs/include/micro_ros_msgs/micro_ros_msgs/msg/detail
[2.253s] -- Up-to-date: /home/manish/microros_ws/src/install/micro_ros_msgs/include/micro_ros_msgs/micro_ros_msgs/msg/detail/graph__rosidl_typesupport_fastrtps_cpp.hpp
[2.253s] -- Up-to-date: /home/manish/microros_ws/src/install/micro_ros_msgs/include/micro_ros_msgs/micro_ros_msgs/msg/detail/dds_fastrtps
[2.253s] -- Up-to-date: /home/manish/microros_ws/src/install/micro_ros_msgs/include/micro_ros_msgs/micro_ros_msgs/msg/detail/entity__rosidl_typesupport_fastrtps_cpp.hpp
[2.253s] -- Up-to-date: /home/manish/microros_ws/src/install/micro_ros_msgs/include/micro_ros_msgs/micro_ros_msgs/msg/detail/node__rosidl_typesupport_fastrtps_cpp.hpp
[2.253s] -- Installing: /home/manish/microros_ws/src/install/micro_ros_msgs/lib/libmicro_ros_msgs__rosidl_typesupport_fastrtps_cpp.so
[2.254s] -- Set runtime path of "/home/manish/microros_ws/src/install/micro_ros_msgs/lib/libmicro_ros_msgs__rosidl_typesupport_fastrtps_cpp.so" to ""
[2.254s] -- Up-to-date: /home/manish/microros_ws/src/install/micro_ros_msgs/include/micro_ros_msgs/micro_ros_msgs
[2.254s] -- Up-to-date: /home/manish/microros_ws/src/install/micro_ros_msgs/include/micro_ros_msgs/micro_ros_msgs/msg
[2.254s] -- Up-to-date: /home/manish/microros_ws/src/install/micro_ros_msgs/include/micro_ros_msgs/micro_ros_msgs/msg/detail
[2.254s] -- Up-to-date: /home/manish/microros_ws/src/install/micro_ros_msgs/include/micro_ros_msgs/micro_ros_msgs/msg/detail/node__type_support.cpp
[2.254s] -- Up-to-date: /home/manish/microros_ws/src/install/micro_ros_msgs/include/micro_ros_msgs/micro_ros_msgs/msg/detail/node__rosidl_typesupport_introspection_cpp.hpp
[2.254s] -- Up-to-date: /home/manish/microros_ws/src/install/micro_ros_msgs/include/micro_ros_msgs/micro_ros_msgs/msg/detail/entity__type_support.cpp
[2.254s] -- Up-to-date: /home/manish/microros_ws/src/install/micro_ros_msgs/include/micro_ros_msgs/micro_ros_msgs/msg/detail/entity__rosidl_typesupport_introspection_cpp.hpp
[2.254s] -- Up-to-date: /home/manish/microros_ws/src/install/micro_ros_msgs/include/micro_ros_msgs/micro_ros_msgs/msg/detail/graph__rosidl_typesupport_introspection_cpp.hpp
[2.254s] -- Up-to-date: /home/manish/microros_ws/src/install/micro_ros_msgs/include/micro_ros_msgs/micro_ros_msgs/msg/detail/graph__type_support.cpp
[2.254s] -- Installing: /home/manish/microros_ws/src/install/micro_ros_msgs/lib/libmicro_ros_msgs__rosidl_typesupport_introspection_cpp.so
[2.255s] -- Set runtime path of "/home/manish/microros_ws/src/install/micro_ros_msgs/lib/libmicro_ros_msgs__rosidl_typesupport_introspection_cpp.so" to ""
[2.255s] -- Installing: /home/manish/microros_ws/src/install/micro_ros_msgs/lib/libmicro_ros_msgs__rosidl_typesupport_cpp.so
[2.255s] -- Set runtime path of "/home/manish/microros_ws/src/install/micro_ros_msgs/lib/libmicro_ros_msgs__rosidl_typesupport_cpp.so" to ""
[2.255s] -- Up-to-date: /home/manish/microros_ws/src/install/micro_ros_msgs/share/micro_ros_msgs/environment/pythonpath.sh
[2.255s] -- Installing: /home/manish/microros_ws/src/install/micro_ros_msgs/share/micro_ros_msgs/environment/pythonpath.dsv
[2.256s] -- Up-to-date: /home/manish/microros_ws/src/install/micro_ros_msgs/local/lib/python3.10/dist-packages/micro_ros_msgs-3.0.1-py3.10.egg-info
[2.256s] -- Installing: /home/manish/microros_ws/src/install/micro_ros_msgs/local/lib/python3.10/dist-packages/micro_ros_msgs-3.0.1-py3.10.egg-info/top_level.txt
[2.256s] -- Installing: /home/manish/microros_ws/src/install/micro_ros_msgs/local/lib/python3.10/dist-packages/micro_ros_msgs-3.0.1-py3.10.egg-info/dependency_links.txt
[2.256s] -- Installing: /home/manish/microros_ws/src/install/micro_ros_msgs/local/lib/python3.10/dist-packages/micro_ros_msgs-3.0.1-py3.10.egg-info/PKG-INFO
[2.256s] -- Installing: /home/manish/microros_ws/src/install/micro_ros_msgs/local/lib/python3.10/dist-packages/micro_ros_msgs-3.0.1-py3.10.egg-info/SOURCES.txt
[2.256s] -- Up-to-date: /home/manish/microros_ws/src/install/micro_ros_msgs/local/lib/python3.10/dist-packages/micro_ros_msgs
[2.256s] -- Installing: /home/manish/microros_ws/src/install/micro_ros_msgs/local/lib/python3.10/dist-packages/micro_ros_msgs/micro_ros_msgs_s__rosidl_typesupport_c.cpython-310-x86_64-linux-gnu.so
[2.256s] -- Up-to-date: /home/manish/microros_ws/src/install/micro_ros_msgs/local/lib/python3.10/dist-packages/micro_ros_msgs/msg
[2.256s] -- Up-to-date: /home/manish/microros_ws/src/install/micro_ros_msgs/local/lib/python3.10/dist-packages/micro_ros_msgs/msg/_node_s.c
[2.256s] -- Up-to-date: /home/manish/microros_ws/src/install/micro_ros_msgs/local/lib/python3.10/dist-packages/micro_ros_msgs/msg/_entity.py
[2.256s] -- Up-to-date: /home/manish/microros_ws/src/install/micro_ros_msgs/local/lib/python3.10/dist-packages/micro_ros_msgs/msg/_graph_s.c
[2.257s] -- Up-to-date: /home/manish/microros_ws/src/install/micro_ros_msgs/local/lib/python3.10/dist-packages/micro_ros_msgs/msg/_graph.py
[2.257s] -- Up-to-date: /home/manish/microros_ws/src/install/micro_ros_msgs/local/lib/python3.10/dist-packages/micro_ros_msgs/msg/__init__.py
[2.257s] -- Up-to-date: /home/manish/microros_ws/src/install/micro_ros_msgs/local/lib/python3.10/dist-packages/micro_ros_msgs/msg/_node.py
[2.257s] -- Up-to-date: /home/manish/microros_ws/src/install/micro_ros_msgs/local/lib/python3.10/dist-packages/micro_ros_msgs/msg/_entity_s.c
[2.257s] -- Up-to-date: /home/manish/microros_ws/src/install/micro_ros_msgs/local/lib/python3.10/dist-packages/micro_ros_msgs/_micro_ros_msgs_s.ep.rosidl_typesupport_fastrtps_c.c
[2.257s] -- Installing: /home/manish/microros_ws/src/install/micro_ros_msgs/local/lib/python3.10/dist-packages/micro_ros_msgs/micro_ros_msgs_s__rosidl_typesupport_introspection_c.cpython-310-x86_64-linux-gnu.so
[2.257s] -- Up-to-date: /home/manish/microros_ws/src/install/micro_ros_msgs/local/lib/python3.10/dist-packages/micro_ros_msgs/_micro_ros_msgs_s.ep.rosidl_typesupport_c.c
[2.257s] -- Installing: /home/manish/microros_ws/src/install/micro_ros_msgs/local/lib/python3.10/dist-packages/micro_ros_msgs/__init__.py
[2.257s] -- Up-to-date: /home/manish/microros_ws/src/install/micro_ros_msgs/local/lib/python3.10/dist-packages/micro_ros_msgs/_micro_ros_msgs_s.ep.rosidl_typesupport_introspection_c.c
[2.257s] -- Installing: /home/manish/microros_ws/src/install/micro_ros_msgs/local/lib/python3.10/dist-packages/micro_ros_msgs/libmicro_ros_msgs__rosidl_generator_py.so
[2.257s] -- Installing: /home/manish/microros_ws/src/install/micro_ros_msgs/local/lib/python3.10/dist-packages/micro_ros_msgs/micro_ros_msgs_s__rosidl_typesupport_fastrtps_c.cpython-310-x86_64-linux-gnu.so
[2.283s] Listing '/home/manish/microros_ws/src/install/micro_ros_msgs/local/lib/python3.10/dist-packages/micro_ros_msgs'...
[2.283s] Compiling '/home/manish/microros_ws/src/install/micro_ros_msgs/local/lib/python3.10/dist-packages/micro_ros_msgs/__init__.py'...
[2.283s] Listing '/home/manish/microros_ws/src/install/micro_ros_msgs/local/lib/python3.10/dist-packages/micro_ros_msgs/msg'...
[2.287s] -- Installing: /home/manish/microros_ws/src/install/micro_ros_msgs/local/lib/python3.10/dist-packages/micro_ros_msgs/micro_ros_msgs_s__rosidl_typesupport_fastrtps_c.cpython-310-x86_64-linux-gnu.so
[2.287s] -- Set runtime path of "/home/manish/microros_ws/src/install/micro_ros_msgs/local/lib/python3.10/dist-packages/micro_ros_msgs/micro_ros_msgs_s__rosidl_typesupport_fastrtps_c.cpython-310-x86_64-linux-gnu.so" to ""
[2.287s] -- Installing: /home/manish/microros_ws/src/install/micro_ros_msgs/local/lib/python3.10/dist-packages/micro_ros_msgs/micro_ros_msgs_s__rosidl_typesupport_introspection_c.cpython-310-x86_64-linux-gnu.so
[2.287s] -- Set runtime path of "/home/manish/microros_ws/src/install/micro_ros_msgs/local/lib/python3.10/dist-packages/micro_ros_msgs/micro_ros_msgs_s__rosidl_typesupport_introspection_c.cpython-310-x86_64-linux-gnu.so" to ""
[2.288s] -- Installing: /home/manish/microros_ws/src/install/micro_ros_msgs/local/lib/python3.10/dist-packages/micro_ros_msgs/micro_ros_msgs_s__rosidl_typesupport_c.cpython-310-x86_64-linux-gnu.so
[2.288s] -- Set runtime path of "/home/manish/microros_ws/src/install/micro_ros_msgs/local/lib/python3.10/dist-packages/micro_ros_msgs/micro_ros_msgs_s__rosidl_typesupport_c.cpython-310-x86_64-linux-gnu.so" to ""
[2.288s] -- Installing: /home/manish/microros_ws/src/install/micro_ros_msgs/lib/libmicro_ros_msgs__rosidl_generator_py.so
[2.288s] -- Set runtime path of "/home/manish/microros_ws/src/install/micro_ros_msgs/lib/libmicro_ros_msgs__rosidl_generator_py.so" to ""
[2.288s] -- Up-to-date: /home/manish/microros_ws/src/install/micro_ros_msgs/share/micro_ros_msgs/msg/Graph.idl
[2.289s] -- Up-to-date: /home/manish/microros_ws/src/install/micro_ros_msgs/share/micro_ros_msgs/msg/Node.idl
[2.289s] -- Up-to-date: /home/manish/microros_ws/src/install/micro_ros_msgs/share/micro_ros_msgs/msg/Entity.idl
[2.289s] -- Up-to-date: /home/manish/microros_ws/src/install/micro_ros_msgs/share/micro_ros_msgs/msg/Graph.msg
[2.289s] -- Up-to-date: /home/manish/microros_ws/src/install/micro_ros_msgs/share/micro_ros_msgs/msg/Node.msg
[2.289s] -- Up-to-date: /home/manish/microros_ws/src/install/micro_ros_msgs/share/micro_ros_msgs/msg/Entity.msg
[2.289s] -- Up-to-date: /home/manish/microros_ws/src/install/micro_ros_msgs/share/ament_index/resource_index/package_run_dependencies/micro_ros_msgs
[2.289s] -- Installing: /home/manish/microros_ws/src/install/micro_ros_msgs/share/ament_index/resource_index/parent_prefix_path/micro_ros_msgs
[2.289s] -- Up-to-date: /home/manish/microros_ws/src/install/micro_ros_msgs/share/micro_ros_msgs/environment/ament_prefix_path.sh
[2.289s] -- Installing: /home/manish/microros_ws/src/install/micro_ros_msgs/share/micro_ros_msgs/environment/ament_prefix_path.dsv
[2.289s] -- Up-to-date: /home/manish/microros_ws/src/install/micro_ros_msgs/share/micro_ros_msgs/environment/path.sh
[2.289s] -- Installing: /home/manish/microros_ws/src/install/micro_ros_msgs/share/micro_ros_msgs/environment/path.dsv
[2.289s] -- Up-to-date: /home/manish/microros_ws/src/install/micro_ros_msgs/share/micro_ros_msgs/local_setup.bash
[2.289s] -- Up-to-date: /home/manish/microros_ws/src/install/micro_ros_msgs/share/micro_ros_msgs/local_setup.sh
[2.289s] -- Up-to-date: /home/manish/microros_ws/src/install/micro_ros_msgs/share/micro_ros_msgs/local_setup.zsh
[2.289s] -- Installing: /home/manish/microros_ws/src/install/micro_ros_msgs/share/micro_ros_msgs/local_setup.dsv
[2.289s] -- Installing: /home/manish/microros_ws/src/install/micro_ros_msgs/share/micro_ros_msgs/package.dsv
[2.290s] -- Up-to-date: /home/manish/microros_ws/src/install/micro_ros_msgs/share/ament_index/resource_index/packages/micro_ros_msgs
[2.290s] -- Up-to-date: /home/manish/microros_ws/src/install/micro_ros_msgs/share/micro_ros_msgs/cmake/export_micro_ros_msgs__rosidl_generator_cExport.cmake
[2.290s] -- Up-to-date: /home/manish/microros_ws/src/install/micro_ros_msgs/share/micro_ros_msgs/cmake/export_micro_ros_msgs__rosidl_generator_cExport-noconfig.cmake
[2.290s] -- Up-to-date: /home/manish/microros_ws/src/install/micro_ros_msgs/share/micro_ros_msgs/cmake/export_micro_ros_msgs__rosidl_typesupport_fastrtps_cExport.cmake
[2.290s] -- Up-to-date: /home/manish/microros_ws/src/install/micro_ros_msgs/share/micro_ros_msgs/cmake/export_micro_ros_msgs__rosidl_typesupport_fastrtps_cExport-noconfig.cmake
[2.290s] -- Up-to-date: /home/manish/microros_ws/src/install/micro_ros_msgs/share/micro_ros_msgs/cmake/micro_ros_msgs__rosidl_typesupport_introspection_cExport.cmake
[2.290s] -- Up-to-date: /home/manish/microros_ws/src/install/micro_ros_msgs/share/micro_ros_msgs/cmake/micro_ros_msgs__rosidl_typesupport_introspection_cExport-noconfig.cmake
[2.291s] -- Up-to-date: /home/manish/microros_ws/src/install/micro_ros_msgs/share/micro_ros_msgs/cmake/micro_ros_msgs__rosidl_typesupport_cExport.cmake
[2.291s] -- Up-to-date: /home/manish/microros_ws/src/install/micro_ros_msgs/share/micro_ros_msgs/cmake/micro_ros_msgs__rosidl_typesupport_cExport-noconfig.cmake
[2.291s] -- Up-to-date: /home/manish/microros_ws/src/install/micro_ros_msgs/share/micro_ros_msgs/cmake/export_micro_ros_msgs__rosidl_generator_cppExport.cmake
[2.291s] -- Up-to-date: /home/manish/microros_ws/src/install/micro_ros_msgs/share/micro_ros_msgs/cmake/export_micro_ros_msgs__rosidl_typesupport_fastrtps_cppExport.cmake
[2.291s] -- Up-to-date: /home/manish/microros_ws/src/install/micro_ros_msgs/share/micro_ros_msgs/cmake/export_micro_ros_msgs__rosidl_typesupport_fastrtps_cppExport-noconfig.cmake
[2.291s] -- Up-to-date: /home/manish/microros_ws/src/install/micro_ros_msgs/share/micro_ros_msgs/cmake/micro_ros_msgs__rosidl_typesupport_introspection_cppExport.cmake
[2.291s] -- Up-to-date: /home/manish/microros_ws/src/install/micro_ros_msgs/share/micro_ros_msgs/cmake/micro_ros_msgs__rosidl_typesupport_introspection_cppExport-noconfig.cmake
[2.292s] -- Up-to-date: /home/manish/microros_ws/src/install/micro_ros_msgs/share/micro_ros_msgs/cmake/micro_ros_msgs__rosidl_typesupport_cppExport.cmake
[2.292s] -- Up-to-date: /home/manish/microros_ws/src/install/micro_ros_msgs/share/micro_ros_msgs/cmake/micro_ros_msgs__rosidl_typesupport_cppExport-noconfig.cmake
[2.292s] -- Up-to-date: /home/manish/microros_ws/src/install/micro_ros_msgs/share/micro_ros_msgs/cmake/export_micro_ros_msgs__rosidl_generator_pyExport.cmake
[2.292s] -- Up-to-date: /home/manish/microros_ws/src/install/micro_ros_msgs/share/micro_ros_msgs/cmake/export_micro_ros_msgs__rosidl_generator_pyExport-noconfig.cmake
[2.292s] -- Up-to-date: /home/manish/microros_ws/src/install/micro_ros_msgs/share/micro_ros_msgs/cmake/rosidl_cmake-extras.cmake
[2.292s] -- Up-to-date: /home/manish/microros_ws/src/install/micro_ros_msgs/share/micro_ros_msgs/cmake/ament_cmake_export_include_directories-extras.cmake
[2.292s] -- Up-to-date: /home/manish/microros_ws/src/install/micro_ros_msgs/share/micro_ros_msgs/cmake/ament_cmake_export_libraries-extras.cmake
[2.292s] -- Up-to-date: /home/manish/microros_ws/src/install/micro_ros_msgs/share/micro_ros_msgs/cmake/ament_cmake_export_targets-extras.cmake
[2.292s] -- Up-to-date: /home/manish/microros_ws/src/install/micro_ros_msgs/share/micro_ros_msgs/cmake/rosidl_cmake_export_typesupport_targets-extras.cmake
[2.292s] -- Up-to-date: /home/manish/microros_ws/src/install/micro_ros_msgs/share/micro_ros_msgs/cmake/ament_cmake_export_dependencies-extras.cmake
[2.292s] -- Up-to-date: /home/manish/microros_ws/src/install/micro_ros_msgs/share/micro_ros_msgs/cmake/rosidl_cmake_export_typesupport_libraries-extras.cmake
[2.292s] -- Up-to-date: /home/manish/microros_ws/src/install/micro_ros_msgs/share/micro_ros_msgs/cmake/micro_ros_msgsConfig.cmake
[2.292s] -- Up-to-date: /home/manish/microros_ws/src/install/micro_ros_msgs/share/micro_ros_msgs/cmake/micro_ros_msgsConfig-version.cmake
[2.292s] -- Up-to-date: /home/manish/microros_ws/src/install/micro_ros_msgs/share/micro_ros_msgs/package.xml
[2.294s] Invoked command in '/home/manish/microros_ws/src/build/micro_ros_msgs' returned '0': CMAKE_PREFIX_PATH=${CMAKE_PREFIX_PATH}:/home/manish/dev_ws_cpp/install/my_py_pkg:/opt/ros/humble /usr/bin/cmake --install /home/manish/microros_ws/src/build/micro_ros_msgs
