[0.011s] Invoking command in '/home/manish/microros_ws/src/build/micro_ros_setup': CMAKE_PREFIX_PATH=${CMAKE_PREFIX_PATH}:/home/manish/dev_ws_cpp/install/my_py_pkg:/opt/ros/humble /usr/bin/cmake --build /home/manish/microros_ws/src/build/micro_ros_setup -- -j12 -l12
[0.041s] -- Found ament_cmake: 1.3.11 (/opt/ros/humble/share/ament_cmake/cmake)
[0.161s] -- Found ament_lint_auto: 0.12.12 (/opt/ros/humble/share/ament_lint_auto/cmake)
[0.224s] -- Added test 'copyright' to check source files copyright and LICENSE
[0.241s] -- Added test 'flake8' to check Python code syntax and style conventions
[0.243s] -- Added test 'lint_cmake' to check CMake code style
[0.244s] -- Added test 'pep257' to check Python code against some of the docstring style conventions in PEP 257
[0.250s] -- Added test 'xmllint' to check XML markup files
[0.251s] -- Configuring done
[0.255s] -- Generating done
[0.256s] -- Build files have been written to: /home/manish/microros_ws/src/build/micro_ros_setup
[0.274s] Invoked command in '/home/manish/microros_ws/src/build/micro_ros_setup' returned '0': CMAKE_PREFIX_PATH=${CMAKE_PREFIX_PATH}:/home/manish/dev_ws_cpp/install/my_py_pkg:/opt/ros/humble /usr/bin/cmake --build /home/manish/microros_ws/src/build/micro_ros_setup -- -j12 -l12
[0.284s] Invoking command in '/home/manish/microros_ws/src/build/micro_ros_setup': CMAKE_PREFIX_PATH=${CMAKE_PREFIX_PATH}:/home/manish/dev_ws_cpp/install/my_py_pkg:/opt/ros/humble /usr/bin/cmake --install /home/manish/microros_ws/src/build/micro_ros_setup
[0.290s] -- Install configuration: ""
[0.290s] -- Up-to-date: /home/manish/microros_ws/src/install/micro_ros_setup/share/ament_index/resource_index/package_run_dependencies/micro_ros_setup
[0.290s] -- Installing: /home/manish/microros_ws/src/install/micro_ros_setup/share/ament_index/resource_index/parent_prefix_path/micro_ros_setup
[0.291s] -- Up-to-date: /home/manish/microros_ws/src/install/micro_ros_setup/share/micro_ros_setup/environment/ament_prefix_path.sh
[0.291s] -- Installing: /home/manish/microros_ws/src/install/micro_ros_setup/share/micro_ros_setup/environment/ament_prefix_path.dsv
[0.291s] -- Up-to-date: /home/manish/microros_ws/src/install/micro_ros_setup/share/micro_ros_setup/environment/path.sh
[0.291s] -- Installing: /home/manish/microros_ws/src/install/micro_ros_setup/share/micro_ros_setup/environment/path.dsv
[0.291s] -- Up-to-date: /home/manish/microros_ws/src/install/micro_ros_setup/share/micro_ros_setup/local_setup.bash
[0.291s] -- Up-to-date: /home/manish/microros_ws/src/install/micro_ros_setup/share/micro_ros_setup/local_setup.sh
[0.291s] -- Up-to-date: /home/manish/microros_ws/src/install/micro_ros_setup/share/micro_ros_setup/local_setup.zsh
[0.291s] -- Installing: /home/manish/microros_ws/src/install/micro_ros_setup/share/micro_ros_setup/local_setup.dsv
[0.291s] -- Installing: /home/manish/microros_ws/src/install/micro_ros_setup/share/micro_ros_setup/package.dsv
[0.291s] -- Up-to-date: /home/manish/microros_ws/src/install/micro_ros_setup/share/ament_index/resource_index/packages/micro_ros_setup
[0.291s] -- Up-to-date: /home/manish/microros_ws/src/install/micro_ros_setup/share/micro_ros_setup/cmake/micro_ros_setupConfig.cmake
[0.291s] -- Up-to-date: /home/manish/microros_ws/src/install/micro_ros_setup/share/micro_ros_setup/cmake/micro_ros_setupConfig-version.cmake
[0.292s] -- Up-to-date: /home/manish/microros_ws/src/install/micro_ros_setup/share/micro_ros_setup/package.xml
[0.292s] -- Up-to-date: /home/manish/microros_ws/src/install/micro_ros_setup/./config
[0.292s] -- Up-to-date: /home/manish/microros_ws/src/install/micro_ros_setup/./config/client_uros_packages.repos
[0.292s] -- Up-to-date: /home/manish/microros_ws/src/install/micro_ros_setup/./config/generate_lib
[0.292s] -- Up-to-date: /home/manish/microros_ws/src/install/micro_ros_setup/./config/generate_lib/generic
[0.292s] -- Up-to-date: /home/manish/microros_ws/src/install/micro_ros_setup/./config/generate_lib/generic/client_uros_packages.repos
[0.292s] -- Up-to-date: /home/manish/microros_ws/src/install/micro_ros_setup/./config/generate_lib/generic/client-colcon.meta
[0.292s] -- Up-to-date: /home/manish/microros_ws/src/install/micro_ros_setup/./config/generate_lib/generic/build.sh
[0.292s] -- Up-to-date: /home/manish/microros_ws/src/install/micro_ros_setup/./config/generate_lib/generic/package.xml
[0.292s] -- Up-to-date: /home/manish/microros_ws/src/install/micro_ros_setup/./config/generate_lib/generic/demo_toolchain.cmake
[0.292s] -- Up-to-date: /home/manish/microros_ws/src/install/micro_ros_setup/./config/generate_lib/generic/flash.sh
[0.292s] -- Up-to-date: /home/manish/microros_ws/src/install/micro_ros_setup/./config/generate_lib/generic/create.sh
[0.292s] -- Up-to-date: /home/manish/microros_ws/src/install/micro_ros_setup/./config/generate_lib/dev_uros_packages.repos
[0.292s] -- Up-to-date: /home/manish/microros_ws/src/install/micro_ros_setup/./config/generate_lib/dev_ros2_packages.txt
[0.292s] -- Up-to-date: /home/manish/microros_ws/src/install/micro_ros_setup/./config/agent_uros_packages.repos
[0.292s] -- Up-to-date: /home/manish/microros_ws/src/install/micro_ros_setup/./config/agent_ros2_packages.txt
[0.292s] -- Up-to-date: /home/manish/microros_ws/src/install/micro_ros_setup/./config/client_ros2_packages.txt
[0.293s] -- Up-to-date: /home/manish/microros_ws/src/install/micro_ros_setup/./config/freertos
[0.293s] -- Up-to-date: /home/manish/microros_ws/src/install/micro_ros_setup/./config/freertos/nucleo_f446re
[0.293s] -- Up-to-date: /home/manish/microros_ws/src/install/micro_ros_setup/./config/freertos/nucleo_f446re/client_uros_packages.repos
[0.293s] -- Up-to-date: /home/manish/microros_ws/src/install/micro_ros_setup/./config/freertos/nucleo_f446re/client-colcon.meta
[0.293s] -- Up-to-date: /home/manish/microros_ws/src/install/micro_ros_setup/./config/freertos/nucleo_f446re/build.sh
[0.293s] -- Up-to-date: /home/manish/microros_ws/src/install/micro_ros_setup/./config/freertos/nucleo_f446re/package.xml
[0.293s] -- Up-to-date: /home/manish/microros_ws/src/install/micro_ros_setup/./config/freertos/nucleo_f446re/board.repos
[0.293s] -- Up-to-date: /home/manish/microros_ws/src/install/micro_ros_setup/./config/freertos/nucleo_f446re/configure.sh
[0.293s] -- Up-to-date: /home/manish/microros_ws/src/install/micro_ros_setup/./config/freertos/nucleo_f446re/flash.sh
[0.293s] -- Up-to-date: /home/manish/microros_ws/src/install/micro_ros_setup/./config/freertos/nucleo_f446re/create.sh
[0.293s] -- Up-to-date: /home/manish/microros_ws/src/install/micro_ros_setup/./config/freertos/list_apps.sh
[0.293s] -- Up-to-date: /home/manish/microros_ws/src/install/micro_ros_setup/./config/freertos/dev_uros_packages.repos
[0.293s] -- Up-to-date: /home/manish/microros_ws/src/install/micro_ros_setup/./config/freertos/nucleo_f746zg
[0.293s] -- Up-to-date: /home/manish/microros_ws/src/install/micro_ros_setup/./config/freertos/nucleo_f746zg/client_uros_packages.repos
[0.293s] -- Up-to-date: /home/manish/microros_ws/src/install/micro_ros_setup/./config/freertos/nucleo_f746zg/client-colcon.meta
[0.293s] -- Up-to-date: /home/manish/microros_ws/src/install/micro_ros_setup/./config/freertos/nucleo_f746zg/build.sh
[0.293s] -- Up-to-date: /home/manish/microros_ws/src/install/micro_ros_setup/./config/freertos/nucleo_f746zg/package.xml
[0.294s] -- Up-to-date: /home/manish/microros_ws/src/install/micro_ros_setup/./config/freertos/nucleo_f746zg/board.repos
[0.294s] -- Up-to-date: /home/manish/microros_ws/src/install/micro_ros_setup/./config/freertos/nucleo_f746zg/configure.sh
[0.294s] -- Up-to-date: /home/manish/microros_ws/src/install/micro_ros_setup/./config/freertos/nucleo_f746zg/flash.sh
[0.294s] -- Up-to-date: /home/manish/microros_ws/src/install/micro_ros_setup/./config/freertos/nucleo_f746zg/create.sh
[0.294s] -- Up-to-date: /home/manish/microros_ws/src/install/micro_ros_setup/./config/freertos/crazyflie21
[0.294s] -- Up-to-date: /home/manish/microros_ws/src/install/micro_ros_setup/./config/freertos/crazyflie21/client_uros_packages.repos
[0.294s] -- Up-to-date: /home/manish/microros_ws/src/install/micro_ros_setup/./config/freertos/crazyflie21/client-colcon.meta
[0.294s] -- Up-to-date: /home/manish/microros_ws/src/install/micro_ros_setup/./config/freertos/crazyflie21/build.sh
[0.294s] -- Up-to-date: /home/manish/microros_ws/src/install/micro_ros_setup/./config/freertos/crazyflie21/package.xml
[0.294s] -- Up-to-date: /home/manish/microros_ws/src/install/micro_ros_setup/./config/freertos/crazyflie21/board.repos
[0.294s] -- Up-to-date: /home/manish/microros_ws/src/install/micro_ros_setup/./config/freertos/crazyflie21/configure.sh
[0.294s] -- Up-to-date: /home/manish/microros_ws/src/install/micro_ros_setup/./config/freertos/crazyflie21/flash.sh
[0.294s] -- Up-to-date: /home/manish/microros_ws/src/install/micro_ros_setup/./config/freertos/crazyflie21/create.sh
[0.294s] -- Up-to-date: /home/manish/microros_ws/src/install/micro_ros_setup/./config/freertos/olimex-stm32-e407
[0.294s] -- Up-to-date: /home/manish/microros_ws/src/install/micro_ros_setup/./config/freertos/olimex-stm32-e407/client_uros_packages.repos
[0.295s] -- Up-to-date: /home/manish/microros_ws/src/install/micro_ros_setup/./config/freertos/olimex-stm32-e407/client-colcon.meta
[0.295s] -- Up-to-date: /home/manish/microros_ws/src/install/micro_ros_setup/./config/freertos/olimex-stm32-e407/build.sh
[0.295s] -- Up-to-date: /home/manish/microros_ws/src/install/micro_ros_setup/./config/freertos/olimex-stm32-e407/package.xml
[0.295s] -- Up-to-date: /home/manish/microros_ws/src/install/micro_ros_setup/./config/freertos/olimex-stm32-e407/board.repos
[0.295s] -- Up-to-date: /home/manish/microros_ws/src/install/micro_ros_setup/./config/freertos/olimex-stm32-e407/configure.sh
[0.295s] -- Up-to-date: /home/manish/microros_ws/src/install/micro_ros_setup/./config/freertos/olimex-stm32-e407/flash.sh
[0.295s] -- Up-to-date: /home/manish/microros_ws/src/install/micro_ros_setup/./config/freertos/olimex-stm32-e407/create.sh
[0.295s] -- Up-to-date: /home/manish/microros_ws/src/install/micro_ros_setup/./config/freertos/esp32
[0.295s] -- Up-to-date: /home/manish/microros_ws/src/install/micro_ros_setup/./config/freertos/esp32/client_uros_packages.repos
[0.295s] -- Up-to-date: /home/manish/microros_ws/src/install/micro_ros_setup/./config/freertos/esp32/client-colcon.meta
[0.295s] -- Up-to-date: /home/manish/microros_ws/src/install/micro_ros_setup/./config/freertos/esp32/build.sh
[0.295s] -- Up-to-date: /home/manish/microros_ws/src/install/micro_ros_setup/./config/freertos/esp32/package.xml
[0.295s] -- Up-to-date: /home/manish/microros_ws/src/install/micro_ros_setup/./config/freertos/esp32/README.md
[0.295s] -- Up-to-date: /home/manish/microros_ws/src/install/micro_ros_setup/./config/freertos/esp32/board.repos
[0.295s] -- Up-to-date: /home/manish/microros_ws/src/install/micro_ros_setup/./config/freertos/esp32/configure.sh
[0.295s] -- Up-to-date: /home/manish/microros_ws/src/install/micro_ros_setup/./config/freertos/esp32/flash.sh
[0.295s] -- Up-to-date: /home/manish/microros_ws/src/install/micro_ros_setup/./config/freertos/esp32/create.sh
[0.296s] -- Up-to-date: /home/manish/microros_ws/src/install/micro_ros_setup/./config/freertos/nucleo_f767zi
[0.296s] -- Up-to-date: /home/manish/microros_ws/src/install/micro_ros_setup/./config/freertos/nucleo_f767zi/client_uros_packages.repos
[0.296s] -- Up-to-date: /home/manish/microros_ws/src/install/micro_ros_setup/./config/freertos/nucleo_f767zi/client-colcon.meta
[0.296s] -- Up-to-date: /home/manish/microros_ws/src/install/micro_ros_setup/./config/freertos/nucleo_f767zi/build.sh
[0.296s] -- Up-to-date: /home/manish/microros_ws/src/install/micro_ros_setup/./config/freertos/nucleo_f767zi/package.xml
[0.296s] -- Up-to-date: /home/manish/microros_ws/src/install/micro_ros_setup/./config/freertos/nucleo_f767zi/board.repos
[0.296s] -- Up-to-date: /home/manish/microros_ws/src/install/micro_ros_setup/./config/freertos/nucleo_f767zi/configure.sh
[0.296s] -- Up-to-date: /home/manish/microros_ws/src/install/micro_ros_setup/./config/freertos/nucleo_f767zi/flash.sh
[0.296s] -- Up-to-date: /home/manish/microros_ws/src/install/micro_ros_setup/./config/freertos/nucleo_f767zi/create.sh
[0.296s] -- Up-to-date: /home/manish/microros_ws/src/install/micro_ros_setup/./config/freertos/dev_ros2_packages.txt
[0.296s] -- Up-to-date: /home/manish/microros_ws/src/install/micro_ros_setup/./config/freertos/nucleo_f446ze
[0.296s] -- Up-to-date: /home/manish/microros_ws/src/install/micro_ros_setup/./config/freertos/nucleo_f446ze/client_uros_packages.repos
[0.296s] -- Up-to-date: /home/manish/microros_ws/src/install/micro_ros_setup/./config/freertos/nucleo_f446ze/client-colcon.meta
[0.296s] -- Up-to-date: /home/manish/microros_ws/src/install/micro_ros_setup/./config/freertos/nucleo_f446ze/build.sh
[0.296s] -- Up-to-date: /home/manish/microros_ws/src/install/micro_ros_setup/./config/freertos/nucleo_f446ze/package.xml
[0.296s] -- Up-to-date: /home/manish/microros_ws/src/install/micro_ros_setup/./config/freertos/nucleo_f446ze/board.repos
[0.296s] -- Up-to-date: /home/manish/microros_ws/src/install/micro_ros_setup/./config/freertos/nucleo_f446ze/configure.sh
[0.297s] -- Up-to-date: /home/manish/microros_ws/src/install/micro_ros_setup/./config/freertos/nucleo_f446ze/flash.sh
[0.297s] -- Up-to-date: /home/manish/microros_ws/src/install/micro_ros_setup/./config/freertos/nucleo_f446ze/create.sh
[0.297s] -- Up-to-date: /home/manish/microros_ws/src/install/micro_ros_setup/./config/android
[0.297s] -- Up-to-date: /home/manish/microros_ws/src/install/micro_ros_setup/./config/android/generic
[0.297s] -- Up-to-date: /home/manish/microros_ws/src/install/micro_ros_setup/./config/android/generic/client_uros_packages.repos
[0.297s] -- Up-to-date: /home/manish/microros_ws/src/install/micro_ros_setup/./config/android/generic/client-colcon.meta
[0.297s] -- Up-to-date: /home/manish/microros_ws/src/install/micro_ros_setup/./config/android/generic/build.sh
[0.297s] -- Up-to-date: /home/manish/microros_ws/src/install/micro_ros_setup/./config/android/generic/package.xml
[0.297s] -- Up-to-date: /home/manish/microros_ws/src/install/micro_ros_setup/./config/android/generic/flash.sh
[0.297s] -- Up-to-date: /home/manish/microros_ws/src/install/micro_ros_setup/./config/android/generic/create.sh
[0.297s] -- Up-to-date: /home/manish/microros_ws/src/install/micro_ros_setup/./config/android/dev_uros_packages.repos
[0.297s] -- Up-to-date: /home/manish/microros_ws/src/install/micro_ros_setup/./config/android/dev_ros2_packages.txt
[0.297s] -- Up-to-date: /home/manish/microros_ws/src/install/micro_ros_setup/./config/mbed
[0.297s] -- Up-to-date: /home/manish/microros_ws/src/install/micro_ros_setup/./config/mbed/generic
[0.297s] -- Up-to-date: /home/manish/microros_ws/src/install/micro_ros_setup/./config/mbed/generic/client_uros_packages.repos
[0.297s] -- Up-to-date: /home/manish/microros_ws/src/install/micro_ros_setup/./config/mbed/generic/build.sh
[0.298s] -- Up-to-date: /home/manish/microros_ws/src/install/micro_ros_setup/./config/mbed/generic/package.xml
[0.298s] -- Up-to-date: /home/manish/microros_ws/src/install/micro_ros_setup/./config/mbed/generic/board.repos
[0.298s] -- Up-to-date: /home/manish/microros_ws/src/install/micro_ros_setup/./config/mbed/generic/flash.sh
[0.298s] -- Up-to-date: /home/manish/microros_ws/src/install/micro_ros_setup/./config/mbed/generic/supported_platforms
[0.298s] -- Up-to-date: /home/manish/microros_ws/src/install/micro_ros_setup/./config/mbed/generic/create.sh
[0.298s] -- Up-to-date: /home/manish/microros_ws/src/install/micro_ros_setup/./config/mbed/list_apps.sh
[0.298s] -- Up-to-date: /home/manish/microros_ws/src/install/micro_ros_setup/./config/mbed/dev_uros_packages.repos
[0.298s] -- Up-to-date: /home/manish/microros_ws/src/install/micro_ros_setup/./config/mbed/dev_ros2_packages.txt
[0.298s] -- Up-to-date: /home/manish/microros_ws/src/install/micro_ros_setup/./config/zephyr
[0.298s] -- Up-to-date: /home/manish/microros_ws/src/install/micro_ros_setup/./config/zephyr/generic
[0.298s] -- Up-to-date: /home/manish/microros_ws/src/install/micro_ros_setup/./config/zephyr/generic/client_uros_packages.repos
[0.298s] -- Up-to-date: /home/manish/microros_ws/src/install/micro_ros_setup/./config/zephyr/generic/client-colcon.meta
[0.298s] -- Up-to-date: /home/manish/microros_ws/src/install/micro_ros_setup/./config/zephyr/generic/build.sh
[0.298s] -- Up-to-date: /home/manish/microros_ws/src/install/micro_ros_setup/./config/zephyr/generic/package.xml
[0.298s] -- Up-to-date: /home/manish/microros_ws/src/install/micro_ros_setup/./config/zephyr/generic/board.repos
[0.299s] -- Up-to-date: /home/manish/microros_ws/src/install/micro_ros_setup/./config/zephyr/generic/configure.sh
[0.299s] -- Up-to-date: /home/manish/microros_ws/src/install/micro_ros_setup/./config/zephyr/generic/flash.sh
[0.299s] -- Up-to-date: /home/manish/microros_ws/src/install/micro_ros_setup/./config/zephyr/generic/supported_platforms
[0.299s] -- Up-to-date: /home/manish/microros_ws/src/install/micro_ros_setup/./config/zephyr/generic/create.sh
[0.299s] -- Up-to-date: /home/manish/microros_ws/src/install/micro_ros_setup/./config/zephyr/list_apps.sh
[0.299s] -- Up-to-date: /home/manish/microros_ws/src/install/micro_ros_setup/./config/zephyr/dev_uros_packages.repos
[0.299s] -- Up-to-date: /home/manish/microros_ws/src/install/micro_ros_setup/./config/zephyr/dev_ros2_packages.txt
[0.299s] -- Up-to-date: /home/manish/microros_ws/src/install/micro_ros_setup/./config/host
[0.299s] -- Up-to-date: /home/manish/microros_ws/src/install/micro_ros_setup/./config/host/generic
[0.299s] -- Up-to-date: /home/manish/microros_ws/src/install/micro_ros_setup/./config/host/generic/build.sh
[0.299s] -- Up-to-date: /home/manish/microros_ws/src/install/micro_ros_setup/./config/host/generic/package.xml
[0.299s] -- Up-to-date: /home/manish/microros_ws/src/install/micro_ros_setup/./config/host/generic/client_host_packages.repos
[0.299s] -- Up-to-date: /home/manish/microros_ws/src/install/micro_ros_setup/./config/host/generic/flash.sh
[0.299s] -- Up-to-date: /home/manish/microros_ws/src/install/micro_ros_setup/./config/host/generic/client-host-colcon.meta
[0.299s] -- Up-to-date: /home/manish/microros_ws/src/install/micro_ros_setup/./config/host/generic/create.sh
[0.299s] -- Up-to-date: /home/manish/microros_ws/src/install/micro_ros_setup/./config/host/client_ros2_packages.txt
[0.299s] -- Up-to-date: /home/manish/microros_ws/src/install/micro_ros_setup/./config/host/dev_uros_packages.repos
[0.300s] -- Up-to-date: /home/manish/microros_ws/src/install/micro_ros_setup/./config/host/dev_ros2_packages.txt
[0.300s] -- Up-to-date: /home/manish/microros_ws/src/install/micro_ros_setup/./config/utils.sh
[0.300s] -- Up-to-date: /home/manish/microros_ws/src/install/micro_ros_setup/./config/renesas_ra
[0.300s] -- Up-to-date: /home/manish/microros_ws/src/install/micro_ros_setup/./config/renesas_ra/list_apps.sh
[0.300s] -- Up-to-date: /home/manish/microros_ws/src/install/micro_ros_setup/./config/renesas_ra/dev_uros_packages.repos
[0.300s] -- Up-to-date: /home/manish/microros_ws/src/install/micro_ros_setup/./config/renesas_ra/ra6m5
[0.300s] -- Up-to-date: /home/manish/microros_ws/src/install/micro_ros_setup/./config/renesas_ra/ra6m5/client_uros_packages.repos
[0.300s] -- Up-to-date: /home/manish/microros_ws/src/install/micro_ros_setup/./config/renesas_ra/ra6m5/client-colcon.meta
[0.300s] -- Up-to-date: /home/manish/microros_ws/src/install/micro_ros_setup/./config/renesas_ra/ra6m5/build.sh
[0.300s] -- Up-to-date: /home/manish/microros_ws/src/install/micro_ros_setup/./config/renesas_ra/ra6m5/board.repos
[0.300s] -- Up-to-date: /home/manish/microros_ws/src/install/micro_ros_setup/./config/renesas_ra/ra6m5/configure.sh
[0.300s] -- Up-to-date: /home/manish/microros_ws/src/install/micro_ros_setup/./config/renesas_ra/ra6m5/flash.sh
[0.300s] -- Up-to-date: /home/manish/microros_ws/src/install/micro_ros_setup/./config/renesas_ra/ra6m5/create.sh
[0.301s] -- Up-to-date: /home/manish/microros_ws/src/install/micro_ros_setup/./config/renesas_ra/dev_ros2_packages.txt
[0.301s] -- Up-to-date: /home/manish/microros_ws/src/install/micro_ros_setup/./config/raspbian
[0.301s] -- Up-to-date: /home/manish/microros_ws/src/install/micro_ros_setup/./config/raspbian/generic
[0.301s] -- Up-to-date: /home/manish/microros_ws/src/install/micro_ros_setup/./config/raspbian/generic/client_uros_packages.repos
[0.301s] -- Up-to-date: /home/manish/microros_ws/src/install/micro_ros_setup/./config/raspbian/generic/client-colcon.meta
[0.301s] -- Up-to-date: /home/manish/microros_ws/src/install/micro_ros_setup/./config/raspbian/generic/build.sh
[0.301s] -- Up-to-date: /home/manish/microros_ws/src/install/micro_ros_setup/./config/raspbian/generic/configure.sh
[0.301s] -- Up-to-date: /home/manish/microros_ws/src/install/micro_ros_setup/./config/raspbian/generic/flash.sh
[0.301s] -- Up-to-date: /home/manish/microros_ws/src/install/micro_ros_setup/./config/raspbian/generic/supported_platforms
[0.301s] -- Up-to-date: /home/manish/microros_ws/src/install/micro_ros_setup/./config/raspbian/generic/create.sh
[0.301s] -- Up-to-date: /home/manish/microros_ws/src/install/micro_ros_setup/./config/raspbian/dev_uros_packages.repos
[0.301s] -- Up-to-date: /home/manish/microros_ws/src/install/micro_ros_setup/./config/raspbian/dev_ros2_packages.txt
[0.301s] -- Up-to-date: /home/manish/microros_ws/src/install/micro_ros_setup/lib/micro_ros_setup/create_ws.sh
[0.301s] -- Up-to-date: /home/manish/microros_ws/src/install/micro_ros_setup/lib/micro_ros_setup/create_agent_ws.sh
[0.301s] -- Up-to-date: /home/manish/microros_ws/src/install/micro_ros_setup/lib/micro_ros_setup/create_firmware_ws.sh
[0.301s] -- Up-to-date: /home/manish/microros_ws/src/install/micro_ros_setup/lib/micro_ros_setup/configure_firmware.sh
[0.301s] -- Up-to-date: /home/manish/microros_ws/src/install/micro_ros_setup/lib/micro_ros_setup/flash_firmware.sh
[0.301s] -- Up-to-date: /home/manish/microros_ws/src/install/micro_ros_setup/lib/micro_ros_setup/build_firmware.sh
[0.302s] -- Up-to-date: /home/manish/microros_ws/src/install/micro_ros_setup/lib/micro_ros_setup/build_agent.sh
[0.302s] -- Up-to-date: /home/manish/microros_ws/src/install/micro_ros_setup/lib/micro_ros_setup/yaml_filter.py
[0.302s] -- Up-to-date: /home/manish/microros_ws/src/install/micro_ros_setup/lib/micro_ros_setup/clean_env.sh
[0.302s] -- Up-to-date: /home/manish/microros_ws/src/install/micro_ros_setup/lib/micro_ros_setup/component
[0.302s] Invoked command in '/home/manish/microros_ws/src/build/micro_ros_setup' returned '0': CMAKE_PREFIX_PATH=${CMAKE_PREFIX_PATH}:/home/manish/dev_ws_cpp/install/my_py_pkg:/opt/ros/humble /usr/bin/cmake --install /home/manish/microros_ws/src/build/micro_ros_setup
