[0.078s] DEBUG:colcon:Command line arguments: ['/usr/bin/colcon', 'build', '--symlink-install']
[0.078s] DEBUG:colcon:Parsed command line arguments: Namespace(log_base=None, log_level=None, verb_name='build', build_base='build', install_base='install', merge_install=False, symlink_install=True, test_result_base=None, continue_on_error=False, executor='parallel', parallel_workers=12, event_handlers=None, ignore_user_meta=False, metas=['./colcon.meta'], base_paths=['.'], packages_ignore=None, packages_ignore_regex=None, paths=None, packages_up_to=None, packages_up_to_regex=None, packages_above=None, packages_above_and_dependencies=None, packages_above_depth=None, packages_select_by_dep=None, packages_skip_by_dep=None, packages_skip_up_to=None, packages_select_build_failed=False, packages_skip_build_finished=False, packages_select_test_failures=False, packages_skip_test_passed=False, packages_select=None, packages_skip=None, packages_select_regex=None, packages_skip_regex=None, packages_start=None, packages_end=None, allow_overriding=[], cmake_args=None, cmake_target=None, cmake_target_skip_unavailable=False, cmake_clean_cache=False, cmake_clean_first=False, cmake_force_configure=False, ament_cmake_args=None, catkin_cmake_args=None, catkin_skip_building_tests=False, verb_parser=<colcon_defaults.argument_parser.defaults.DefaultArgumentsDecorator object at 0x74d1b47ea290>, verb_extension=<colcon_core.verb.build.BuildVerb object at 0x74d1b47e9900>, main=<bound method BuildVerb.main of <colcon_core.verb.build.BuildVerb object at 0x74d1b47e9900>>)
[0.174s] Level 1:colcon.colcon_core.package_discovery:discover_packages(colcon_meta) check parameters
[0.174s] Level 1:colcon.colcon_core.package_discovery:discover_packages(recursive) check parameters
[0.174s] Level 1:colcon.colcon_core.package_discovery:discover_packages(ignore) check parameters
[0.174s] Level 1:colcon.colcon_core.package_discovery:discover_packages(path) check parameters
[0.174s] Level 1:colcon.colcon_core.package_discovery:discover_packages(colcon_meta) discover
[0.174s] Level 1:colcon.colcon_core.package_discovery:discover_packages(recursive) discover
[0.174s] INFO:colcon.colcon_core.package_discovery:Crawling recursively for packages in '/home/manish/microros_ws'
[0.174s] Level 1:colcon.colcon_core.package_identification:_identify(.) by extensions ['ignore', 'ignore_ament_install']
[0.174s] Level 1:colcon.colcon_core.package_identification:_identify(.) by extension 'ignore'
[0.175s] Level 1:colcon.colcon_core.package_identification:_identify(.) by extension 'ignore_ament_install'
[0.175s] Level 1:colcon.colcon_core.package_identification:_identify(.) by extensions ['colcon_pkg']
[0.175s] Level 1:colcon.colcon_core.package_identification:_identify(.) by extension 'colcon_pkg'
[0.175s] Level 1:colcon.colcon_core.package_identification:_identify(.) by extensions ['colcon_meta']
[0.175s] Level 1:colcon.colcon_core.package_identification:_identify(.) by extension 'colcon_meta'
[0.175s] Level 1:colcon.colcon_core.package_identification:_identify(.) by extensions ['ros']
[0.175s] Level 1:colcon.colcon_core.package_identification:_identify(.) by extension 'ros'
[0.184s] Level 1:colcon.colcon_core.package_identification:_identify(.) by extensions ['cmake', 'python']
[0.184s] Level 1:colcon.colcon_core.package_identification:_identify(.) by extension 'cmake'
[0.184s] Level 1:colcon.colcon_core.package_identification:_identify(.) by extension 'python'
[0.184s] Level 1:colcon.colcon_core.package_identification:_identify(.) by extensions ['python_setup_py']
[0.184s] Level 1:colcon.colcon_core.package_identification:_identify(.) by extension 'python_setup_py'
[0.184s] Level 1:colcon.colcon_core.package_identification:_identify(build) by extensions ['ignore', 'ignore_ament_install']
[0.184s] Level 1:colcon.colcon_core.package_identification:_identify(build) by extension 'ignore'
[0.184s] Level 1:colcon.colcon_core.package_identification:_identify(build) ignored
[0.184s] Level 1:colcon.colcon_core.package_identification:_identify(install) by extensions ['ignore', 'ignore_ament_install']
[0.184s] Level 1:colcon.colcon_core.package_identification:_identify(install) by extension 'ignore'
[0.184s] Level 1:colcon.colcon_core.package_identification:_identify(install) ignored
[0.184s] Level 1:colcon.colcon_core.package_identification:_identify(log) by extensions ['ignore', 'ignore_ament_install']
[0.184s] Level 1:colcon.colcon_core.package_identification:_identify(log) by extension 'ignore'
[0.184s] Level 1:colcon.colcon_core.package_identification:_identify(log) ignored
[0.186s] Level 1:colcon.colcon_core.package_identification:_identify(src) by extensions ['ignore', 'ignore_ament_install']
[0.186s] Level 1:colcon.colcon_core.package_identification:_identify(src) by extension 'ignore'
[0.186s] Level 1:colcon.colcon_core.package_identification:_identify(src) by extension 'ignore_ament_install'
[0.186s] Level 1:colcon.colcon_core.package_identification:_identify(src) by extensions ['colcon_pkg']
[0.186s] Level 1:colcon.colcon_core.package_identification:_identify(src) by extension 'colcon_pkg'
[0.186s] Level 1:colcon.colcon_core.package_identification:_identify(src) by extensions ['colcon_meta']
[0.186s] Level 1:colcon.colcon_core.package_identification:_identify(src) by extension 'colcon_meta'
[0.186s] Level 1:colcon.colcon_core.package_identification:_identify(src) by extensions ['ros']
[0.186s] Level 1:colcon.colcon_core.package_identification:_identify(src) by extension 'ros'
[0.186s] Level 1:colcon.colcon_core.package_identification:_identify(src) by extensions ['cmake', 'python']
[0.186s] Level 1:colcon.colcon_core.package_identification:_identify(src) by extension 'cmake'
[0.186s] Level 1:colcon.colcon_core.package_identification:_identify(src) by extension 'python'
[0.186s] Level 1:colcon.colcon_core.package_identification:_identify(src) by extensions ['python_setup_py']
[0.186s] Level 1:colcon.colcon_core.package_identification:_identify(src) by extension 'python_setup_py'
[0.187s] Level 1:colcon.colcon_core.package_identification:_identify(src/build) by extensions ['ignore', 'ignore_ament_install']
[0.187s] Level 1:colcon.colcon_core.package_identification:_identify(src/build) by extension 'ignore'
[0.187s] Level 1:colcon.colcon_core.package_identification:_identify(src/build) ignored
[0.187s] Level 1:colcon.colcon_core.package_identification:_identify(src/install) by extensions ['ignore', 'ignore_ament_install']
[0.187s] Level 1:colcon.colcon_core.package_identification:_identify(src/install) by extension 'ignore'
[0.187s] Level 1:colcon.colcon_core.package_identification:_identify(src/install) ignored
[0.187s] Level 1:colcon.colcon_core.package_identification:_identify(src/log) by extensions ['ignore', 'ignore_ament_install']
[0.187s] Level 1:colcon.colcon_core.package_identification:_identify(src/log) by extension 'ignore'
[0.187s] Level 1:colcon.colcon_core.package_identification:_identify(src/log) ignored
[0.188s] Level 1:colcon.colcon_core.package_identification:_identify(src/micro_ros_setup) by extensions ['ignore', 'ignore_ament_install']
[0.188s] Level 1:colcon.colcon_core.package_identification:_identify(src/micro_ros_setup) by extension 'ignore'
[0.188s] Level 1:colcon.colcon_core.package_identification:_identify(src/micro_ros_setup) by extension 'ignore_ament_install'
[0.188s] Level 1:colcon.colcon_core.package_identification:_identify(src/micro_ros_setup) by extensions ['colcon_pkg']
[0.188s] Level 1:colcon.colcon_core.package_identification:_identify(src/micro_ros_setup) by extension 'colcon_pkg'
[0.188s] Level 1:colcon.colcon_core.package_identification:_identify(src/micro_ros_setup) by extensions ['colcon_meta']
[0.188s] Level 1:colcon.colcon_core.package_identification:_identify(src/micro_ros_setup) by extension 'colcon_meta'
[0.188s] Level 1:colcon.colcon_core.package_identification:_identify(src/micro_ros_setup) by extensions ['ros']
[0.188s] Level 1:colcon.colcon_core.package_identification:_identify(src/micro_ros_setup) by extension 'ros'
[0.190s] DEBUG:colcon.colcon_core.package_identification:Package 'src/micro_ros_setup' with type 'ros.ament_cmake' and name 'micro_ros_setup'
[0.191s] Level 1:colcon.colcon_core.package_identification:_identify(src/uros) by extensions ['ignore', 'ignore_ament_install']
[0.191s] Level 1:colcon.colcon_core.package_identification:_identify(src/uros) by extension 'ignore'
[0.191s] Level 1:colcon.colcon_core.package_identification:_identify(src/uros) by extension 'ignore_ament_install'
[0.191s] Level 1:colcon.colcon_core.package_identification:_identify(src/uros) by extensions ['colcon_pkg']
[0.191s] Level 1:colcon.colcon_core.package_identification:_identify(src/uros) by extension 'colcon_pkg'
[0.191s] Level 1:colcon.colcon_core.package_identification:_identify(src/uros) by extensions ['colcon_meta']
[0.191s] Level 1:colcon.colcon_core.package_identification:_identify(src/uros) by extension 'colcon_meta'
[0.191s] Level 1:colcon.colcon_core.package_identification:_identify(src/uros) by extensions ['ros']
[0.191s] Level 1:colcon.colcon_core.package_identification:_identify(src/uros) by extension 'ros'
[0.191s] Level 1:colcon.colcon_core.package_identification:_identify(src/uros) by extensions ['cmake', 'python']
[0.191s] Level 1:colcon.colcon_core.package_identification:_identify(src/uros) by extension 'cmake'
[0.191s] Level 1:colcon.colcon_core.package_identification:_identify(src/uros) by extension 'python'
[0.191s] Level 1:colcon.colcon_core.package_identification:_identify(src/uros) by extensions ['python_setup_py']
[0.191s] Level 1:colcon.colcon_core.package_identification:_identify(src/uros) by extension 'python_setup_py'
[0.191s] Level 1:colcon.colcon_core.package_identification:_identify(src/uros/micro-ROS-Agent) by extensions ['ignore', 'ignore_ament_install']
[0.191s] Level 1:colcon.colcon_core.package_identification:_identify(src/uros/micro-ROS-Agent) by extension 'ignore'
[0.191s] Level 1:colcon.colcon_core.package_identification:_identify(src/uros/micro-ROS-Agent) by extension 'ignore_ament_install'
[0.191s] Level 1:colcon.colcon_core.package_identification:_identify(src/uros/micro-ROS-Agent) by extensions ['colcon_pkg']
[0.191s] Level 1:colcon.colcon_core.package_identification:_identify(src/uros/micro-ROS-Agent) by extension 'colcon_pkg'
[0.191s] Level 1:colcon.colcon_core.package_identification:_identify(src/uros/micro-ROS-Agent) by extensions ['colcon_meta']
[0.191s] Level 1:colcon.colcon_core.package_identification:_identify(src/uros/micro-ROS-Agent) by extension 'colcon_meta'
[0.191s] Level 1:colcon.colcon_core.package_identification:_identify(src/uros/micro-ROS-Agent) by extensions ['ros']
[0.191s] Level 1:colcon.colcon_core.package_identification:_identify(src/uros/micro-ROS-Agent) by extension 'ros'
[0.191s] Level 1:colcon.colcon_core.package_identification:_identify(src/uros/micro-ROS-Agent) by extensions ['cmake', 'python']
[0.191s] Level 1:colcon.colcon_core.package_identification:_identify(src/uros/micro-ROS-Agent) by extension 'cmake'
[0.192s] Level 1:colcon.colcon_core.package_identification:_identify(src/uros/micro-ROS-Agent) by extension 'python'
[0.192s] Level 1:colcon.colcon_core.package_identification:_identify(src/uros/micro-ROS-Agent) by extensions ['python_setup_py']
[0.192s] Level 1:colcon.colcon_core.package_identification:_identify(src/uros/micro-ROS-Agent) by extension 'python_setup_py'
[0.192s] Level 1:colcon.colcon_core.package_identification:_identify(src/uros/micro-ROS-Agent/micro_ros_agent) by extensions ['ignore', 'ignore_ament_install']
[0.192s] Level 1:colcon.colcon_core.package_identification:_identify(src/uros/micro-ROS-Agent/micro_ros_agent) by extension 'ignore'
[0.192s] Level 1:colcon.colcon_core.package_identification:_identify(src/uros/micro-ROS-Agent/micro_ros_agent) by extension 'ignore_ament_install'
[0.192s] Level 1:colcon.colcon_core.package_identification:_identify(src/uros/micro-ROS-Agent/micro_ros_agent) by extensions ['colcon_pkg']
[0.192s] Level 1:colcon.colcon_core.package_identification:_identify(src/uros/micro-ROS-Agent/micro_ros_agent) by extension 'colcon_pkg'
[0.192s] Level 1:colcon.colcon_core.package_identification:_identify(src/uros/micro-ROS-Agent/micro_ros_agent) by extensions ['colcon_meta']
[0.192s] Level 1:colcon.colcon_core.package_identification:_identify(src/uros/micro-ROS-Agent/micro_ros_agent) by extension 'colcon_meta'
[0.192s] Level 1:colcon.colcon_core.package_identification:_identify(src/uros/micro-ROS-Agent/micro_ros_agent) by extensions ['ros']
[0.192s] Level 1:colcon.colcon_core.package_identification:_identify(src/uros/micro-ROS-Agent/micro_ros_agent) by extension 'ros'
[0.193s] DEBUG:colcon.colcon_core.package_identification:Package 'src/uros/micro-ROS-Agent/micro_ros_agent' with type 'ros.ament_cmake' and name 'micro_ros_agent'
[0.193s] Level 1:colcon.colcon_core.package_identification:_identify(src/uros/micro-ROS-Agent/snap) by extensions ['ignore', 'ignore_ament_install']
[0.193s] Level 1:colcon.colcon_core.package_identification:_identify(src/uros/micro-ROS-Agent/snap) by extension 'ignore'
[0.193s] Level 1:colcon.colcon_core.package_identification:_identify(src/uros/micro-ROS-Agent/snap) by extension 'ignore_ament_install'
[0.193s] Level 1:colcon.colcon_core.package_identification:_identify(src/uros/micro-ROS-Agent/snap) by extensions ['colcon_pkg']
[0.194s] Level 1:colcon.colcon_core.package_identification:_identify(src/uros/micro-ROS-Agent/snap) by extension 'colcon_pkg'
[0.194s] Level 1:colcon.colcon_core.package_identification:_identify(src/uros/micro-ROS-Agent/snap) by extensions ['colcon_meta']
[0.194s] Level 1:colcon.colcon_core.package_identification:_identify(src/uros/micro-ROS-Agent/snap) by extension 'colcon_meta'
[0.194s] Level 1:colcon.colcon_core.package_identification:_identify(src/uros/micro-ROS-Agent/snap) by extensions ['ros']
[0.194s] Level 1:colcon.colcon_core.package_identification:_identify(src/uros/micro-ROS-Agent/snap) by extension 'ros'
[0.194s] Level 1:colcon.colcon_core.package_identification:_identify(src/uros/micro-ROS-Agent/snap) by extensions ['cmake', 'python']
[0.194s] Level 1:colcon.colcon_core.package_identification:_identify(src/uros/micro-ROS-Agent/snap) by extension 'cmake'
[0.194s] Level 1:colcon.colcon_core.package_identification:_identify(src/uros/micro-ROS-Agent/snap) by extension 'python'
[0.194s] Level 1:colcon.colcon_core.package_identification:_identify(src/uros/micro-ROS-Agent/snap) by extensions ['python_setup_py']
[0.194s] Level 1:colcon.colcon_core.package_identification:_identify(src/uros/micro-ROS-Agent/snap) by extension 'python_setup_py'
[0.195s] Level 1:colcon.colcon_core.package_identification:_identify(src/uros/micro-ROS-Agent/snap/hooks) by extensions ['ignore', 'ignore_ament_install']
[0.195s] Level 1:colcon.colcon_core.package_identification:_identify(src/uros/micro-ROS-Agent/snap/hooks) by extension 'ignore'
[0.195s] Level 1:colcon.colcon_core.package_identification:_identify(src/uros/micro-ROS-Agent/snap/hooks) by extension 'ignore_ament_install'
[0.195s] Level 1:colcon.colcon_core.package_identification:_identify(src/uros/micro-ROS-Agent/snap/hooks) by extensions ['colcon_pkg']
[0.195s] Level 1:colcon.colcon_core.package_identification:_identify(src/uros/micro-ROS-Agent/snap/hooks) by extension 'colcon_pkg'
[0.196s] Level 1:colcon.colcon_core.package_identification:_identify(src/uros/micro-ROS-Agent/snap/hooks) by extensions ['colcon_meta']
[0.196s] Level 1:colcon.colcon_core.package_identification:_identify(src/uros/micro-ROS-Agent/snap/hooks) by extension 'colcon_meta'
[0.196s] Level 1:colcon.colcon_core.package_identification:_identify(src/uros/micro-ROS-Agent/snap/hooks) by extensions ['ros']
[0.196s] Level 1:colcon.colcon_core.package_identification:_identify(src/uros/micro-ROS-Agent/snap/hooks) by extension 'ros'
[0.196s] Level 1:colcon.colcon_core.package_identification:_identify(src/uros/micro-ROS-Agent/snap/hooks) by extensions ['cmake', 'python']
[0.196s] Level 1:colcon.colcon_core.package_identification:_identify(src/uros/micro-ROS-Agent/snap/hooks) by extension 'cmake'
[0.196s] Level 1:colcon.colcon_core.package_identification:_identify(src/uros/micro-ROS-Agent/snap/hooks) by extension 'python'
[0.196s] Level 1:colcon.colcon_core.package_identification:_identify(src/uros/micro-ROS-Agent/snap/hooks) by extensions ['python_setup_py']
[0.196s] Level 1:colcon.colcon_core.package_identification:_identify(src/uros/micro-ROS-Agent/snap/hooks) by extension 'python_setup_py'
[0.196s] Level 1:colcon.colcon_core.package_identification:_identify(src/uros/micro-ROS-Agent/snap/local) by extensions ['ignore', 'ignore_ament_install']
[0.196s] Level 1:colcon.colcon_core.package_identification:_identify(src/uros/micro-ROS-Agent/snap/local) by extension 'ignore'
[0.196s] Level 1:colcon.colcon_core.package_identification:_identify(src/uros/micro-ROS-Agent/snap/local) by extension 'ignore_ament_install'
[0.196s] Level 1:colcon.colcon_core.package_identification:_identify(src/uros/micro-ROS-Agent/snap/local) by extensions ['colcon_pkg']
[0.196s] Level 1:colcon.colcon_core.package_identification:_identify(src/uros/micro-ROS-Agent/snap/local) by extension 'colcon_pkg'
[0.196s] Level 1:colcon.colcon_core.package_identification:_identify(src/uros/micro-ROS-Agent/snap/local) by extensions ['colcon_meta']
[0.196s] Level 1:colcon.colcon_core.package_identification:_identify(src/uros/micro-ROS-Agent/snap/local) by extension 'colcon_meta'
[0.196s] Level 1:colcon.colcon_core.package_identification:_identify(src/uros/micro-ROS-Agent/snap/local) by extensions ['ros']
[0.196s] Level 1:colcon.colcon_core.package_identification:_identify(src/uros/micro-ROS-Agent/snap/local) by extension 'ros'
[0.196s] Level 1:colcon.colcon_core.package_identification:_identify(src/uros/micro-ROS-Agent/snap/local) by extensions ['cmake', 'python']
[0.196s] Level 1:colcon.colcon_core.package_identification:_identify(src/uros/micro-ROS-Agent/snap/local) by extension 'cmake'
[0.196s] Level 1:colcon.colcon_core.package_identification:_identify(src/uros/micro-ROS-Agent/snap/local) by extension 'python'
[0.196s] Level 1:colcon.colcon_core.package_identification:_identify(src/uros/micro-ROS-Agent/snap/local) by extensions ['python_setup_py']
[0.196s] Level 1:colcon.colcon_core.package_identification:_identify(src/uros/micro-ROS-Agent/snap/local) by extension 'python_setup_py'
[0.197s] Level 1:colcon.colcon_core.package_identification:_identify(src/uros/micro_ros_msgs) by extensions ['ignore', 'ignore_ament_install']
[0.197s] Level 1:colcon.colcon_core.package_identification:_identify(src/uros/micro_ros_msgs) by extension 'ignore'
[0.197s] Level 1:colcon.colcon_core.package_identification:_identify(src/uros/micro_ros_msgs) by extension 'ignore_ament_install'
[0.197s] Level 1:colcon.colcon_core.package_identification:_identify(src/uros/micro_ros_msgs) by extensions ['colcon_pkg']
[0.197s] Level 1:colcon.colcon_core.package_identification:_identify(src/uros/micro_ros_msgs) by extension 'colcon_pkg'
[0.197s] Level 1:colcon.colcon_core.package_identification:_identify(src/uros/micro_ros_msgs) by extensions ['colcon_meta']
[0.197s] Level 1:colcon.colcon_core.package_identification:_identify(src/uros/micro_ros_msgs) by extension 'colcon_meta'
[0.197s] Level 1:colcon.colcon_core.package_identification:_identify(src/uros/micro_ros_msgs) by extensions ['ros']
[0.197s] Level 1:colcon.colcon_core.package_identification:_identify(src/uros/micro_ros_msgs) by extension 'ros'
[0.197s] DEBUG:colcon.colcon_core.package_identification:Package 'src/uros/micro_ros_msgs' with type 'ros.ament_cmake' and name 'micro_ros_msgs'
[0.197s] Level 1:colcon.colcon_core.package_discovery:discover_packages(recursive) using defaults
[0.198s] Level 1:colcon.colcon_core.package_discovery:discover_packages(ignore) discover
[0.198s] Level 1:colcon.colcon_core.package_discovery:discover_packages(ignore) using defaults
[0.198s] Level 1:colcon.colcon_core.package_discovery:discover_packages(path) discover
[0.198s] Level 1:colcon.colcon_core.package_discovery:discover_packages(path) using defaults
[0.212s] Level 1:colcon.colcon_core.package_discovery:discover_packages(prefix_path) check parameters
[0.212s] Level 1:colcon.colcon_core.package_discovery:discover_packages(prefix_path) discover
[0.214s] DEBUG:colcon.colcon_installed_package_information.package_discovery:Found 1 installed packages in /home/manish/microros_ws/install
[0.215s] DEBUG:colcon.colcon_installed_package_information.package_discovery:Found 181 installed packages in /opt/ros/humble
[0.215s] Level 1:colcon.colcon_core.package_discovery:discover_packages(prefix_path) using defaults
[0.239s] Level 5:colcon.colcon_core.verb:set package 'micro_ros_msgs' build argument 'cmake_args' from command line to 'None'
[0.239s] Level 5:colcon.colcon_core.verb:set package 'micro_ros_msgs' build argument 'cmake_target' from command line to 'None'
[0.239s] Level 5:colcon.colcon_core.verb:set package 'micro_ros_msgs' build argument 'cmake_target_skip_unavailable' from command line to 'False'
[0.239s] Level 5:colcon.colcon_core.verb:set package 'micro_ros_msgs' build argument 'cmake_clean_cache' from command line to 'False'
[0.239s] Level 5:colcon.colcon_core.verb:set package 'micro_ros_msgs' build argument 'cmake_clean_first' from command line to 'False'
[0.239s] Level 5:colcon.colcon_core.verb:set package 'micro_ros_msgs' build argument 'cmake_force_configure' from command line to 'False'
[0.239s] Level 5:colcon.colcon_core.verb:set package 'micro_ros_msgs' build argument 'ament_cmake_args' from command line to 'None'
[0.239s] Level 5:colcon.colcon_core.verb:set package 'micro_ros_msgs' build argument 'catkin_cmake_args' from command line to 'None'
[0.239s] Level 5:colcon.colcon_core.verb:set package 'micro_ros_msgs' build argument 'catkin_skip_building_tests' from command line to 'False'
[0.239s] DEBUG:colcon.colcon_core.verb:Building package 'micro_ros_msgs' with the following arguments: {'ament_cmake_args': None, 'build_base': '/home/manish/microros_ws/build/micro_ros_msgs', 'catkin_cmake_args': None, 'catkin_skip_building_tests': False, 'cmake_args': None, 'cmake_clean_cache': False, 'cmake_clean_first': False, 'cmake_force_configure': False, 'cmake_target': None, 'cmake_target_skip_unavailable': False, 'install_base': '/home/manish/microros_ws/install/micro_ros_msgs', 'merge_install': False, 'path': '/home/manish/microros_ws/src/uros/micro_ros_msgs', 'symlink_install': True, 'test_result_base': None}
[0.239s] Level 5:colcon.colcon_core.verb:set package 'micro_ros_setup' build argument 'cmake_args' from command line to 'None'
[0.239s] Level 5:colcon.colcon_core.verb:set package 'micro_ros_setup' build argument 'cmake_target' from command line to 'None'
[0.239s] Level 5:colcon.colcon_core.verb:set package 'micro_ros_setup' build argument 'cmake_target_skip_unavailable' from command line to 'False'
[0.239s] Level 5:colcon.colcon_core.verb:set package 'micro_ros_setup' build argument 'cmake_clean_cache' from command line to 'False'
[0.239s] Level 5:colcon.colcon_core.verb:set package 'micro_ros_setup' build argument 'cmake_clean_first' from command line to 'False'
[0.239s] Level 5:colcon.colcon_core.verb:set package 'micro_ros_setup' build argument 'cmake_force_configure' from command line to 'False'
[0.239s] Level 5:colcon.colcon_core.verb:set package 'micro_ros_setup' build argument 'ament_cmake_args' from command line to 'None'
[0.239s] Level 5:colcon.colcon_core.verb:set package 'micro_ros_setup' build argument 'catkin_cmake_args' from command line to 'None'
[0.239s] Level 5:colcon.colcon_core.verb:set package 'micro_ros_setup' build argument 'catkin_skip_building_tests' from command line to 'False'
[0.240s] DEBUG:colcon.colcon_core.verb:Building package 'micro_ros_setup' with the following arguments: {'ament_cmake_args': None, 'build_base': '/home/manish/microros_ws/build/micro_ros_setup', 'catkin_cmake_args': None, 'catkin_skip_building_tests': False, 'cmake_args': None, 'cmake_clean_cache': False, 'cmake_clean_first': False, 'cmake_force_configure': False, 'cmake_target': None, 'cmake_target_skip_unavailable': False, 'install_base': '/home/manish/microros_ws/install/micro_ros_setup', 'merge_install': False, 'path': '/home/manish/microros_ws/src/micro_ros_setup', 'symlink_install': True, 'test_result_base': None}
[0.240s] Level 5:colcon.colcon_core.verb:set package 'micro_ros_agent' build argument 'cmake_args' from command line to 'None'
[0.240s] Level 5:colcon.colcon_core.verb:set package 'micro_ros_agent' build argument 'cmake_target' from command line to 'None'
[0.240s] Level 5:colcon.colcon_core.verb:set package 'micro_ros_agent' build argument 'cmake_target_skip_unavailable' from command line to 'False'
[0.240s] Level 5:colcon.colcon_core.verb:set package 'micro_ros_agent' build argument 'cmake_clean_cache' from command line to 'False'
[0.240s] Level 5:colcon.colcon_core.verb:set package 'micro_ros_agent' build argument 'cmake_clean_first' from command line to 'False'
[0.240s] Level 5:colcon.colcon_core.verb:set package 'micro_ros_agent' build argument 'cmake_force_configure' from command line to 'False'
[0.240s] Level 5:colcon.colcon_core.verb:set package 'micro_ros_agent' build argument 'ament_cmake_args' from command line to 'None'
[0.240s] Level 5:colcon.colcon_core.verb:set package 'micro_ros_agent' build argument 'catkin_cmake_args' from command line to 'None'
[0.240s] Level 5:colcon.colcon_core.verb:set package 'micro_ros_agent' build argument 'catkin_skip_building_tests' from command line to 'False'
[0.240s] DEBUG:colcon.colcon_core.verb:Building package 'micro_ros_agent' with the following arguments: {'ament_cmake_args': None, 'build_base': '/home/manish/microros_ws/build/micro_ros_agent', 'catkin_cmake_args': None, 'catkin_skip_building_tests': False, 'cmake_args': None, 'cmake_clean_cache': False, 'cmake_clean_first': False, 'cmake_force_configure': False, 'cmake_target': None, 'cmake_target_skip_unavailable': False, 'install_base': '/home/manish/microros_ws/install/micro_ros_agent', 'merge_install': False, 'path': '/home/manish/microros_ws/src/uros/micro-ROS-Agent/micro_ros_agent', 'symlink_install': True, 'test_result_base': None}
[0.240s] INFO:colcon.colcon_core.executor:Executing jobs using 'parallel' executor
[0.241s] DEBUG:colcon.colcon_parallel_executor.executor.parallel:run_until_complete
[0.241s] INFO:colcon.colcon_ros.task.ament_cmake.build:Building ROS package in '/home/manish/microros_ws/src/uros/micro_ros_msgs' with build type 'ament_cmake'
[0.241s] INFO:colcon.colcon_cmake.task.cmake.build:Building CMake package in '/home/manish/microros_ws/src/uros/micro_ros_msgs'
[0.244s] INFO:colcon.colcon_core.plugin_system:Skipping extension 'colcon_core.shell.bat': Not used on non-Windows systems
[0.244s] INFO:colcon.colcon_core.shell:Skip shell extension 'powershell' for command environment: Not usable outside of PowerShell
[0.244s] DEBUG:colcon.colcon_core.shell:Skip shell extension 'dsv' for command environment
[0.247s] INFO:colcon.colcon_ros.task.ament_cmake.build:Building ROS package in '/home/manish/microros_ws/src/micro_ros_setup' with build type 'ament_cmake'
[0.247s] INFO:colcon.colcon_cmake.task.cmake.build:Building CMake package in '/home/manish/microros_ws/src/micro_ros_setup'
[0.247s] INFO:colcon.colcon_core.shell:Skip shell extension 'powershell' for command environment: Not usable outside of PowerShell
[0.247s] DEBUG:colcon.colcon_core.shell:Skip shell extension 'dsv' for command environment
[0.252s] DEBUG:colcon.colcon_core.event_handler.log_command:Invoking command in '/home/manish/microros_ws/build/micro_ros_msgs': CMAKE_PREFIX_PATH=${CMAKE_PREFIX_PATH}:/opt/ros/humble /usr/bin/cmake /home/manish/microros_ws/src/uros/micro_ros_msgs -DAMENT_CMAKE_SYMLINK_INSTALL=1 -DCMAKE_INSTALL_PREFIX=/home/manish/microros_ws/install/micro_ros_msgs
[0.257s] DEBUG:colcon.colcon_core.event_handler.log_command:Invoking command in '/home/manish/microros_ws/build/micro_ros_setup': CMAKE_PREFIX_PATH=${CMAKE_PREFIX_PATH}:/opt/ros/humble /usr/bin/cmake /home/manish/microros_ws/src/micro_ros_setup -DAMENT_CMAKE_SYMLINK_INSTALL=1 -DCMAKE_INSTALL_PREFIX=/home/manish/microros_ws/install/micro_ros_setup
[0.508s] DEBUG:colcon.colcon_core.event_handler.log_command:Invoked command in '/home/manish/microros_ws/build/micro_ros_setup' returned '0': CMAKE_PREFIX_PATH=${CMAKE_PREFIX_PATH}:/opt/ros/humble /usr/bin/cmake /home/manish/microros_ws/src/micro_ros_setup -DAMENT_CMAKE_SYMLINK_INSTALL=1 -DCMAKE_INSTALL_PREFIX=/home/manish/microros_ws/install/micro_ros_setup
[0.509s] DEBUG:colcon.colcon_core.event_handler.log_command:Invoking command in '/home/manish/microros_ws/build/micro_ros_setup': CMAKE_PREFIX_PATH=${CMAKE_PREFIX_PATH}:/opt/ros/humble /usr/bin/cmake --build /home/manish/microros_ws/build/micro_ros_setup -- -j12 -l12
[0.538s] DEBUG:colcon.colcon_core.event_handler.log_command:Invoked command in '/home/manish/microros_ws/build/micro_ros_setup' returned '0': CMAKE_PREFIX_PATH=${CMAKE_PREFIX_PATH}:/opt/ros/humble /usr/bin/cmake --build /home/manish/microros_ws/build/micro_ros_setup -- -j12 -l12
[0.545s] DEBUG:colcon.colcon_core.event_handler.log_command:Invoking command in '/home/manish/microros_ws/build/micro_ros_setup': CMAKE_PREFIX_PATH=${CMAKE_PREFIX_PATH}:/opt/ros/humble /usr/bin/cmake --install /home/manish/microros_ws/build/micro_ros_setup
[0.739s] Level 1:colcon.colcon_core.environment:create_environment_scripts_only(micro_ros_setup)
[0.741s] DEBUG:colcon.colcon_core.event_handler.log_command:Invoked command in '/home/manish/microros_ws/build/micro_ros_setup' returned '0': CMAKE_PREFIX_PATH=${CMAKE_PREFIX_PATH}:/opt/ros/humble /usr/bin/cmake --install /home/manish/microros_ws/build/micro_ros_setup
[0.745s] Level 1:colcon.colcon_core.environment:checking '/home/manish/microros_ws/install/micro_ros_setup' for CMake module files
[0.745s] Level 1:colcon.colcon_core.environment:checking '/home/manish/microros_ws/install/micro_ros_setup' for CMake config files
[0.746s] Level 1:colcon.colcon_core.shell:create_environment_hook('micro_ros_setup', 'cmake_prefix_path')
[0.746s] INFO:colcon.colcon_core.shell:Creating environment hook '/home/manish/microros_ws/install/micro_ros_setup/share/micro_ros_setup/hook/cmake_prefix_path.ps1'
[0.747s] INFO:colcon.colcon_core.shell:Creating environment descriptor '/home/manish/microros_ws/install/micro_ros_setup/share/micro_ros_setup/hook/cmake_prefix_path.dsv'
[0.748s] INFO:colcon.colcon_core.shell:Creating environment hook '/home/manish/microros_ws/install/micro_ros_setup/share/micro_ros_setup/hook/cmake_prefix_path.sh'
[0.749s] Level 1:colcon.colcon_core.environment:checking '/home/manish/microros_ws/install/micro_ros_setup/lib'
[0.749s] Level 1:colcon.colcon_core.environment:checking '/home/manish/microros_ws/install/micro_ros_setup/bin'
[0.749s] Level 1:colcon.colcon_core.environment:checking '/home/manish/microros_ws/install/micro_ros_setup/lib/pkgconfig/micro_ros_setup.pc'
[0.749s] Level 1:colcon.colcon_core.environment:checking '/home/manish/microros_ws/install/micro_ros_setup/lib/python3.10/site-packages'
[0.749s] Level 1:colcon.colcon_core.environment:checking '/home/manish/microros_ws/install/micro_ros_setup/bin'
[0.750s] INFO:colcon.colcon_core.shell:Creating package script '/home/manish/microros_ws/install/micro_ros_setup/share/micro_ros_setup/package.ps1'
[0.750s] INFO:colcon.colcon_core.shell:Creating package descriptor '/home/manish/microros_ws/install/micro_ros_setup/share/micro_ros_setup/package.dsv'
[0.751s] INFO:colcon.colcon_core.shell:Creating package script '/home/manish/microros_ws/install/micro_ros_setup/share/micro_ros_setup/package.sh'
[0.752s] INFO:colcon.colcon_core.shell:Creating package script '/home/manish/microros_ws/install/micro_ros_setup/share/micro_ros_setup/package.bash'
[0.752s] INFO:colcon.colcon_core.shell:Creating package script '/home/manish/microros_ws/install/micro_ros_setup/share/micro_ros_setup/package.zsh'
[0.753s] Level 1:colcon.colcon_core.environment:create_file_with_runtime_dependencies(/home/manish/microros_ws/install/micro_ros_setup/share/colcon-core/packages/micro_ros_setup)
[0.754s] Level 1:colcon.colcon_core.environment:create_environment_scripts_only(micro_ros_setup)
[0.754s] Level 1:colcon.colcon_core.environment:checking '/home/manish/microros_ws/install/micro_ros_setup' for CMake module files
[0.754s] Level 1:colcon.colcon_core.environment:checking '/home/manish/microros_ws/install/micro_ros_setup' for CMake config files
[0.755s] Level 1:colcon.colcon_core.shell:create_environment_hook('micro_ros_setup', 'cmake_prefix_path')
[0.755s] INFO:colcon.colcon_core.shell:Creating environment hook '/home/manish/microros_ws/install/micro_ros_setup/share/micro_ros_setup/hook/cmake_prefix_path.ps1'
[0.755s] INFO:colcon.colcon_core.shell:Creating environment descriptor '/home/manish/microros_ws/install/micro_ros_setup/share/micro_ros_setup/hook/cmake_prefix_path.dsv'
[0.755s] INFO:colcon.colcon_core.shell:Creating environment hook '/home/manish/microros_ws/install/micro_ros_setup/share/micro_ros_setup/hook/cmake_prefix_path.sh'
[0.756s] Level 1:colcon.colcon_core.environment:checking '/home/manish/microros_ws/install/micro_ros_setup/lib'
[0.756s] Level 1:colcon.colcon_core.environment:checking '/home/manish/microros_ws/install/micro_ros_setup/bin'
[0.756s] Level 1:colcon.colcon_core.environment:checking '/home/manish/microros_ws/install/micro_ros_setup/lib/pkgconfig/micro_ros_setup.pc'
[0.756s] Level 1:colcon.colcon_core.environment:checking '/home/manish/microros_ws/install/micro_ros_setup/lib/python3.10/site-packages'
[0.756s] Level 1:colcon.colcon_core.environment:checking '/home/manish/microros_ws/install/micro_ros_setup/bin'
[0.757s] INFO:colcon.colcon_core.shell:Creating package script '/home/manish/microros_ws/install/micro_ros_setup/share/micro_ros_setup/package.ps1'
[0.757s] INFO:colcon.colcon_core.shell:Creating package descriptor '/home/manish/microros_ws/install/micro_ros_setup/share/micro_ros_setup/package.dsv'
[0.757s] INFO:colcon.colcon_core.shell:Creating package script '/home/manish/microros_ws/install/micro_ros_setup/share/micro_ros_setup/package.sh'
[0.758s] INFO:colcon.colcon_core.shell:Creating package script '/home/manish/microros_ws/install/micro_ros_setup/share/micro_ros_setup/package.bash'
[0.758s] INFO:colcon.colcon_core.shell:Creating package script '/home/manish/microros_ws/install/micro_ros_setup/share/micro_ros_setup/package.zsh'
[0.758s] Level 1:colcon.colcon_core.environment:create_file_with_runtime_dependencies(/home/manish/microros_ws/install/micro_ros_setup/share/colcon-core/packages/micro_ros_setup)
[1.476s] DEBUG:colcon.colcon_core.event_handler.log_command:Invoked command in '/home/manish/microros_ws/build/micro_ros_msgs' returned '0': CMAKE_PREFIX_PATH=${CMAKE_PREFIX_PATH}:/opt/ros/humble /usr/bin/cmake /home/manish/microros_ws/src/uros/micro_ros_msgs -DAMENT_CMAKE_SYMLINK_INSTALL=1 -DCMAKE_INSTALL_PREFIX=/home/manish/microros_ws/install/micro_ros_msgs
[1.478s] DEBUG:colcon.colcon_core.event_handler.log_command:Invoking command in '/home/manish/microros_ws/build/micro_ros_msgs': CMAKE_PREFIX_PATH=${CMAKE_PREFIX_PATH}:/opt/ros/humble /usr/bin/cmake --build /home/manish/microros_ws/build/micro_ros_msgs -- -j12 -l12
[3.863s] DEBUG:colcon.colcon_core.event_handler.log_command:Invoked command in '/home/manish/microros_ws/build/micro_ros_msgs' returned '0': CMAKE_PREFIX_PATH=${CMAKE_PREFIX_PATH}:/opt/ros/humble /usr/bin/cmake --build /home/manish/microros_ws/build/micro_ros_msgs -- -j12 -l12
[3.864s] DEBUG:colcon.colcon_core.event_handler.log_command:Invoking command in '/home/manish/microros_ws/build/micro_ros_msgs': CMAKE_PREFIX_PATH=${CMAKE_PREFIX_PATH}:/opt/ros/humble /usr/bin/cmake --install /home/manish/microros_ws/build/micro_ros_msgs
[4.549s] Level 1:colcon.colcon_core.environment:create_environment_scripts_only(micro_ros_msgs)
[4.549s] DEBUG:colcon.colcon_core.event_handler.log_command:Invoked command in '/home/manish/microros_ws/build/micro_ros_msgs' returned '0': CMAKE_PREFIX_PATH=${CMAKE_PREFIX_PATH}:/opt/ros/humble /usr/bin/cmake --install /home/manish/microros_ws/build/micro_ros_msgs
[4.550s] Level 1:colcon.colcon_core.environment:checking '/home/manish/microros_ws/install/micro_ros_msgs' for CMake module files
[4.550s] Level 1:colcon.colcon_core.environment:checking '/home/manish/microros_ws/install/micro_ros_msgs' for CMake config files
[4.551s] Level 1:colcon.colcon_core.shell:create_environment_hook('micro_ros_msgs', 'cmake_prefix_path')
[4.551s] INFO:colcon.colcon_core.shell:Creating environment hook '/home/manish/microros_ws/install/micro_ros_msgs/share/micro_ros_msgs/hook/cmake_prefix_path.ps1'
[4.551s] INFO:colcon.colcon_core.shell:Creating environment descriptor '/home/manish/microros_ws/install/micro_ros_msgs/share/micro_ros_msgs/hook/cmake_prefix_path.dsv'
[4.552s] INFO:colcon.colcon_core.shell:Creating environment hook '/home/manish/microros_ws/install/micro_ros_msgs/share/micro_ros_msgs/hook/cmake_prefix_path.sh'
[4.552s] Level 1:colcon.colcon_core.environment:checking '/home/manish/microros_ws/install/micro_ros_msgs/lib'
[4.552s] Level 1:colcon.colcon_core.shell:create_environment_hook('micro_ros_msgs', 'ld_library_path_lib')
[4.552s] INFO:colcon.colcon_core.shell:Creating environment hook '/home/manish/microros_ws/install/micro_ros_msgs/share/micro_ros_msgs/hook/ld_library_path_lib.ps1'
[4.552s] INFO:colcon.colcon_core.shell:Creating environment descriptor '/home/manish/microros_ws/install/micro_ros_msgs/share/micro_ros_msgs/hook/ld_library_path_lib.dsv'
[4.553s] INFO:colcon.colcon_core.shell:Creating environment hook '/home/manish/microros_ws/install/micro_ros_msgs/share/micro_ros_msgs/hook/ld_library_path_lib.sh'
[4.553s] Level 1:colcon.colcon_core.environment:checking '/home/manish/microros_ws/install/micro_ros_msgs/bin'
[4.553s] Level 1:colcon.colcon_core.environment:checking '/home/manish/microros_ws/install/micro_ros_msgs/lib/pkgconfig/micro_ros_msgs.pc'
[4.553s] Level 1:colcon.colcon_core.environment:checking '/home/manish/microros_ws/install/micro_ros_msgs/lib/python3.10/site-packages'
[4.553s] Level 1:colcon.colcon_core.environment:checking '/home/manish/microros_ws/install/micro_ros_msgs/bin'
[4.554s] INFO:colcon.colcon_core.shell:Creating package script '/home/manish/microros_ws/install/micro_ros_msgs/share/micro_ros_msgs/package.ps1'
[4.554s] INFO:colcon.colcon_core.shell:Creating package descriptor '/home/manish/microros_ws/install/micro_ros_msgs/share/micro_ros_msgs/package.dsv'
[4.554s] INFO:colcon.colcon_core.shell:Creating package script '/home/manish/microros_ws/install/micro_ros_msgs/share/micro_ros_msgs/package.sh'
[4.554s] INFO:colcon.colcon_core.shell:Creating package script '/home/manish/microros_ws/install/micro_ros_msgs/share/micro_ros_msgs/package.bash'
[4.555s] INFO:colcon.colcon_core.shell:Creating package script '/home/manish/microros_ws/install/micro_ros_msgs/share/micro_ros_msgs/package.zsh'
[4.555s] Level 1:colcon.colcon_core.environment:create_file_with_runtime_dependencies(/home/manish/microros_ws/install/micro_ros_msgs/share/colcon-core/packages/micro_ros_msgs)
[4.556s] Level 1:colcon.colcon_core.environment:create_environment_scripts_only(micro_ros_msgs)
[4.556s] Level 1:colcon.colcon_core.environment:checking '/home/manish/microros_ws/install/micro_ros_msgs' for CMake module files
[4.556s] Level 1:colcon.colcon_core.environment:checking '/home/manish/microros_ws/install/micro_ros_msgs' for CMake config files
[4.557s] Level 1:colcon.colcon_core.shell:create_environment_hook('micro_ros_msgs', 'cmake_prefix_path')
[4.557s] INFO:colcon.colcon_core.shell:Creating environment hook '/home/manish/microros_ws/install/micro_ros_msgs/share/micro_ros_msgs/hook/cmake_prefix_path.ps1'
[4.557s] INFO:colcon.colcon_core.shell:Creating environment descriptor '/home/manish/microros_ws/install/micro_ros_msgs/share/micro_ros_msgs/hook/cmake_prefix_path.dsv'
[4.557s] INFO:colcon.colcon_core.shell:Creating environment hook '/home/manish/microros_ws/install/micro_ros_msgs/share/micro_ros_msgs/hook/cmake_prefix_path.sh'
[4.558s] Level 1:colcon.colcon_core.environment:checking '/home/manish/microros_ws/install/micro_ros_msgs/lib'
[4.558s] Level 1:colcon.colcon_core.shell:create_environment_hook('micro_ros_msgs', 'ld_library_path_lib')
[4.558s] INFO:colcon.colcon_core.shell:Creating environment hook '/home/manish/microros_ws/install/micro_ros_msgs/share/micro_ros_msgs/hook/ld_library_path_lib.ps1'
[4.558s] INFO:colcon.colcon_core.shell:Creating environment descriptor '/home/manish/microros_ws/install/micro_ros_msgs/share/micro_ros_msgs/hook/ld_library_path_lib.dsv'
[4.558s] INFO:colcon.colcon_core.shell:Creating environment hook '/home/manish/microros_ws/install/micro_ros_msgs/share/micro_ros_msgs/hook/ld_library_path_lib.sh'
[4.559s] Level 1:colcon.colcon_core.environment:checking '/home/manish/microros_ws/install/micro_ros_msgs/bin'
[4.559s] Level 1:colcon.colcon_core.environment:checking '/home/manish/microros_ws/install/micro_ros_msgs/lib/pkgconfig/micro_ros_msgs.pc'
[4.559s] Level 1:colcon.colcon_core.environment:checking '/home/manish/microros_ws/install/micro_ros_msgs/lib/python3.10/site-packages'
[4.559s] Level 1:colcon.colcon_core.environment:checking '/home/manish/microros_ws/install/micro_ros_msgs/bin'
[4.559s] INFO:colcon.colcon_core.shell:Creating package script '/home/manish/microros_ws/install/micro_ros_msgs/share/micro_ros_msgs/package.ps1'
[4.560s] INFO:colcon.colcon_core.shell:Creating package descriptor '/home/manish/microros_ws/install/micro_ros_msgs/share/micro_ros_msgs/package.dsv'
[4.560s] INFO:colcon.colcon_core.shell:Creating package script '/home/manish/microros_ws/install/micro_ros_msgs/share/micro_ros_msgs/package.sh'
[4.560s] INFO:colcon.colcon_core.shell:Creating package script '/home/manish/microros_ws/install/micro_ros_msgs/share/micro_ros_msgs/package.bash'
[4.561s] INFO:colcon.colcon_core.shell:Creating package script '/home/manish/microros_ws/install/micro_ros_msgs/share/micro_ros_msgs/package.zsh'
[4.561s] Level 1:colcon.colcon_core.environment:create_file_with_runtime_dependencies(/home/manish/microros_ws/install/micro_ros_msgs/share/colcon-core/packages/micro_ros_msgs)
[4.561s] INFO:colcon.colcon_ros.task.ament_cmake.build:Building ROS package in '/home/manish/microros_ws/src/uros/micro-ROS-Agent/micro_ros_agent' with build type 'ament_cmake'
[4.561s] INFO:colcon.colcon_cmake.task.cmake.build:Building CMake package in '/home/manish/microros_ws/src/uros/micro-ROS-Agent/micro_ros_agent'
[4.561s] INFO:colcon.colcon_core.shell:Skip shell extension 'powershell' for command environment: Not usable outside of PowerShell
[4.562s] DEBUG:colcon.colcon_core.shell:Skip shell extension 'dsv' for command environment
[4.570s] DEBUG:colcon.colcon_core.event_handler.log_command:Invoking command in '/home/manish/microros_ws/build/micro_ros_agent': AMENT_PREFIX_PATH=/home/manish/microros_ws/install/micro_ros_msgs:${AMENT_PREFIX_PATH} CMAKE_PREFIX_PATH=/home/manish/microros_ws/install/micro_ros_msgs:/home/manish/microros_ws/install/micro_ros_setup:/opt/ros/humble LD_LIBRARY_PATH=/home/manish/microros_ws/install/micro_ros_msgs/lib:${LD_LIBRARY_PATH} PYTHONPATH=/home/manish/microros_ws/install/micro_ros_msgs/local/lib/python3.10/dist-packages:${PYTHONPATH} /usr/bin/cmake /home/manish/microros_ws/src/uros/micro-ROS-Agent/micro_ros_agent -DAMENT_CMAKE_SYMLINK_INSTALL=1 -DCMAKE_INSTALL_PREFIX=/home/manish/microros_ws/install/micro_ros_agent
[4.868s] DEBUG:colcon.colcon_core.event_handler.log_command:Invoked command in '/home/manish/microros_ws/build/micro_ros_agent' returned '0': AMENT_PREFIX_PATH=/home/manish/microros_ws/install/micro_ros_msgs:${AMENT_PREFIX_PATH} CMAKE_PREFIX_PATH=/home/manish/microros_ws/install/micro_ros_msgs:/home/manish/microros_ws/install/micro_ros_setup:/opt/ros/humble LD_LIBRARY_PATH=/home/manish/microros_ws/install/micro_ros_msgs/lib:${LD_LIBRARY_PATH} PYTHONPATH=/home/manish/microros_ws/install/micro_ros_msgs/local/lib/python3.10/dist-packages:${PYTHONPATH} /usr/bin/cmake /home/manish/microros_ws/src/uros/micro-ROS-Agent/micro_ros_agent -DAMENT_CMAKE_SYMLINK_INSTALL=1 -DCMAKE_INSTALL_PREFIX=/home/manish/microros_ws/install/micro_ros_agent
[4.869s] DEBUG:colcon.colcon_core.event_handler.log_command:Invoking command in '/home/manish/microros_ws/build/micro_ros_agent': AMENT_PREFIX_PATH=/home/manish/microros_ws/install/micro_ros_msgs:${AMENT_PREFIX_PATH} CMAKE_PREFIX_PATH=/home/manish/microros_ws/install/micro_ros_msgs:/home/manish/microros_ws/install/micro_ros_setup:/opt/ros/humble LD_LIBRARY_PATH=/home/manish/microros_ws/install/micro_ros_msgs/lib:${LD_LIBRARY_PATH} PYTHONPATH=/home/manish/microros_ws/install/micro_ros_msgs/local/lib/python3.10/dist-packages:${PYTHONPATH} /usr/bin/cmake --build /home/manish/microros_ws/build/micro_ros_agent -- -j12 -l12
[36.784s] DEBUG:colcon.colcon_core.event_handler.log_command:Invoked command in '/home/manish/microros_ws/build/micro_ros_agent' returned '0': AMENT_PREFIX_PATH=/home/manish/microros_ws/install/micro_ros_msgs:${AMENT_PREFIX_PATH} CMAKE_PREFIX_PATH=/home/manish/microros_ws/install/micro_ros_msgs:/home/manish/microros_ws/install/micro_ros_setup:/opt/ros/humble LD_LIBRARY_PATH=/home/manish/microros_ws/install/micro_ros_msgs/lib:${LD_LIBRARY_PATH} PYTHONPATH=/home/manish/microros_ws/install/micro_ros_msgs/local/lib/python3.10/dist-packages:${PYTHONPATH} /usr/bin/cmake --build /home/manish/microros_ws/build/micro_ros_agent -- -j12 -l12
[36.786s] DEBUG:colcon.colcon_core.event_handler.log_command:Invoking command in '/home/manish/microros_ws/build/micro_ros_agent': AMENT_PREFIX_PATH=/home/manish/microros_ws/install/micro_ros_msgs:${AMENT_PREFIX_PATH} CMAKE_PREFIX_PATH=/home/manish/microros_ws/install/micro_ros_msgs:/home/manish/microros_ws/install/micro_ros_setup:/opt/ros/humble LD_LIBRARY_PATH=/home/manish/microros_ws/install/micro_ros_msgs/lib:${LD_LIBRARY_PATH} PYTHONPATH=/home/manish/microros_ws/install/micro_ros_msgs/local/lib/python3.10/dist-packages:${PYTHONPATH} /usr/bin/cmake --install /home/manish/microros_ws/build/micro_ros_agent
[36.921s] Level 1:colcon.colcon_core.environment:create_environment_scripts_only(micro_ros_agent)
[36.921s] Level 1:colcon.colcon_core.environment:checking '/home/manish/microros_ws/install/micro_ros_agent' for CMake module files
[36.922s] DEBUG:colcon.colcon_core.event_handler.log_command:Invoked command in '/home/manish/microros_ws/build/micro_ros_agent' returned '0': AMENT_PREFIX_PATH=/home/manish/microros_ws/install/micro_ros_msgs:${AMENT_PREFIX_PATH} CMAKE_PREFIX_PATH=/home/manish/microros_ws/install/micro_ros_msgs:/home/manish/microros_ws/install/micro_ros_setup:/opt/ros/humble LD_LIBRARY_PATH=/home/manish/microros_ws/install/micro_ros_msgs/lib:${LD_LIBRARY_PATH} PYTHONPATH=/home/manish/microros_ws/install/micro_ros_msgs/local/lib/python3.10/dist-packages:${PYTHONPATH} /usr/bin/cmake --install /home/manish/microros_ws/build/micro_ros_agent
[36.922s] Level 1:colcon.colcon_core.environment:checking '/home/manish/microros_ws/install/micro_ros_agent' for CMake config files
[36.923s] Level 1:colcon.colcon_core.shell:create_environment_hook('micro_ros_agent', 'cmake_prefix_path')
[36.923s] INFO:colcon.colcon_core.shell:Creating environment hook '/home/manish/microros_ws/install/micro_ros_agent/share/micro_ros_agent/hook/cmake_prefix_path.ps1'
[36.923s] INFO:colcon.colcon_core.shell:Creating environment descriptor '/home/manish/microros_ws/install/micro_ros_agent/share/micro_ros_agent/hook/cmake_prefix_path.dsv'
[36.924s] INFO:colcon.colcon_core.shell:Creating environment hook '/home/manish/microros_ws/install/micro_ros_agent/share/micro_ros_agent/hook/cmake_prefix_path.sh'
[36.924s] Level 1:colcon.colcon_core.environment:checking '/home/manish/microros_ws/install/micro_ros_agent/lib'
[36.924s] Level 1:colcon.colcon_core.shell:create_environment_hook('micro_ros_agent', 'ld_library_path_lib')
[36.925s] INFO:colcon.colcon_core.shell:Creating environment hook '/home/manish/microros_ws/install/micro_ros_agent/share/micro_ros_agent/hook/ld_library_path_lib.ps1'
[36.925s] INFO:colcon.colcon_core.shell:Creating environment descriptor '/home/manish/microros_ws/install/micro_ros_agent/share/micro_ros_agent/hook/ld_library_path_lib.dsv'
[36.925s] INFO:colcon.colcon_core.shell:Creating environment hook '/home/manish/microros_ws/install/micro_ros_agent/share/micro_ros_agent/hook/ld_library_path_lib.sh'
[36.926s] Level 1:colcon.colcon_core.environment:checking '/home/manish/microros_ws/install/micro_ros_agent/bin'
[36.926s] Level 1:colcon.colcon_core.environment:checking '/home/manish/microros_ws/install/micro_ros_agent/lib/pkgconfig/micro_ros_agent.pc'
[36.926s] Level 1:colcon.colcon_core.environment:checking '/home/manish/microros_ws/install/micro_ros_agent/lib/python3.10/site-packages'
[36.926s] Level 1:colcon.colcon_core.environment:checking '/home/manish/microros_ws/install/micro_ros_agent/bin'
[36.926s] INFO:colcon.colcon_core.shell:Creating package script '/home/manish/microros_ws/install/micro_ros_agent/share/micro_ros_agent/package.ps1'
[36.927s] INFO:colcon.colcon_core.shell:Creating package descriptor '/home/manish/microros_ws/install/micro_ros_agent/share/micro_ros_agent/package.dsv'
[36.927s] INFO:colcon.colcon_core.shell:Creating package script '/home/manish/microros_ws/install/micro_ros_agent/share/micro_ros_agent/package.sh'
[36.927s] INFO:colcon.colcon_core.shell:Creating package script '/home/manish/microros_ws/install/micro_ros_agent/share/micro_ros_agent/package.bash'
[36.928s] INFO:colcon.colcon_core.shell:Creating package script '/home/manish/microros_ws/install/micro_ros_agent/share/micro_ros_agent/package.zsh'
[36.928s] Level 1:colcon.colcon_core.environment:create_file_with_runtime_dependencies(/home/manish/microros_ws/install/micro_ros_agent/share/colcon-core/packages/micro_ros_agent)
[36.928s] Level 1:colcon.colcon_core.environment:create_environment_scripts_only(micro_ros_agent)
[36.929s] Level 1:colcon.colcon_core.environment:checking '/home/manish/microros_ws/install/micro_ros_agent' for CMake module files
[36.929s] Level 1:colcon.colcon_core.environment:checking '/home/manish/microros_ws/install/micro_ros_agent' for CMake config files
[36.930s] Level 1:colcon.colcon_core.shell:create_environment_hook('micro_ros_agent', 'cmake_prefix_path')
[36.930s] INFO:colcon.colcon_core.shell:Creating environment hook '/home/manish/microros_ws/install/micro_ros_agent/share/micro_ros_agent/hook/cmake_prefix_path.ps1'
[36.930s] INFO:colcon.colcon_core.shell:Creating environment descriptor '/home/manish/microros_ws/install/micro_ros_agent/share/micro_ros_agent/hook/cmake_prefix_path.dsv'
[36.930s] INFO:colcon.colcon_core.shell:Creating environment hook '/home/manish/microros_ws/install/micro_ros_agent/share/micro_ros_agent/hook/cmake_prefix_path.sh'
[36.930s] Level 1:colcon.colcon_core.environment:checking '/home/manish/microros_ws/install/micro_ros_agent/lib'
[36.931s] Level 1:colcon.colcon_core.shell:create_environment_hook('micro_ros_agent', 'ld_library_path_lib')
[36.931s] INFO:colcon.colcon_core.shell:Creating environment hook '/home/manish/microros_ws/install/micro_ros_agent/share/micro_ros_agent/hook/ld_library_path_lib.ps1'
[36.931s] INFO:colcon.colcon_core.shell:Creating environment descriptor '/home/manish/microros_ws/install/micro_ros_agent/share/micro_ros_agent/hook/ld_library_path_lib.dsv'
[36.931s] INFO:colcon.colcon_core.shell:Creating environment hook '/home/manish/microros_ws/install/micro_ros_agent/share/micro_ros_agent/hook/ld_library_path_lib.sh'
[36.931s] Level 1:colcon.colcon_core.environment:checking '/home/manish/microros_ws/install/micro_ros_agent/bin'
[36.931s] Level 1:colcon.colcon_core.environment:checking '/home/manish/microros_ws/install/micro_ros_agent/lib/pkgconfig/micro_ros_agent.pc'
[36.932s] Level 1:colcon.colcon_core.environment:checking '/home/manish/microros_ws/install/micro_ros_agent/lib/python3.10/site-packages'
[36.932s] Level 1:colcon.colcon_core.environment:checking '/home/manish/microros_ws/install/micro_ros_agent/bin'
[36.932s] INFO:colcon.colcon_core.shell:Creating package script '/home/manish/microros_ws/install/micro_ros_agent/share/micro_ros_agent/package.ps1'
[36.932s] INFO:colcon.colcon_core.shell:Creating package descriptor '/home/manish/microros_ws/install/micro_ros_agent/share/micro_ros_agent/package.dsv'
[36.933s] INFO:colcon.colcon_core.shell:Creating package script '/home/manish/microros_ws/install/micro_ros_agent/share/micro_ros_agent/package.sh'
[36.933s] INFO:colcon.colcon_core.shell:Creating package script '/home/manish/microros_ws/install/micro_ros_agent/share/micro_ros_agent/package.bash'
[36.933s] INFO:colcon.colcon_core.shell:Creating package script '/home/manish/microros_ws/install/micro_ros_agent/share/micro_ros_agent/package.zsh'
[36.933s] Level 1:colcon.colcon_core.environment:create_file_with_runtime_dependencies(/home/manish/microros_ws/install/micro_ros_agent/share/colcon-core/packages/micro_ros_agent)
[36.934s] DEBUG:colcon.colcon_parallel_executor.executor.parallel:closing loop
[36.934s] DEBUG:colcon.colcon_parallel_executor.executor.parallel:loop closed
[36.934s] DEBUG:colcon.colcon_parallel_executor.executor.parallel:run_until_complete finished with '0'
[36.934s] DEBUG:colcon.colcon_core.event_reactor:joining thread
[36.939s] INFO:colcon.colcon_core.plugin_system:Skipping extension 'colcon_notification.desktop_notification.terminal_notifier': Not used on non-Darwin systems
[36.939s] INFO:colcon.colcon_core.plugin_system:Skipping extension 'colcon_notification.desktop_notification.win32': Not used on non-Windows systems
[36.939s] INFO:colcon.colcon_notification.desktop_notification:Sending desktop notification using 'notify2'
[36.955s] DEBUG:colcon.colcon_core.event_reactor:joined thread
[36.955s] INFO:colcon.colcon_core.shell:Creating prefix script '/home/manish/microros_ws/install/local_setup.ps1'
[36.956s] INFO:colcon.colcon_core.shell:Creating prefix util module '/home/manish/microros_ws/install/_local_setup_util_ps1.py'
[36.958s] INFO:colcon.colcon_core.shell:Creating prefix chain script '/home/manish/microros_ws/install/setup.ps1'
[36.959s] INFO:colcon.colcon_core.shell:Creating prefix script '/home/manish/microros_ws/install/local_setup.sh'
[36.959s] INFO:colcon.colcon_core.shell:Creating prefix util module '/home/manish/microros_ws/install/_local_setup_util_sh.py'
[36.960s] INFO:colcon.colcon_core.shell:Creating prefix chain script '/home/manish/microros_ws/install/setup.sh'
[36.961s] INFO:colcon.colcon_core.shell:Creating prefix script '/home/manish/microros_ws/install/local_setup.bash'
[36.961s] INFO:colcon.colcon_core.shell:Creating prefix chain script '/home/manish/microros_ws/install/setup.bash'
[36.962s] INFO:colcon.colcon_core.shell:Creating prefix script '/home/manish/microros_ws/install/local_setup.zsh'
[36.962s] INFO:colcon.colcon_core.shell:Creating prefix chain script '/home/manish/microros_ws/install/setup.zsh'
