[0.072s] DEBUG:colcon:Command line arguments: ['/usr/bin/colcon', 'build']
[0.072s] DEBUG:colcon:Parsed command line arguments: Namespace(log_base=None, log_level=None, verb_name='build', build_base='build', install_base='install', merge_install=False, symlink_install=False, test_result_base=None, continue_on_error=False, executor='parallel', parallel_workers=12, event_handlers=None, ignore_user_meta=False, metas=['./colcon.meta'], base_paths=['.'], packages_ignore=None, packages_ignore_regex=None, paths=None, packages_up_to=None, packages_up_to_regex=None, packages_above=None, packages_above_and_dependencies=None, packages_above_depth=None, packages_select_by_dep=None, packages_skip_by_dep=None, packages_skip_up_to=None, packages_select_build_failed=False, packages_skip_build_finished=False, packages_select_test_failures=False, packages_skip_test_passed=False, packages_select=None, packages_skip=None, packages_select_regex=None, packages_skip_regex=None, packages_start=None, packages_end=None, allow_overriding=[], cmake_args=None, cmake_target=None, cmake_target_skip_unavailable=False, cmake_clean_cache=False, cmake_clean_first=False, cmake_force_configure=False, ament_cmake_args=None, catkin_cmake_args=None, catkin_skip_building_tests=False, verb_parser=<colcon_defaults.argument_parser.defaults.DefaultArgumentsDecorator object at 0x7ab3950407f0>, verb_extension=<colcon_core.verb.build.BuildVerb object at 0x7ab39516dc00>, main=<bound method BuildVerb.main of <colcon_core.verb.build.BuildVerb object at 0x7ab39516dc00>>)
[0.185s] Level 1:colcon.colcon_core.package_discovery:discover_packages(colcon_meta) check parameters
[0.185s] Level 1:colcon.colcon_core.package_discovery:discover_packages(recursive) check parameters
[0.185s] Level 1:colcon.colcon_core.package_discovery:discover_packages(ignore) check parameters
[0.185s] Level 1:colcon.colcon_core.package_discovery:discover_packages(path) check parameters
[0.185s] Level 1:colcon.colcon_core.package_discovery:discover_packages(colcon_meta) discover
[0.185s] Level 1:colcon.colcon_core.package_discovery:discover_packages(recursive) discover
[0.185s] INFO:colcon.colcon_core.package_discovery:Crawling recursively for packages in '/home/manish/microros_ws/src'
[0.185s] Level 1:colcon.colcon_core.package_identification:_identify(.) by extensions ['ignore', 'ignore_ament_install']
[0.185s] Level 1:colcon.colcon_core.package_identification:_identify(.) by extension 'ignore'
[0.185s] Level 1:colcon.colcon_core.package_identification:_identify(.) by extension 'ignore_ament_install'
[0.185s] Level 1:colcon.colcon_core.package_identification:_identify(.) by extensions ['colcon_pkg']
[0.185s] Level 1:colcon.colcon_core.package_identification:_identify(.) by extension 'colcon_pkg'
[0.185s] Level 1:colcon.colcon_core.package_identification:_identify(.) by extensions ['colcon_meta']
[0.185s] Level 1:colcon.colcon_core.package_identification:_identify(.) by extension 'colcon_meta'
[0.185s] Level 1:colcon.colcon_core.package_identification:_identify(.) by extensions ['ros']
[0.185s] Level 1:colcon.colcon_core.package_identification:_identify(.) by extension 'ros'
[0.193s] Level 1:colcon.colcon_core.package_identification:_identify(.) by extensions ['cmake', 'python']
[0.193s] Level 1:colcon.colcon_core.package_identification:_identify(.) by extension 'cmake'
[0.193s] Level 1:colcon.colcon_core.package_identification:_identify(.) by extension 'python'
[0.193s] Level 1:colcon.colcon_core.package_identification:_identify(.) by extensions ['python_setup_py']
[0.193s] Level 1:colcon.colcon_core.package_identification:_identify(.) by extension 'python_setup_py'
[0.193s] Level 1:colcon.colcon_core.package_identification:_identify(build) by extensions ['ignore', 'ignore_ament_install']
[0.193s] Level 1:colcon.colcon_core.package_identification:_identify(build) by extension 'ignore'
[0.193s] Level 1:colcon.colcon_core.package_identification:_identify(build) ignored
[0.193s] Level 1:colcon.colcon_core.package_identification:_identify(install) by extensions ['ignore', 'ignore_ament_install']
[0.193s] Level 1:colcon.colcon_core.package_identification:_identify(install) by extension 'ignore'
[0.193s] Level 1:colcon.colcon_core.package_identification:_identify(install) ignored
[0.193s] Level 1:colcon.colcon_core.package_identification:_identify(log) by extensions ['ignore', 'ignore_ament_install']
[0.193s] Level 1:colcon.colcon_core.package_identification:_identify(log) by extension 'ignore'
[0.193s] Level 1:colcon.colcon_core.package_identification:_identify(log) ignored
[0.195s] Level 1:colcon.colcon_core.package_identification:_identify(micro_ros_setup) by extensions ['ignore', 'ignore_ament_install']
[0.195s] Level 1:colcon.colcon_core.package_identification:_identify(micro_ros_setup) by extension 'ignore'
[0.195s] Level 1:colcon.colcon_core.package_identification:_identify(micro_ros_setup) by extension 'ignore_ament_install'
[0.195s] Level 1:colcon.colcon_core.package_identification:_identify(micro_ros_setup) by extensions ['colcon_pkg']
[0.195s] Level 1:colcon.colcon_core.package_identification:_identify(micro_ros_setup) by extension 'colcon_pkg'
[0.195s] Level 1:colcon.colcon_core.package_identification:_identify(micro_ros_setup) by extensions ['colcon_meta']
[0.195s] Level 1:colcon.colcon_core.package_identification:_identify(micro_ros_setup) by extension 'colcon_meta'
[0.195s] Level 1:colcon.colcon_core.package_identification:_identify(micro_ros_setup) by extensions ['ros']
[0.195s] Level 1:colcon.colcon_core.package_identification:_identify(micro_ros_setup) by extension 'ros'
[0.197s] DEBUG:colcon.colcon_core.package_identification:Package 'micro_ros_setup' with type 'ros.ament_cmake' and name 'micro_ros_setup'
[0.198s] Level 1:colcon.colcon_core.package_identification:_identify(uros) by extensions ['ignore', 'ignore_ament_install']
[0.198s] Level 1:colcon.colcon_core.package_identification:_identify(uros) by extension 'ignore'
[0.198s] Level 1:colcon.colcon_core.package_identification:_identify(uros) by extension 'ignore_ament_install'
[0.198s] Level 1:colcon.colcon_core.package_identification:_identify(uros) by extensions ['colcon_pkg']
[0.198s] Level 1:colcon.colcon_core.package_identification:_identify(uros) by extension 'colcon_pkg'
[0.198s] Level 1:colcon.colcon_core.package_identification:_identify(uros) by extensions ['colcon_meta']
[0.198s] Level 1:colcon.colcon_core.package_identification:_identify(uros) by extension 'colcon_meta'
[0.198s] Level 1:colcon.colcon_core.package_identification:_identify(uros) by extensions ['ros']
[0.198s] Level 1:colcon.colcon_core.package_identification:_identify(uros) by extension 'ros'
[0.198s] Level 1:colcon.colcon_core.package_identification:_identify(uros) by extensions ['cmake', 'python']
[0.198s] Level 1:colcon.colcon_core.package_identification:_identify(uros) by extension 'cmake'
[0.198s] Level 1:colcon.colcon_core.package_identification:_identify(uros) by extension 'python'
[0.198s] Level 1:colcon.colcon_core.package_identification:_identify(uros) by extensions ['python_setup_py']
[0.198s] Level 1:colcon.colcon_core.package_identification:_identify(uros) by extension 'python_setup_py'
[0.198s] Level 1:colcon.colcon_core.package_identification:_identify(uros/micro-ROS-Agent) by extensions ['ignore', 'ignore_ament_install']
[0.198s] Level 1:colcon.colcon_core.package_identification:_identify(uros/micro-ROS-Agent) by extension 'ignore'
[0.198s] Level 1:colcon.colcon_core.package_identification:_identify(uros/micro-ROS-Agent) by extension 'ignore_ament_install'
[0.198s] Level 1:colcon.colcon_core.package_identification:_identify(uros/micro-ROS-Agent) by extensions ['colcon_pkg']
[0.199s] Level 1:colcon.colcon_core.package_identification:_identify(uros/micro-ROS-Agent) by extension 'colcon_pkg'
[0.199s] Level 1:colcon.colcon_core.package_identification:_identify(uros/micro-ROS-Agent) by extensions ['colcon_meta']
[0.199s] Level 1:colcon.colcon_core.package_identification:_identify(uros/micro-ROS-Agent) by extension 'colcon_meta'
[0.199s] Level 1:colcon.colcon_core.package_identification:_identify(uros/micro-ROS-Agent) by extensions ['ros']
[0.199s] Level 1:colcon.colcon_core.package_identification:_identify(uros/micro-ROS-Agent) by extension 'ros'
[0.199s] Level 1:colcon.colcon_core.package_identification:_identify(uros/micro-ROS-Agent) by extensions ['cmake', 'python']
[0.199s] Level 1:colcon.colcon_core.package_identification:_identify(uros/micro-ROS-Agent) by extension 'cmake'
[0.199s] Level 1:colcon.colcon_core.package_identification:_identify(uros/micro-ROS-Agent) by extension 'python'
[0.199s] Level 1:colcon.colcon_core.package_identification:_identify(uros/micro-ROS-Agent) by extensions ['python_setup_py']
[0.199s] Level 1:colcon.colcon_core.package_identification:_identify(uros/micro-ROS-Agent) by extension 'python_setup_py'
[0.199s] Level 1:colcon.colcon_core.package_identification:_identify(uros/micro-ROS-Agent/micro_ros_agent) by extensions ['ignore', 'ignore_ament_install']
[0.199s] Level 1:colcon.colcon_core.package_identification:_identify(uros/micro-ROS-Agent/micro_ros_agent) by extension 'ignore'
[0.199s] Level 1:colcon.colcon_core.package_identification:_identify(uros/micro-ROS-Agent/micro_ros_agent) by extension 'ignore_ament_install'
[0.199s] Level 1:colcon.colcon_core.package_identification:_identify(uros/micro-ROS-Agent/micro_ros_agent) by extensions ['colcon_pkg']
[0.199s] Level 1:colcon.colcon_core.package_identification:_identify(uros/micro-ROS-Agent/micro_ros_agent) by extension 'colcon_pkg'
[0.199s] Level 1:colcon.colcon_core.package_identification:_identify(uros/micro-ROS-Agent/micro_ros_agent) by extensions ['colcon_meta']
[0.199s] Level 1:colcon.colcon_core.package_identification:_identify(uros/micro-ROS-Agent/micro_ros_agent) by extension 'colcon_meta'
[0.199s] Level 1:colcon.colcon_core.package_identification:_identify(uros/micro-ROS-Agent/micro_ros_agent) by extensions ['ros']
[0.199s] Level 1:colcon.colcon_core.package_identification:_identify(uros/micro-ROS-Agent/micro_ros_agent) by extension 'ros'
[0.200s] DEBUG:colcon.colcon_core.package_identification:Package 'uros/micro-ROS-Agent/micro_ros_agent' with type 'ros.ament_cmake' and name 'micro_ros_agent'
[0.201s] Level 1:colcon.colcon_core.package_identification:_identify(uros/micro-ROS-Agent/snap) by extensions ['ignore', 'ignore_ament_install']
[0.201s] Level 1:colcon.colcon_core.package_identification:_identify(uros/micro-ROS-Agent/snap) by extension 'ignore'
[0.201s] Level 1:colcon.colcon_core.package_identification:_identify(uros/micro-ROS-Agent/snap) by extension 'ignore_ament_install'
[0.201s] Level 1:colcon.colcon_core.package_identification:_identify(uros/micro-ROS-Agent/snap) by extensions ['colcon_pkg']
[0.201s] Level 1:colcon.colcon_core.package_identification:_identify(uros/micro-ROS-Agent/snap) by extension 'colcon_pkg'
[0.201s] Level 1:colcon.colcon_core.package_identification:_identify(uros/micro-ROS-Agent/snap) by extensions ['colcon_meta']
[0.201s] Level 1:colcon.colcon_core.package_identification:_identify(uros/micro-ROS-Agent/snap) by extension 'colcon_meta'
[0.201s] Level 1:colcon.colcon_core.package_identification:_identify(uros/micro-ROS-Agent/snap) by extensions ['ros']
[0.201s] Level 1:colcon.colcon_core.package_identification:_identify(uros/micro-ROS-Agent/snap) by extension 'ros'
[0.201s] Level 1:colcon.colcon_core.package_identification:_identify(uros/micro-ROS-Agent/snap) by extensions ['cmake', 'python']
[0.201s] Level 1:colcon.colcon_core.package_identification:_identify(uros/micro-ROS-Agent/snap) by extension 'cmake'
[0.201s] Level 1:colcon.colcon_core.package_identification:_identify(uros/micro-ROS-Agent/snap) by extension 'python'
[0.201s] Level 1:colcon.colcon_core.package_identification:_identify(uros/micro-ROS-Agent/snap) by extensions ['python_setup_py']
[0.201s] Level 1:colcon.colcon_core.package_identification:_identify(uros/micro-ROS-Agent/snap) by extension 'python_setup_py'
[0.201s] Level 1:colcon.colcon_core.package_identification:_identify(uros/micro-ROS-Agent/snap/hooks) by extensions ['ignore', 'ignore_ament_install']
[0.201s] Level 1:colcon.colcon_core.package_identification:_identify(uros/micro-ROS-Agent/snap/hooks) by extension 'ignore'
[0.201s] Level 1:colcon.colcon_core.package_identification:_identify(uros/micro-ROS-Agent/snap/hooks) by extension 'ignore_ament_install'
[0.201s] Level 1:colcon.colcon_core.package_identification:_identify(uros/micro-ROS-Agent/snap/hooks) by extensions ['colcon_pkg']
[0.201s] Level 1:colcon.colcon_core.package_identification:_identify(uros/micro-ROS-Agent/snap/hooks) by extension 'colcon_pkg'
[0.201s] Level 1:colcon.colcon_core.package_identification:_identify(uros/micro-ROS-Agent/snap/hooks) by extensions ['colcon_meta']
[0.201s] Level 1:colcon.colcon_core.package_identification:_identify(uros/micro-ROS-Agent/snap/hooks) by extension 'colcon_meta'
[0.201s] Level 1:colcon.colcon_core.package_identification:_identify(uros/micro-ROS-Agent/snap/hooks) by extensions ['ros']
[0.201s] Level 1:colcon.colcon_core.package_identification:_identify(uros/micro-ROS-Agent/snap/hooks) by extension 'ros'
[0.201s] Level 1:colcon.colcon_core.package_identification:_identify(uros/micro-ROS-Agent/snap/hooks) by extensions ['cmake', 'python']
[0.201s] Level 1:colcon.colcon_core.package_identification:_identify(uros/micro-ROS-Agent/snap/hooks) by extension 'cmake'
[0.202s] Level 1:colcon.colcon_core.package_identification:_identify(uros/micro-ROS-Agent/snap/hooks) by extension 'python'
[0.202s] Level 1:colcon.colcon_core.package_identification:_identify(uros/micro-ROS-Agent/snap/hooks) by extensions ['python_setup_py']
[0.202s] Level 1:colcon.colcon_core.package_identification:_identify(uros/micro-ROS-Agent/snap/hooks) by extension 'python_setup_py'
[0.202s] Level 1:colcon.colcon_core.package_identification:_identify(uros/micro-ROS-Agent/snap/local) by extensions ['ignore', 'ignore_ament_install']
[0.202s] Level 1:colcon.colcon_core.package_identification:_identify(uros/micro-ROS-Agent/snap/local) by extension 'ignore'
[0.202s] Level 1:colcon.colcon_core.package_identification:_identify(uros/micro-ROS-Agent/snap/local) by extension 'ignore_ament_install'
[0.202s] Level 1:colcon.colcon_core.package_identification:_identify(uros/micro-ROS-Agent/snap/local) by extensions ['colcon_pkg']
[0.202s] Level 1:colcon.colcon_core.package_identification:_identify(uros/micro-ROS-Agent/snap/local) by extension 'colcon_pkg'
[0.202s] Level 1:colcon.colcon_core.package_identification:_identify(uros/micro-ROS-Agent/snap/local) by extensions ['colcon_meta']
[0.202s] Level 1:colcon.colcon_core.package_identification:_identify(uros/micro-ROS-Agent/snap/local) by extension 'colcon_meta'
[0.202s] Level 1:colcon.colcon_core.package_identification:_identify(uros/micro-ROS-Agent/snap/local) by extensions ['ros']
[0.202s] Level 1:colcon.colcon_core.package_identification:_identify(uros/micro-ROS-Agent/snap/local) by extension 'ros'
[0.202s] Level 1:colcon.colcon_core.package_identification:_identify(uros/micro-ROS-Agent/snap/local) by extensions ['cmake', 'python']
[0.202s] Level 1:colcon.colcon_core.package_identification:_identify(uros/micro-ROS-Agent/snap/local) by extension 'cmake'
[0.202s] Level 1:colcon.colcon_core.package_identification:_identify(uros/micro-ROS-Agent/snap/local) by extension 'python'
[0.202s] Level 1:colcon.colcon_core.package_identification:_identify(uros/micro-ROS-Agent/snap/local) by extensions ['python_setup_py']
[0.202s] Level 1:colcon.colcon_core.package_identification:_identify(uros/micro-ROS-Agent/snap/local) by extension 'python_setup_py'
[0.202s] Level 1:colcon.colcon_core.package_identification:_identify(uros/micro_ros_msgs) by extensions ['ignore', 'ignore_ament_install']
[0.203s] Level 1:colcon.colcon_core.package_identification:_identify(uros/micro_ros_msgs) by extension 'ignore'
[0.203s] Level 1:colcon.colcon_core.package_identification:_identify(uros/micro_ros_msgs) by extension 'ignore_ament_install'
[0.203s] Level 1:colcon.colcon_core.package_identification:_identify(uros/micro_ros_msgs) by extensions ['colcon_pkg']
[0.203s] Level 1:colcon.colcon_core.package_identification:_identify(uros/micro_ros_msgs) by extension 'colcon_pkg'
[0.203s] Level 1:colcon.colcon_core.package_identification:_identify(uros/micro_ros_msgs) by extensions ['colcon_meta']
[0.203s] Level 1:colcon.colcon_core.package_identification:_identify(uros/micro_ros_msgs) by extension 'colcon_meta'
[0.203s] Level 1:colcon.colcon_core.package_identification:_identify(uros/micro_ros_msgs) by extensions ['ros']
[0.203s] Level 1:colcon.colcon_core.package_identification:_identify(uros/micro_ros_msgs) by extension 'ros'
[0.203s] DEBUG:colcon.colcon_core.package_identification:Package 'uros/micro_ros_msgs' with type 'ros.ament_cmake' and name 'micro_ros_msgs'
[0.203s] Level 1:colcon.colcon_core.package_discovery:discover_packages(recursive) using defaults
[0.203s] Level 1:colcon.colcon_core.package_discovery:discover_packages(ignore) discover
[0.203s] Level 1:colcon.colcon_core.package_discovery:discover_packages(ignore) using defaults
[0.203s] Level 1:colcon.colcon_core.package_discovery:discover_packages(path) discover
[0.203s] Level 1:colcon.colcon_core.package_discovery:discover_packages(path) using defaults
[0.225s] Level 1:colcon.colcon_core.package_discovery:discover_packages(prefix_path) check parameters
[0.225s] Level 1:colcon.colcon_core.package_discovery:discover_packages(prefix_path) discover
[0.226s] DEBUG:colcon.colcon_installed_package_information.package_discovery:Found 2 installed packages in /home/manish/dev_ws_cpp/install
[0.227s] DEBUG:colcon.colcon_installed_package_information.package_discovery:Found 282 installed packages in /opt/ros/humble
[0.228s] Level 1:colcon.colcon_core.package_discovery:discover_packages(prefix_path) using defaults
[0.252s] Level 5:colcon.colcon_core.verb:set package 'micro_ros_msgs' build argument 'cmake_args' from command line to 'None'
[0.252s] Level 5:colcon.colcon_core.verb:set package 'micro_ros_msgs' build argument 'cmake_target' from command line to 'None'
[0.252s] Level 5:colcon.colcon_core.verb:set package 'micro_ros_msgs' build argument 'cmake_target_skip_unavailable' from command line to 'False'
[0.252s] Level 5:colcon.colcon_core.verb:set package 'micro_ros_msgs' build argument 'cmake_clean_cache' from command line to 'False'
[0.252s] Level 5:colcon.colcon_core.verb:set package 'micro_ros_msgs' build argument 'cmake_clean_first' from command line to 'False'
[0.252s] Level 5:colcon.colcon_core.verb:set package 'micro_ros_msgs' build argument 'cmake_force_configure' from command line to 'False'
[0.252s] Level 5:colcon.colcon_core.verb:set package 'micro_ros_msgs' build argument 'ament_cmake_args' from command line to 'None'
[0.252s] Level 5:colcon.colcon_core.verb:set package 'micro_ros_msgs' build argument 'catkin_cmake_args' from command line to 'None'
[0.252s] Level 5:colcon.colcon_core.verb:set package 'micro_ros_msgs' build argument 'catkin_skip_building_tests' from command line to 'False'
[0.252s] DEBUG:colcon.colcon_core.verb:Building package 'micro_ros_msgs' with the following arguments: {'ament_cmake_args': None, 'build_base': '/home/manish/microros_ws/src/build/micro_ros_msgs', 'catkin_cmake_args': None, 'catkin_skip_building_tests': False, 'cmake_args': None, 'cmake_clean_cache': False, 'cmake_clean_first': False, 'cmake_force_configure': False, 'cmake_target': None, 'cmake_target_skip_unavailable': False, 'install_base': '/home/manish/microros_ws/src/install/micro_ros_msgs', 'merge_install': False, 'path': '/home/manish/microros_ws/src/uros/micro_ros_msgs', 'symlink_install': False, 'test_result_base': None}
[0.253s] Level 5:colcon.colcon_core.verb:set package 'micro_ros_setup' build argument 'cmake_args' from command line to 'None'
[0.253s] Level 5:colcon.colcon_core.verb:set package 'micro_ros_setup' build argument 'cmake_target' from command line to 'None'
[0.253s] Level 5:colcon.colcon_core.verb:set package 'micro_ros_setup' build argument 'cmake_target_skip_unavailable' from command line to 'False'
[0.253s] Level 5:colcon.colcon_core.verb:set package 'micro_ros_setup' build argument 'cmake_clean_cache' from command line to 'False'
[0.253s] Level 5:colcon.colcon_core.verb:set package 'micro_ros_setup' build argument 'cmake_clean_first' from command line to 'False'
[0.253s] Level 5:colcon.colcon_core.verb:set package 'micro_ros_setup' build argument 'cmake_force_configure' from command line to 'False'
[0.253s] Level 5:colcon.colcon_core.verb:set package 'micro_ros_setup' build argument 'ament_cmake_args' from command line to 'None'
[0.253s] Level 5:colcon.colcon_core.verb:set package 'micro_ros_setup' build argument 'catkin_cmake_args' from command line to 'None'
[0.253s] Level 5:colcon.colcon_core.verb:set package 'micro_ros_setup' build argument 'catkin_skip_building_tests' from command line to 'False'
[0.253s] DEBUG:colcon.colcon_core.verb:Building package 'micro_ros_setup' with the following arguments: {'ament_cmake_args': None, 'build_base': '/home/manish/microros_ws/src/build/micro_ros_setup', 'catkin_cmake_args': None, 'catkin_skip_building_tests': False, 'cmake_args': None, 'cmake_clean_cache': False, 'cmake_clean_first': False, 'cmake_force_configure': False, 'cmake_target': None, 'cmake_target_skip_unavailable': False, 'install_base': '/home/manish/microros_ws/src/install/micro_ros_setup', 'merge_install': False, 'path': '/home/manish/microros_ws/src/micro_ros_setup', 'symlink_install': False, 'test_result_base': None}
[0.253s] Level 5:colcon.colcon_core.verb:set package 'micro_ros_agent' build argument 'cmake_args' from command line to 'None'
[0.253s] Level 5:colcon.colcon_core.verb:set package 'micro_ros_agent' build argument 'cmake_target' from command line to 'None'
[0.253s] Level 5:colcon.colcon_core.verb:set package 'micro_ros_agent' build argument 'cmake_target_skip_unavailable' from command line to 'False'
[0.253s] Level 5:colcon.colcon_core.verb:set package 'micro_ros_agent' build argument 'cmake_clean_cache' from command line to 'False'
[0.253s] Level 5:colcon.colcon_core.verb:set package 'micro_ros_agent' build argument 'cmake_clean_first' from command line to 'False'
[0.253s] Level 5:colcon.colcon_core.verb:set package 'micro_ros_agent' build argument 'cmake_force_configure' from command line to 'False'
[0.253s] Level 5:colcon.colcon_core.verb:set package 'micro_ros_agent' build argument 'ament_cmake_args' from command line to 'None'
[0.253s] Level 5:colcon.colcon_core.verb:set package 'micro_ros_agent' build argument 'catkin_cmake_args' from command line to 'None'
[0.253s] Level 5:colcon.colcon_core.verb:set package 'micro_ros_agent' build argument 'catkin_skip_building_tests' from command line to 'False'
[0.253s] DEBUG:colcon.colcon_core.verb:Building package 'micro_ros_agent' with the following arguments: {'ament_cmake_args': None, 'build_base': '/home/manish/microros_ws/src/build/micro_ros_agent', 'catkin_cmake_args': None, 'catkin_skip_building_tests': False, 'cmake_args': None, 'cmake_clean_cache': False, 'cmake_clean_first': False, 'cmake_force_configure': False, 'cmake_target': None, 'cmake_target_skip_unavailable': False, 'install_base': '/home/manish/microros_ws/src/install/micro_ros_agent', 'merge_install': False, 'path': '/home/manish/microros_ws/src/uros/micro-ROS-Agent/micro_ros_agent', 'symlink_install': False, 'test_result_base': None}
[0.253s] INFO:colcon.colcon_core.executor:Executing jobs using 'parallel' executor
[0.254s] DEBUG:colcon.colcon_parallel_executor.executor.parallel:run_until_complete
[0.254s] INFO:colcon.colcon_ros.task.ament_cmake.build:Building ROS package in '/home/manish/microros_ws/src/uros/micro_ros_msgs' with build type 'ament_cmake'
[0.255s] INFO:colcon.colcon_cmake.task.cmake.build:Building CMake package in '/home/manish/microros_ws/src/uros/micro_ros_msgs'
[0.256s] INFO:colcon.colcon_core.plugin_system:Skipping extension 'colcon_core.shell.bat': Not used on non-Windows systems
[0.256s] INFO:colcon.colcon_core.shell:Skip shell extension 'powershell' for command environment: Not usable outside of PowerShell
[0.256s] DEBUG:colcon.colcon_core.shell:Skip shell extension 'dsv' for command environment
[0.260s] INFO:colcon.colcon_ros.task.ament_cmake.build:Building ROS package in '/home/manish/microros_ws/src/micro_ros_setup' with build type 'ament_cmake'
[0.260s] INFO:colcon.colcon_cmake.task.cmake.build:Building CMake package in '/home/manish/microros_ws/src/micro_ros_setup'
[0.260s] INFO:colcon.colcon_core.shell:Skip shell extension 'powershell' for command environment: Not usable outside of PowerShell
[0.260s] DEBUG:colcon.colcon_core.shell:Skip shell extension 'dsv' for command environment
[0.268s] DEBUG:colcon.colcon_core.event_handler.log_command:Invoking command in '/home/manish/microros_ws/src/build/micro_ros_msgs': CMAKE_PREFIX_PATH=${CMAKE_PREFIX_PATH}:/home/manish/dev_ws_cpp/install/my_py_pkg:/opt/ros/humble /usr/bin/cmake --build /home/manish/microros_ws/src/build/micro_ros_msgs -- -j12 -l12
[0.271s] DEBUG:colcon.colcon_core.event_handler.log_command:Invoking command in '/home/manish/microros_ws/src/build/micro_ros_setup': CMAKE_PREFIX_PATH=${CMAKE_PREFIX_PATH}:/home/manish/dev_ws_cpp/install/my_py_pkg:/opt/ros/humble /usr/bin/cmake --build /home/manish/microros_ws/src/build/micro_ros_setup -- -j12 -l12
[0.534s] DEBUG:colcon.colcon_core.event_handler.log_command:Invoked command in '/home/manish/microros_ws/src/build/micro_ros_setup' returned '0': CMAKE_PREFIX_PATH=${CMAKE_PREFIX_PATH}:/home/manish/dev_ws_cpp/install/my_py_pkg:/opt/ros/humble /usr/bin/cmake --build /home/manish/microros_ws/src/build/micro_ros_setup -- -j12 -l12
[0.544s] DEBUG:colcon.colcon_core.event_handler.log_command:Invoking command in '/home/manish/microros_ws/src/build/micro_ros_setup': CMAKE_PREFIX_PATH=${CMAKE_PREFIX_PATH}:/home/manish/dev_ws_cpp/install/my_py_pkg:/opt/ros/humble /usr/bin/cmake --install /home/manish/microros_ws/src/build/micro_ros_setup
[0.562s] Level 1:colcon.colcon_core.environment:create_environment_scripts_only(micro_ros_setup)
[0.562s] DEBUG:colcon.colcon_core.event_handler.log_command:Invoked command in '/home/manish/microros_ws/src/build/micro_ros_setup' returned '0': CMAKE_PREFIX_PATH=${CMAKE_PREFIX_PATH}:/home/manish/dev_ws_cpp/install/my_py_pkg:/opt/ros/humble /usr/bin/cmake --install /home/manish/microros_ws/src/build/micro_ros_setup
[0.565s] Level 1:colcon.colcon_core.environment:checking '/home/manish/microros_ws/src/install/micro_ros_setup' for CMake module files
[0.566s] Level 1:colcon.colcon_core.environment:checking '/home/manish/microros_ws/src/install/micro_ros_setup' for CMake config files
[0.567s] Level 1:colcon.colcon_core.shell:create_environment_hook('micro_ros_setup', 'cmake_prefix_path')
[0.567s] INFO:colcon.colcon_core.shell:Creating environment hook '/home/manish/microros_ws/src/install/micro_ros_setup/share/micro_ros_setup/hook/cmake_prefix_path.ps1'
[0.568s] INFO:colcon.colcon_core.shell:Creating environment descriptor '/home/manish/microros_ws/src/install/micro_ros_setup/share/micro_ros_setup/hook/cmake_prefix_path.dsv'
[0.568s] INFO:colcon.colcon_core.shell:Creating environment hook '/home/manish/microros_ws/src/install/micro_ros_setup/share/micro_ros_setup/hook/cmake_prefix_path.sh'
[0.569s] Level 1:colcon.colcon_core.environment:checking '/home/manish/microros_ws/src/install/micro_ros_setup/lib'
[0.569s] Level 1:colcon.colcon_core.environment:checking '/home/manish/microros_ws/src/install/micro_ros_setup/bin'
[0.569s] Level 1:colcon.colcon_core.environment:checking '/home/manish/microros_ws/src/install/micro_ros_setup/lib/pkgconfig/micro_ros_setup.pc'
[0.569s] Level 1:colcon.colcon_core.environment:checking '/home/manish/microros_ws/src/install/micro_ros_setup/lib/python3.10/site-packages'
[0.570s] Level 1:colcon.colcon_core.environment:checking '/home/manish/microros_ws/src/install/micro_ros_setup/bin'
[0.570s] INFO:colcon.colcon_core.shell:Creating package script '/home/manish/microros_ws/src/install/micro_ros_setup/share/micro_ros_setup/package.ps1'
[0.571s] INFO:colcon.colcon_core.shell:Creating package descriptor '/home/manish/microros_ws/src/install/micro_ros_setup/share/micro_ros_setup/package.dsv'
[0.571s] INFO:colcon.colcon_core.shell:Creating package script '/home/manish/microros_ws/src/install/micro_ros_setup/share/micro_ros_setup/package.sh'
[0.572s] INFO:colcon.colcon_core.shell:Creating package script '/home/manish/microros_ws/src/install/micro_ros_setup/share/micro_ros_setup/package.bash'
[0.573s] INFO:colcon.colcon_core.shell:Creating package script '/home/manish/microros_ws/src/install/micro_ros_setup/share/micro_ros_setup/package.zsh'
[0.573s] Level 1:colcon.colcon_core.environment:create_file_with_runtime_dependencies(/home/manish/microros_ws/src/install/micro_ros_setup/share/colcon-core/packages/micro_ros_setup)
[0.574s] Level 1:colcon.colcon_core.environment:create_environment_scripts_only(micro_ros_setup)
[0.574s] Level 1:colcon.colcon_core.environment:checking '/home/manish/microros_ws/src/install/micro_ros_setup' for CMake module files
[0.574s] Level 1:colcon.colcon_core.environment:checking '/home/manish/microros_ws/src/install/micro_ros_setup' for CMake config files
[0.575s] Level 1:colcon.colcon_core.shell:create_environment_hook('micro_ros_setup', 'cmake_prefix_path')
[0.575s] INFO:colcon.colcon_core.shell:Creating environment hook '/home/manish/microros_ws/src/install/micro_ros_setup/share/micro_ros_setup/hook/cmake_prefix_path.ps1'
[0.575s] INFO:colcon.colcon_core.shell:Creating environment descriptor '/home/manish/microros_ws/src/install/micro_ros_setup/share/micro_ros_setup/hook/cmake_prefix_path.dsv'
[0.576s] INFO:colcon.colcon_core.shell:Creating environment hook '/home/manish/microros_ws/src/install/micro_ros_setup/share/micro_ros_setup/hook/cmake_prefix_path.sh'
[0.576s] Level 1:colcon.colcon_core.environment:checking '/home/manish/microros_ws/src/install/micro_ros_setup/lib'
[0.576s] Level 1:colcon.colcon_core.environment:checking '/home/manish/microros_ws/src/install/micro_ros_setup/bin'
[0.576s] Level 1:colcon.colcon_core.environment:checking '/home/manish/microros_ws/src/install/micro_ros_setup/lib/pkgconfig/micro_ros_setup.pc'
[0.576s] Level 1:colcon.colcon_core.environment:checking '/home/manish/microros_ws/src/install/micro_ros_setup/lib/python3.10/site-packages'
[0.577s] Level 1:colcon.colcon_core.environment:checking '/home/manish/microros_ws/src/install/micro_ros_setup/bin'
[0.577s] INFO:colcon.colcon_core.shell:Creating package script '/home/manish/microros_ws/src/install/micro_ros_setup/share/micro_ros_setup/package.ps1'
[0.577s] INFO:colcon.colcon_core.shell:Creating package descriptor '/home/manish/microros_ws/src/install/micro_ros_setup/share/micro_ros_setup/package.dsv'
[0.578s] INFO:colcon.colcon_core.shell:Creating package script '/home/manish/microros_ws/src/install/micro_ros_setup/share/micro_ros_setup/package.sh'
[0.578s] INFO:colcon.colcon_core.shell:Creating package script '/home/manish/microros_ws/src/install/micro_ros_setup/share/micro_ros_setup/package.bash'
[0.578s] INFO:colcon.colcon_core.shell:Creating package script '/home/manish/microros_ws/src/install/micro_ros_setup/share/micro_ros_setup/package.zsh'
[0.578s] Level 1:colcon.colcon_core.environment:create_file_with_runtime_dependencies(/home/manish/microros_ws/src/install/micro_ros_setup/share/colcon-core/packages/micro_ros_setup)
[2.493s] DEBUG:colcon.colcon_core.event_handler.log_command:Invoked command in '/home/manish/microros_ws/src/build/micro_ros_msgs' returned '0': CMAKE_PREFIX_PATH=${CMAKE_PREFIX_PATH}:/home/manish/dev_ws_cpp/install/my_py_pkg:/opt/ros/humble /usr/bin/cmake --build /home/manish/microros_ws/src/build/micro_ros_msgs -- -j12 -l12
[2.495s] DEBUG:colcon.colcon_core.event_handler.log_command:Invoking command in '/home/manish/microros_ws/src/build/micro_ros_msgs': CMAKE_PREFIX_PATH=${CMAKE_PREFIX_PATH}:/home/manish/dev_ws_cpp/install/my_py_pkg:/opt/ros/humble /usr/bin/cmake --install /home/manish/microros_ws/src/build/micro_ros_msgs
[2.549s] Level 1:colcon.colcon_core.environment:create_environment_scripts_only(micro_ros_msgs)
[2.549s] DEBUG:colcon.colcon_core.event_handler.log_command:Invoked command in '/home/manish/microros_ws/src/build/micro_ros_msgs' returned '0': CMAKE_PREFIX_PATH=${CMAKE_PREFIX_PATH}:/home/manish/dev_ws_cpp/install/my_py_pkg:/opt/ros/humble /usr/bin/cmake --install /home/manish/microros_ws/src/build/micro_ros_msgs
[2.549s] Level 1:colcon.colcon_core.environment:checking '/home/manish/microros_ws/src/install/micro_ros_msgs' for CMake module files
[2.550s] Level 1:colcon.colcon_core.environment:checking '/home/manish/microros_ws/src/install/micro_ros_msgs' for CMake config files
[2.551s] Level 1:colcon.colcon_core.shell:create_environment_hook('micro_ros_msgs', 'cmake_prefix_path')
[2.551s] INFO:colcon.colcon_core.shell:Creating environment hook '/home/manish/microros_ws/src/install/micro_ros_msgs/share/micro_ros_msgs/hook/cmake_prefix_path.ps1'
[2.552s] INFO:colcon.colcon_core.shell:Creating environment descriptor '/home/manish/microros_ws/src/install/micro_ros_msgs/share/micro_ros_msgs/hook/cmake_prefix_path.dsv'
[2.552s] INFO:colcon.colcon_core.shell:Creating environment hook '/home/manish/microros_ws/src/install/micro_ros_msgs/share/micro_ros_msgs/hook/cmake_prefix_path.sh'
[2.552s] Level 1:colcon.colcon_core.environment:checking '/home/manish/microros_ws/src/install/micro_ros_msgs/lib'
[2.552s] Level 1:colcon.colcon_core.shell:create_environment_hook('micro_ros_msgs', 'ld_library_path_lib')
[2.552s] INFO:colcon.colcon_core.shell:Creating environment hook '/home/manish/microros_ws/src/install/micro_ros_msgs/share/micro_ros_msgs/hook/ld_library_path_lib.ps1'
[2.553s] INFO:colcon.colcon_core.shell:Creating environment descriptor '/home/manish/microros_ws/src/install/micro_ros_msgs/share/micro_ros_msgs/hook/ld_library_path_lib.dsv'
[2.553s] INFO:colcon.colcon_core.shell:Creating environment hook '/home/manish/microros_ws/src/install/micro_ros_msgs/share/micro_ros_msgs/hook/ld_library_path_lib.sh'
[2.553s] Level 1:colcon.colcon_core.environment:checking '/home/manish/microros_ws/src/install/micro_ros_msgs/bin'
[2.553s] Level 1:colcon.colcon_core.environment:checking '/home/manish/microros_ws/src/install/micro_ros_msgs/lib/pkgconfig/micro_ros_msgs.pc'
[2.554s] Level 1:colcon.colcon_core.environment:checking '/home/manish/microros_ws/src/install/micro_ros_msgs/lib/python3.10/site-packages'
[2.554s] Level 1:colcon.colcon_core.environment:checking '/home/manish/microros_ws/src/install/micro_ros_msgs/bin'
[2.554s] INFO:colcon.colcon_core.shell:Creating package script '/home/manish/microros_ws/src/install/micro_ros_msgs/share/micro_ros_msgs/package.ps1'
[2.554s] INFO:colcon.colcon_core.shell:Creating package descriptor '/home/manish/microros_ws/src/install/micro_ros_msgs/share/micro_ros_msgs/package.dsv'
[2.555s] INFO:colcon.colcon_core.shell:Creating package script '/home/manish/microros_ws/src/install/micro_ros_msgs/share/micro_ros_msgs/package.sh'
[2.555s] INFO:colcon.colcon_core.shell:Creating package script '/home/manish/microros_ws/src/install/micro_ros_msgs/share/micro_ros_msgs/package.bash'
[2.555s] INFO:colcon.colcon_core.shell:Creating package script '/home/manish/microros_ws/src/install/micro_ros_msgs/share/micro_ros_msgs/package.zsh'
[2.555s] Level 1:colcon.colcon_core.environment:create_file_with_runtime_dependencies(/home/manish/microros_ws/src/install/micro_ros_msgs/share/colcon-core/packages/micro_ros_msgs)
[2.556s] Level 1:colcon.colcon_core.environment:create_environment_scripts_only(micro_ros_msgs)
[2.556s] Level 1:colcon.colcon_core.environment:checking '/home/manish/microros_ws/src/install/micro_ros_msgs' for CMake module files
[2.556s] Level 1:colcon.colcon_core.environment:checking '/home/manish/microros_ws/src/install/micro_ros_msgs' for CMake config files
[2.557s] Level 1:colcon.colcon_core.shell:create_environment_hook('micro_ros_msgs', 'cmake_prefix_path')
[2.557s] INFO:colcon.colcon_core.shell:Creating environment hook '/home/manish/microros_ws/src/install/micro_ros_msgs/share/micro_ros_msgs/hook/cmake_prefix_path.ps1'
[2.557s] INFO:colcon.colcon_core.shell:Creating environment descriptor '/home/manish/microros_ws/src/install/micro_ros_msgs/share/micro_ros_msgs/hook/cmake_prefix_path.dsv'
[2.557s] INFO:colcon.colcon_core.shell:Creating environment hook '/home/manish/microros_ws/src/install/micro_ros_msgs/share/micro_ros_msgs/hook/cmake_prefix_path.sh'
[2.558s] Level 1:colcon.colcon_core.environment:checking '/home/manish/microros_ws/src/install/micro_ros_msgs/lib'
[2.558s] Level 1:colcon.colcon_core.shell:create_environment_hook('micro_ros_msgs', 'ld_library_path_lib')
[2.558s] INFO:colcon.colcon_core.shell:Creating environment hook '/home/manish/microros_ws/src/install/micro_ros_msgs/share/micro_ros_msgs/hook/ld_library_path_lib.ps1'
[2.558s] INFO:colcon.colcon_core.shell:Creating environment descriptor '/home/manish/microros_ws/src/install/micro_ros_msgs/share/micro_ros_msgs/hook/ld_library_path_lib.dsv'
[2.559s] INFO:colcon.colcon_core.shell:Creating environment hook '/home/manish/microros_ws/src/install/micro_ros_msgs/share/micro_ros_msgs/hook/ld_library_path_lib.sh'
[2.559s] Level 1:colcon.colcon_core.environment:checking '/home/manish/microros_ws/src/install/micro_ros_msgs/bin'
[2.559s] Level 1:colcon.colcon_core.environment:checking '/home/manish/microros_ws/src/install/micro_ros_msgs/lib/pkgconfig/micro_ros_msgs.pc'
[2.559s] Level 1:colcon.colcon_core.environment:checking '/home/manish/microros_ws/src/install/micro_ros_msgs/lib/python3.10/site-packages'
[2.559s] Level 1:colcon.colcon_core.environment:checking '/home/manish/microros_ws/src/install/micro_ros_msgs/bin'
[2.559s] INFO:colcon.colcon_core.shell:Creating package script '/home/manish/microros_ws/src/install/micro_ros_msgs/share/micro_ros_msgs/package.ps1'
[2.560s] INFO:colcon.colcon_core.shell:Creating package descriptor '/home/manish/microros_ws/src/install/micro_ros_msgs/share/micro_ros_msgs/package.dsv'
[2.560s] INFO:colcon.colcon_core.shell:Creating package script '/home/manish/microros_ws/src/install/micro_ros_msgs/share/micro_ros_msgs/package.sh'
[2.561s] INFO:colcon.colcon_core.shell:Creating package script '/home/manish/microros_ws/src/install/micro_ros_msgs/share/micro_ros_msgs/package.bash'
[2.561s] INFO:colcon.colcon_core.shell:Creating package script '/home/manish/microros_ws/src/install/micro_ros_msgs/share/micro_ros_msgs/package.zsh'
[2.561s] Level 1:colcon.colcon_core.environment:create_file_with_runtime_dependencies(/home/manish/microros_ws/src/install/micro_ros_msgs/share/colcon-core/packages/micro_ros_msgs)
[2.562s] INFO:colcon.colcon_ros.task.ament_cmake.build:Building ROS package in '/home/manish/microros_ws/src/uros/micro-ROS-Agent/micro_ros_agent' with build type 'ament_cmake'
[2.562s] INFO:colcon.colcon_cmake.task.cmake.build:Building CMake package in '/home/manish/microros_ws/src/uros/micro-ROS-Agent/micro_ros_agent'
[2.562s] INFO:colcon.colcon_core.shell:Skip shell extension 'powershell' for command environment: Not usable outside of PowerShell
[2.562s] DEBUG:colcon.colcon_core.shell:Skip shell extension 'dsv' for command environment
[2.572s] DEBUG:colcon.colcon_core.event_handler.log_command:Invoking command in '/home/manish/microros_ws/src/build/micro_ros_agent': AMENT_PREFIX_PATH=/home/manish/microros_ws/src/install/micro_ros_msgs:${AMENT_PREFIX_PATH} CMAKE_PREFIX_PATH=/home/manish/microros_ws/src/install/micro_ros_msgs:/home/manish/dev_ws_cpp/install/my_cpp_pkg:/home/manish/dev_ws_cpp/install/my_py_pkg:/opt/ros/humble LD_LIBRARY_PATH=/home/manish/microros_ws/src/install/micro_ros_msgs/lib:${LD_LIBRARY_PATH} PYTHONPATH=/home/manish/microros_ws/src/install/micro_ros_msgs/local/lib/python3.10/dist-packages:${PYTHONPATH} /usr/bin/cmake --build /home/manish/microros_ws/src/build/micro_ros_agent -- -j12 -l12
[6.490s] DEBUG:colcon.colcon_core.event_handler.log_command:Invoked command in '/home/manish/microros_ws/src/build/micro_ros_agent' returned '0': AMENT_PREFIX_PATH=/home/manish/microros_ws/src/install/micro_ros_msgs:${AMENT_PREFIX_PATH} CMAKE_PREFIX_PATH=/home/manish/microros_ws/src/install/micro_ros_msgs:/home/manish/dev_ws_cpp/install/my_cpp_pkg:/home/manish/dev_ws_cpp/install/my_py_pkg:/opt/ros/humble LD_LIBRARY_PATH=/home/manish/microros_ws/src/install/micro_ros_msgs/lib:${LD_LIBRARY_PATH} PYTHONPATH=/home/manish/microros_ws/src/install/micro_ros_msgs/local/lib/python3.10/dist-packages:${PYTHONPATH} /usr/bin/cmake --build /home/manish/microros_ws/src/build/micro_ros_agent -- -j12 -l12
[6.491s] DEBUG:colcon.colcon_core.event_handler.log_command:Invoking command in '/home/manish/microros_ws/src/build/micro_ros_agent': AMENT_PREFIX_PATH=/home/manish/microros_ws/src/install/micro_ros_msgs:${AMENT_PREFIX_PATH} CMAKE_PREFIX_PATH=/home/manish/microros_ws/src/install/micro_ros_msgs:/home/manish/dev_ws_cpp/install/my_cpp_pkg:/home/manish/dev_ws_cpp/install/my_py_pkg:/opt/ros/humble LD_LIBRARY_PATH=/home/manish/microros_ws/src/install/micro_ros_msgs/lib:${LD_LIBRARY_PATH} PYTHONPATH=/home/manish/microros_ws/src/install/micro_ros_msgs/local/lib/python3.10/dist-packages:${PYTHONPATH} /usr/bin/cmake --install /home/manish/microros_ws/src/build/micro_ros_agent
[6.504s] Level 1:colcon.colcon_core.environment:create_environment_scripts_only(micro_ros_agent)
[6.504s] DEBUG:colcon.colcon_core.event_handler.log_command:Invoked command in '/home/manish/microros_ws/src/build/micro_ros_agent' returned '0': AMENT_PREFIX_PATH=/home/manish/microros_ws/src/install/micro_ros_msgs:${AMENT_PREFIX_PATH} CMAKE_PREFIX_PATH=/home/manish/microros_ws/src/install/micro_ros_msgs:/home/manish/dev_ws_cpp/install/my_cpp_pkg:/home/manish/dev_ws_cpp/install/my_py_pkg:/opt/ros/humble LD_LIBRARY_PATH=/home/manish/microros_ws/src/install/micro_ros_msgs/lib:${LD_LIBRARY_PATH} PYTHONPATH=/home/manish/microros_ws/src/install/micro_ros_msgs/local/lib/python3.10/dist-packages:${PYTHONPATH} /usr/bin/cmake --install /home/manish/microros_ws/src/build/micro_ros_agent
[6.504s] Level 1:colcon.colcon_core.environment:checking '/home/manish/microros_ws/src/install/micro_ros_agent' for CMake module files
[6.505s] Level 1:colcon.colcon_core.environment:checking '/home/manish/microros_ws/src/install/micro_ros_agent' for CMake config files
[6.508s] Level 1:colcon.colcon_core.shell:create_environment_hook('micro_ros_agent', 'cmake_prefix_path')
[6.508s] INFO:colcon.colcon_core.shell:Creating environment hook '/home/manish/microros_ws/src/install/micro_ros_agent/share/micro_ros_agent/hook/cmake_prefix_path.ps1'
[6.509s] INFO:colcon.colcon_core.shell:Creating environment descriptor '/home/manish/microros_ws/src/install/micro_ros_agent/share/micro_ros_agent/hook/cmake_prefix_path.dsv'
[6.509s] INFO:colcon.colcon_core.shell:Creating environment hook '/home/manish/microros_ws/src/install/micro_ros_agent/share/micro_ros_agent/hook/cmake_prefix_path.sh'
[6.510s] Level 1:colcon.colcon_core.environment:checking '/home/manish/microros_ws/src/install/micro_ros_agent/lib'
[6.510s] Level 1:colcon.colcon_core.shell:create_environment_hook('micro_ros_agent', 'ld_library_path_lib')
[6.510s] INFO:colcon.colcon_core.shell:Creating environment hook '/home/manish/microros_ws/src/install/micro_ros_agent/share/micro_ros_agent/hook/ld_library_path_lib.ps1'
[6.511s] INFO:colcon.colcon_core.shell:Creating environment descriptor '/home/manish/microros_ws/src/install/micro_ros_agent/share/micro_ros_agent/hook/ld_library_path_lib.dsv'
[6.511s] INFO:colcon.colcon_core.shell:Creating environment hook '/home/manish/microros_ws/src/install/micro_ros_agent/share/micro_ros_agent/hook/ld_library_path_lib.sh'
[6.511s] Level 1:colcon.colcon_core.environment:checking '/home/manish/microros_ws/src/install/micro_ros_agent/bin'
[6.511s] Level 1:colcon.colcon_core.environment:checking '/home/manish/microros_ws/src/install/micro_ros_agent/lib/pkgconfig/micro_ros_agent.pc'
[6.511s] Level 1:colcon.colcon_core.environment:checking '/home/manish/microros_ws/src/install/micro_ros_agent/lib/python3.10/site-packages'
[6.512s] Level 1:colcon.colcon_core.environment:checking '/home/manish/microros_ws/src/install/micro_ros_agent/bin'
[6.512s] INFO:colcon.colcon_core.shell:Creating package script '/home/manish/microros_ws/src/install/micro_ros_agent/share/micro_ros_agent/package.ps1'
[6.512s] INFO:colcon.colcon_core.shell:Creating package descriptor '/home/manish/microros_ws/src/install/micro_ros_agent/share/micro_ros_agent/package.dsv'
[6.513s] INFO:colcon.colcon_core.shell:Creating package script '/home/manish/microros_ws/src/install/micro_ros_agent/share/micro_ros_agent/package.sh'
[6.513s] INFO:colcon.colcon_core.shell:Creating package script '/home/manish/microros_ws/src/install/micro_ros_agent/share/micro_ros_agent/package.bash'
[6.513s] INFO:colcon.colcon_core.shell:Creating package script '/home/manish/microros_ws/src/install/micro_ros_agent/share/micro_ros_agent/package.zsh'
[6.513s] Level 1:colcon.colcon_core.environment:create_file_with_runtime_dependencies(/home/manish/microros_ws/src/install/micro_ros_agent/share/colcon-core/packages/micro_ros_agent)
[6.514s] Level 1:colcon.colcon_core.environment:create_environment_scripts_only(micro_ros_agent)
[6.514s] Level 1:colcon.colcon_core.environment:checking '/home/manish/microros_ws/src/install/micro_ros_agent' for CMake module files
[6.514s] Level 1:colcon.colcon_core.environment:checking '/home/manish/microros_ws/src/install/micro_ros_agent' for CMake config files
[6.515s] Level 1:colcon.colcon_core.shell:create_environment_hook('micro_ros_agent', 'cmake_prefix_path')
[6.515s] INFO:colcon.colcon_core.shell:Creating environment hook '/home/manish/microros_ws/src/install/micro_ros_agent/share/micro_ros_agent/hook/cmake_prefix_path.ps1'
[6.515s] INFO:colcon.colcon_core.shell:Creating environment descriptor '/home/manish/microros_ws/src/install/micro_ros_agent/share/micro_ros_agent/hook/cmake_prefix_path.dsv'
[6.515s] INFO:colcon.colcon_core.shell:Creating environment hook '/home/manish/microros_ws/src/install/micro_ros_agent/share/micro_ros_agent/hook/cmake_prefix_path.sh'
[6.516s] Level 1:colcon.colcon_core.environment:checking '/home/manish/microros_ws/src/install/micro_ros_agent/lib'
[6.516s] Level 1:colcon.colcon_core.shell:create_environment_hook('micro_ros_agent', 'ld_library_path_lib')
[6.516s] INFO:colcon.colcon_core.shell:Creating environment hook '/home/manish/microros_ws/src/install/micro_ros_agent/share/micro_ros_agent/hook/ld_library_path_lib.ps1'
[6.516s] INFO:colcon.colcon_core.shell:Creating environment descriptor '/home/manish/microros_ws/src/install/micro_ros_agent/share/micro_ros_agent/hook/ld_library_path_lib.dsv'
[6.516s] INFO:colcon.colcon_core.shell:Creating environment hook '/home/manish/microros_ws/src/install/micro_ros_agent/share/micro_ros_agent/hook/ld_library_path_lib.sh'
[6.517s] Level 1:colcon.colcon_core.environment:checking '/home/manish/microros_ws/src/install/micro_ros_agent/bin'
[6.517s] Level 1:colcon.colcon_core.environment:checking '/home/manish/microros_ws/src/install/micro_ros_agent/lib/pkgconfig/micro_ros_agent.pc'
[6.517s] Level 1:colcon.colcon_core.environment:checking '/home/manish/microros_ws/src/install/micro_ros_agent/lib/python3.10/site-packages'
[6.517s] Level 1:colcon.colcon_core.environment:checking '/home/manish/microros_ws/src/install/micro_ros_agent/bin'
[6.517s] INFO:colcon.colcon_core.shell:Creating package script '/home/manish/microros_ws/src/install/micro_ros_agent/share/micro_ros_agent/package.ps1'
[6.518s] INFO:colcon.colcon_core.shell:Creating package descriptor '/home/manish/microros_ws/src/install/micro_ros_agent/share/micro_ros_agent/package.dsv'
[6.518s] INFO:colcon.colcon_core.shell:Creating package script '/home/manish/microros_ws/src/install/micro_ros_agent/share/micro_ros_agent/package.sh'
[6.518s] INFO:colcon.colcon_core.shell:Creating package script '/home/manish/microros_ws/src/install/micro_ros_agent/share/micro_ros_agent/package.bash'
[6.519s] INFO:colcon.colcon_core.shell:Creating package script '/home/manish/microros_ws/src/install/micro_ros_agent/share/micro_ros_agent/package.zsh'
[6.519s] Level 1:colcon.colcon_core.environment:create_file_with_runtime_dependencies(/home/manish/microros_ws/src/install/micro_ros_agent/share/colcon-core/packages/micro_ros_agent)
[6.519s] DEBUG:colcon.colcon_parallel_executor.executor.parallel:closing loop
[6.519s] DEBUG:colcon.colcon_parallel_executor.executor.parallel:loop closed
[6.519s] DEBUG:colcon.colcon_parallel_executor.executor.parallel:run_until_complete finished with '0'
[6.519s] DEBUG:colcon.colcon_core.event_reactor:joining thread
[6.524s] INFO:colcon.colcon_core.plugin_system:Skipping extension 'colcon_notification.desktop_notification.terminal_notifier': Not used on non-Darwin systems
[6.524s] INFO:colcon.colcon_core.plugin_system:Skipping extension 'colcon_notification.desktop_notification.win32': Not used on non-Windows systems
[6.524s] INFO:colcon.colcon_notification.desktop_notification:Sending desktop notification using 'notify2'
[6.534s] DEBUG:colcon.colcon_core.event_reactor:joined thread
[6.535s] INFO:colcon.colcon_core.shell:Creating prefix script '/home/manish/microros_ws/src/install/local_setup.ps1'
[6.536s] INFO:colcon.colcon_core.shell:Creating prefix util module '/home/manish/microros_ws/src/install/_local_setup_util_ps1.py'
[6.538s] INFO:colcon.colcon_core.shell:Creating prefix chain script '/home/manish/microros_ws/src/install/setup.ps1'
[6.539s] INFO:colcon.colcon_core.shell:Creating prefix script '/home/manish/microros_ws/src/install/local_setup.sh'
[6.539s] INFO:colcon.colcon_core.shell:Creating prefix util module '/home/manish/microros_ws/src/install/_local_setup_util_sh.py'
[6.540s] INFO:colcon.colcon_core.shell:Creating prefix chain script '/home/manish/microros_ws/src/install/setup.sh'
[6.540s] INFO:colcon.colcon_core.shell:Creating prefix script '/home/manish/microros_ws/src/install/local_setup.bash'
[6.541s] INFO:colcon.colcon_core.shell:Creating prefix chain script '/home/manish/microros_ws/src/install/setup.bash'
[6.542s] INFO:colcon.colcon_core.shell:Creating prefix script '/home/manish/microros_ws/src/install/local_setup.zsh'
[6.543s] INFO:colcon.colcon_core.shell:Creating prefix chain script '/home/manish/microros_ws/src/install/setup.zsh'
